#
# There is insufficient memory for the Java Runtime Environment to continue.
# Native memory allocation (malloc) failed to allocate 2097152 bytes for AllocateHeap
# Possible reasons:
#   The system is out of physical RAM or swap space
#   The process is running with CompressedOops enabled, and the Java Heap may be blocking the growth of the native heap
# Possible solutions:
#   Reduce memory load on the system
#   Increase physical memory or swap space
#   Check if swap backing store is full
#   Decrease Java heap size (-Xmx/-Xms)
#   Decrease number of Java threads
#   Decrease Java thread stack sizes (-Xss)
#   Set larger code cache with -XX:ReservedCodeCacheSize=
#   JVM is running with Zero Based Compressed Oops mode in which the Java heap is
#     placed in the first 32GB address space. The Java Heap base address is the
#     maximum limit for the native heap growth. Please use -XX:HeapBaseMinAddress
#     to set the Java Heap base and to place the Java Heap above 32GB virtual address.
# This output file may be truncated or incomplete.
#
#  Out of Memory Error (allocation.cpp:44), pid=12876, tid=5764
#
# JRE version: OpenJDK Runtime Environment Temurin-17.0.2+8 (17.0.2+8) (build 17.0.2+8)
# Java VM: OpenJDK 64-Bit Server VM Temurin-17.0.2+8 (17.0.2+8, mixed mode, emulated-client, tiered, compressed oops, compressed class ptrs, g1 gc, windows-amd64)
# No core dump will be written. Minidumps are not enabled by default on client versions of Windows
#

---------------  S U M M A R Y ------------

Command Line: -Dsts.lsp.client=vscode -Dsts.log.file=/dev/null -XX:TieredStopAtLevel=1 -Dspring.config.location=file:c:\Users\Pilar\.vscode\extensions\pivotal.vscode-spring-boot-1.33.0\language-server\BOOT-INF\classes\application.properties org.springframework.ide.vscode.boot.app.BootLanguageServerBootApp

Host: Intel(R) Core(TM) i7-4702MQ CPU @ 2.20GHz, 8 cores, 15G,  Windows 10 , 64 bit Build 19041 (10.0.19041.1645)
Time: Mon May  9 18:47:28 2022 Hora de verano romance elapsed time: 1704.688557 seconds (0d 0h 28m 24s)

---------------  T H R E A D  ---------------

Current thread (0x0000023d9b482b20):  VMThread "VM Thread" [stack: 0x00000047c4000000,0x00000047c4100000] [id=5764]

Stack: [0x00000047c4000000,0x00000047c4100000]
Native frames: (J=compiled Java code, j=interpreted, Vv=VM code, C=native code)
V  [jvm.dll+0x67564a]
V  [jvm.dll+0x82fc04]
V  [jvm.dll+0x8313ae]
V  [jvm.dll+0x831a13]
V  [jvm.dll+0x245235]
V  [jvm.dll+0xa6393]
V  [jvm.dll+0x2f52c1]
V  [jvm.dll+0x2f0f70]
V  [jvm.dll+0x2d96c7]
V  [jvm.dll+0x31c6b7]
V  [jvm.dll+0x835ebb]
V  [jvm.dll+0x836bf4]
V  [jvm.dll+0x83710c]
V  [jvm.dll+0x8374e4]
V  [jvm.dll+0x8375b0]
V  [jvm.dll+0x7dff2a]
V  [jvm.dll+0x6744d5]
C  [ucrtbase.dll+0x21bb2]
C  [KERNEL32.DLL+0x17034]
C  [ntdll.dll+0x52651]

VM_Operation (0x00000047c57ff190): G1CollectFull, mode: safepoint, requested by thread 0x0000023d9e75d050


---------------  P R O C E S S  ---------------

Threads class SMR info:
_java_thread_list=0x0000023d9e7a1af0, length=19, elements={
0x0000023d9b4b99c0, 0x0000023d9b4bb550, 0x0000023d9c04a150, 0x0000023d9c04aa10,
0x0000023d9c04b3c0, 0x0000023d9c04bd70, 0x0000023d9c04fc20, 0x0000023d9c058620,
0x0000023d9c1a9550, 0x0000023d9c1b3fd0, 0x0000023d9e75d050, 0x0000023d9e7e8830,
0x0000023d874a4490, 0x0000023d9e82d170, 0x0000023d9e885d30, 0x0000023d9e88bbb0,
0x0000023d9e8a91a0, 0x0000023d9e921770, 0x0000023d9e9242c0
}

Java Threads: ( => current thread )
  0x0000023d9b4b99c0 JavaThread "Reference Handler" daemon [_thread_blocked, id=7492, stack(0x00000047c4100000,0x00000047c4200000)]
  0x0000023d9b4bb550 JavaThread "Finalizer" daemon [_thread_blocked, id=13092, stack(0x00000047c4200000,0x00000047c4300000)]
  0x0000023d9c04a150 JavaThread "Signal Dispatcher" daemon [_thread_blocked, id=9656, stack(0x00000047c4300000,0x00000047c4400000)]
  0x0000023d9c04aa10 JavaThread "Attach Listener" daemon [_thread_blocked, id=2224, stack(0x00000047c4400000,0x00000047c4500000)]
  0x0000023d9c04b3c0 JavaThread "Service Thread" daemon [_thread_blocked, id=18384, stack(0x00000047c4500000,0x00000047c4600000)]
  0x0000023d9c04bd70 JavaThread "Monitor Deflation Thread" daemon [_thread_blocked, id=4744, stack(0x00000047c4600000,0x00000047c4700000)]
  0x0000023d9c04fc20 JavaThread "C1 CompilerThread0" daemon [_thread_blocked, id=19848, stack(0x00000047c4700000,0x00000047c4800000)]
  0x0000023d9c058620 JavaThread "Sweeper thread" daemon [_thread_blocked, id=14756, stack(0x00000047c4800000,0x00000047c4900000)]
  0x0000023d9c1a9550 JavaThread "Notification Thread" daemon [_thread_blocked, id=15516, stack(0x00000047c4b00000,0x00000047c4c00000)]
  0x0000023d9c1b3fd0 JavaThread "Common-Cleaner" daemon [_thread_blocked, id=2272, stack(0x00000047c4e00000,0x00000047c4f00000)]
  0x0000023d9e75d050 JavaThread "pool-7-thread-1" [_thread_blocked, id=7564, stack(0x00000047c5700000,0x00000047c5800000)]
  0x0000023d9e7e8830 JavaThread "LanguageServerApp-lifecycle" [_thread_blocked, id=22200, stack(0x00000047c5800000,0x00000047c5900000)]
  0x0000023d874a4490 JavaThread "DestroyJavaVM" [_thread_blocked, id=20804, stack(0x00000047c3a00000,0x00000047c3b00000)]
  0x0000023d9e82d170 JavaThread "pool-8-thread-1" [_thread_in_native, id=3588, stack(0x00000047c5900000,0x00000047c5a00000)]
  0x0000023d9e885d30 JavaThread "Simple-Language-Server main thread" daemon [_thread_blocked, id=9716, stack(0x00000047c5a00000,0x00000047c5b00000)]
  0x0000023d9e88bbb0 JavaThread "pool-5-thread-1" [_thread_blocked, id=17820, stack(0x00000047c5b00000,0x00000047c5c00000)]
  0x0000023d9e8a91a0 JavaThread "Reconciler-1" [_thread_blocked, id=9224, stack(0x00000047c5c00000,0x00000047c5d00000)]
  0x0000023d9e921770 JavaThread "parallel-1" daemon [_thread_blocked, id=9880, stack(0x00000047c5d00000,0x00000047c5e00000)]
  0x0000023d9e9242c0 JavaThread "pool-3-thread-1" [_thread_blocked, id=20896, stack(0x00000047c6000000,0x00000047c6100000)]

Other Threads:
=>0x0000023d9b482b20 VMThread "VM Thread" [stack: 0x00000047c4000000,0x00000047c4100000] [id=5764]
  0x0000023d8751e610 WatcherThread [stack: 0x00000047c4c00000,0x00000047c4d00000] [id=6864]
  0x0000023d874f6b70 GCTaskThread "GC Thread#0" [stack: 0x00000047c3b00000,0x00000047c3c00000] [id=20228]
  0x0000023d9c98a3f0 GCTaskThread "GC Thread#1" [stack: 0x00000047c4f00000,0x00000047c5000000] [id=11372]
  0x0000023d9c98f6b0 GCTaskThread "GC Thread#2" [stack: 0x00000047c5000000,0x00000047c5100000] [id=20672]
  0x0000023d9c9ad470 GCTaskThread "GC Thread#3" [stack: 0x00000047c5100000,0x00000047c5200000] [id=16252]
  0x0000023d9c9ad720 GCTaskThread "GC Thread#4" [stack: 0x00000047c5200000,0x00000047c5300000] [id=22208]
  0x0000023d9c9ad9d0 GCTaskThread "GC Thread#5" [stack: 0x00000047c5300000,0x00000047c5400000] [id=7228]
  0x0000023d9c9f60b0 GCTaskThread "GC Thread#6" [stack: 0x00000047c5400000,0x00000047c5500000] [id=19028]
  0x0000023d9cbfe770 GCTaskThread "GC Thread#7" [stack: 0x00000047c5500000,0x00000047c5600000] [id=20580]
  0x0000023d875078b0 ConcurrentGCThread "G1 Main Marker" [stack: 0x00000047c3c00000,0x00000047c3d00000] [id=17432]
  0x0000023d87508960 ConcurrentGCThread "G1 Conc#0" [stack: 0x00000047c3d00000,0x00000047c3e00000] [id=19040]
  0x0000023d9e448ee0 ConcurrentGCThread "G1 Conc#1" [stack: 0x00000047c5600000,0x00000047c5700000] [id=5748]
  0x0000023d8757e8a0 ConcurrentGCThread "G1 Refine#0" [stack: 0x00000047c3e00000,0x00000047c3f00000] [id=5928]
  0x0000023d9b322710 ConcurrentGCThread "G1 Service" [stack: 0x00000047c3f00000,0x00000047c4000000] [id=10568]

Threads with active compile tasks:

VM state: at safepoint (normal execution)

VM Mutex/Monitor currently owned by a thread:  ([mutex/lock_event])
[0x0000023d872da3d0] Threads_lock - owner thread: 0x0000023d9b482b20
[0x0000023d874a1240] Heap_lock - owner thread: 0x0000023d9e75d050

Heap address: 0x0000000701000000, size: 4080 MB, Compressed Oops mode: Zero based, Oop shift amount: 3

CDS archive(s) not mapped
Compressed class space mapped at: 0x0000000800000000-0x0000000840000000, reserved size: 1073741824
Narrow klass base: 0x0000000800000000, Narrow klass shift: 0, Narrow klass range: 0x40000000

GC Precious Log:
 CPUs: 8 total, 8 available
 Memory: 16316M
 Large Page Support: Disabled
 NUMA Support: Disabled
 Compressed Oops: Enabled (Zero based)
 Heap Region Size: 2M
 Heap Min Capacity: 8M
 Heap Initial Capacity: 256M
 Heap Max Capacity: 4080M
 Pre-touch: Disabled
 Parallel Workers: 8
 Concurrent Workers: 2
 Concurrent Refinement Workers: 8
 Periodic GC: Disabled

Heap:
 garbage-first heap   total 69632K, used 21313K [0x0000000701000000, 0x0000000800000000)
  region size 2048K, 1 young (2048K), 0 survivors (0K)
 Metaspace       used 39493K, committed 39872K, reserved 1089536K
  class space    used 5003K, committed 5184K, reserved 1048576K

Heap Regions: E=young(eden), S=young(survivor), O=old, HS=humongous(starts), HC=humongous(continues), CS=collection set, F=free, OA=open archive, CA=closed archive, TAMS=top-at-mark-start (previous, next)
|   0|0x0000000701000000, 0x00000007011ffff8, 0x0000000701200000| 99%| O|  |TAMS 0x00000007011ffff8, 0x0000000701000000| Untracked 
|   1|0x0000000701200000, 0x0000000701400000, 0x0000000701400000|100%| O|  |TAMS 0x0000000701400000, 0x0000000701200000| Untracked 
|   2|0x0000000701400000, 0x00000007015fffd0, 0x0000000701600000| 99%| O|  |TAMS 0x00000007015fffd0, 0x0000000701400000| Untracked 
|   3|0x0000000701600000, 0x00000007017fd980, 0x0000000701800000| 99%| O|  |TAMS 0x00000007017fd980, 0x0000000701600000| Untracked 
|   4|0x0000000701800000, 0x00000007019ffff8, 0x0000000701a00000| 99%| O|  |TAMS 0x00000007019ffff8, 0x0000000701800000| Untracked 
|   5|0x0000000701a00000, 0x0000000701bffff0, 0x0000000701c00000| 99%| O|  |TAMS 0x0000000701bffff0, 0x0000000701a00000| Untracked 
|   6|0x0000000701c00000, 0x0000000701dfffd0, 0x0000000701e00000| 99%| O|  |TAMS 0x0000000701dfffd0, 0x0000000701c00000| Untracked 
|   7|0x0000000701e00000, 0x0000000702000000, 0x0000000702000000|100%| O|  |TAMS 0x0000000702000000, 0x0000000701e00000| Untracked 
|   8|0x0000000702000000, 0x00000007021ffeb0, 0x0000000702200000| 99%| O|  |TAMS 0x00000007021ffeb0, 0x0000000702000000| Untracked 
|   9|0x0000000702200000, 0x00000007023ffff0, 0x0000000702400000| 99%| O|  |TAMS 0x00000007023ffff0, 0x0000000702200000| Untracked 
|  10|0x0000000702400000, 0x00000007024d0ac8, 0x0000000702600000| 40%| O|  |TAMS 0x0000000702400000, 0x0000000702400000| Untracked 
|  11|0x0000000702600000, 0x0000000702602278, 0x0000000702800000|  0%| O|  |TAMS 0x0000000702600000, 0x0000000702600000| Untracked 
|  12|0x0000000702800000, 0x0000000702800000, 0x0000000702a00000|  0%| F|  |TAMS 0x0000000702800000, 0x0000000702800000| Untracked 
|  13|0x0000000702a00000, 0x0000000702a00000, 0x0000000702c00000|  0%| F|  |TAMS 0x0000000702a00000, 0x0000000702a00000| Untracked 
|  14|0x0000000702c00000, 0x0000000702c00000, 0x0000000702e00000|  0%| F|  |TAMS 0x0000000702c00000, 0x0000000702c00000| Untracked 
|  15|0x0000000702e00000, 0x0000000702e00000, 0x0000000703000000|  0%| F|  |TAMS 0x0000000702e00000, 0x0000000702e00000| Untracked 
|  16|0x0000000703000000, 0x0000000703000000, 0x0000000703200000|  0%| F|  |TAMS 0x0000000703000000, 0x0000000703000000| Untracked 
|  17|0x0000000703200000, 0x0000000703200000, 0x0000000703400000|  0%| F|  |TAMS 0x0000000703200000, 0x0000000703200000| Untracked 
|  18|0x0000000703400000, 0x0000000703400000, 0x0000000703600000|  0%| F|  |TAMS 0x0000000703400000, 0x0000000703400000| Untracked 
|  19|0x0000000703600000, 0x0000000703600000, 0x0000000703800000|  0%| F|  |TAMS 0x0000000703600000, 0x0000000703600000| Untracked 
|  20|0x0000000703800000, 0x0000000703800000, 0x0000000703a00000|  0%| F|  |TAMS 0x0000000703800000, 0x0000000703800000| Untracked 
|  21|0x0000000703a00000, 0x0000000703a00000, 0x0000000703c00000|  0%| F|  |TAMS 0x0000000703a00000, 0x0000000703a00000| Untracked 
|  22|0x0000000703c00000, 0x0000000703c00000, 0x0000000703e00000|  0%| F|  |TAMS 0x0000000703c00000, 0x0000000703c00000| Untracked 
|  23|0x0000000703e00000, 0x0000000703e00000, 0x0000000704000000|  0%| F|  |TAMS 0x0000000703e00000, 0x0000000703e00000| Untracked 
|  24|0x0000000704000000, 0x0000000704000000, 0x0000000704200000|  0%| F|  |TAMS 0x0000000704000000, 0x0000000704000000| Untracked 
|  25|0x0000000704200000, 0x0000000704200000, 0x0000000704400000|  0%| F|  |TAMS 0x0000000704200000, 0x0000000704200000| Untracked 
|  26|0x0000000704400000, 0x0000000704400000, 0x0000000704600000|  0%| F|  |TAMS 0x0000000704400000, 0x0000000704400000| Untracked 
|  27|0x0000000704600000, 0x0000000704600000, 0x0000000704800000|  0%| F|  |TAMS 0x0000000704600000, 0x0000000704600000| Untracked 
|  28|0x0000000704800000, 0x0000000704800000, 0x0000000704a00000|  0%| F|  |TAMS 0x0000000704800000, 0x0000000704800000| Untracked 
|  29|0x0000000704a00000, 0x0000000704a00000, 0x0000000704c00000|  0%| F|  |TAMS 0x0000000704a00000, 0x0000000704a00000| Untracked 
|  30|0x0000000704c00000, 0x0000000704c00000, 0x0000000704e00000|  0%| F|  |TAMS 0x0000000704c00000, 0x0000000704c00000| Untracked 
|  31|0x0000000704e00000, 0x0000000704e00000, 0x0000000705000000|  0%| F|  |TAMS 0x0000000704e00000, 0x0000000704e00000| Untracked 
|  32|0x0000000705000000, 0x0000000705000000, 0x0000000705200000|  0%| F|  |TAMS 0x0000000705000000, 0x0000000705000000| Untracked 
|  33|0x0000000705200000, 0x0000000705223d00, 0x0000000705400000|  6%| E|  |TAMS 0x0000000705200000, 0x0000000705200000| Complete 

Card table byte_map: [0x0000023d8fa10000,0x0000023d90210000] _byte_map_base: 0x0000023d8c208000

Marking Bits (Prev, Next): (CMBitMap*) 0x0000023d874f7080, (CMBitMap*) 0x0000023d874f70c0
 Prev Bits: [0x0000023d90a10000, 0x0000023d949d0000)
 Next Bits: [0x0000023d949d0000, 0x0000023d98990000)

Polling page: 0x0000023d87580000

Metaspace:

Usage:
  Non-class:     33.68 MB used.
      Class:      4.89 MB used.
       Both:     38.57 MB used.

Virtual space:
  Non-class space:       40.00 MB reserved,      33.88 MB ( 85%) committed,  5 nodes.
      Class space:        1.00 GB reserved,       5.06 MB ( <1%) committed,  1 nodes.
             Both:        1.04 GB reserved,      38.94 MB (  4%) committed. 

Chunk freelists:
   Non-Class:  1.85 MB
       Class:  2.93 MB
        Both:  4.78 MB

MaxMetaspaceSize: unlimited
CompressedClassSpaceSize: 1.00 GB
Initial GC threshold: 21.00 MB
Current GC threshold: 64.81 MB
CDS: off
MetaspaceReclaimPolicy: balanced
 - commit_granule_bytes: 65536.
 - commit_granule_words: 8192.
 - virtual_space_node_default_size: 1048576.
 - enlarge_chunks_in_place: 1.
 - new_chunks_are_fully_committed: 0.
 - uncommit_free_chunks: 1.
 - use_allocation_guard: 0.
 - handle_deallocations: 1.


Internal statistics:

num_allocs_failed_limit: 6.
num_arena_births: 438.
num_arena_deaths: 140.
num_vsnodes_births: 6.
num_vsnodes_deaths: 0.
num_space_committed: 623.
num_space_uncommitted: 0.
num_chunks_returned_to_freelist: 165.
num_chunks_taken_from_freelist: 1672.
num_chunk_merges: 46.
num_chunk_splits: 1084.
num_chunks_enlarged: 824.
num_purges: 10.
num_inconsistent_stats: 0.

CodeCache: size=49152Kb used=15206Kb max_used=15814Kb free=33945Kb
 bounds [0x0000023d8b920000, 0x0000023d8c8f0000, 0x0000023d8e920000]
 total_blobs=7854 nmethods=7300 adapters=479
 compilation: enabled
              stopped_count=0, restarted_count=0
 full_count=0

Compilation events (20 events):
Event: 1581.997 Thread 0x0000023d9c04fc20 7293       1       org.springframework.ide.vscode.commons.util.CollectorUtil$2$$Lambda$458/0x00000008003e9ea8::accept (9 bytes)
Event: 1581.998 Thread 0x0000023d9c04fc20 nmethod 7293 0x0000023d8c824110 code [0x0000023d8c8242c0, 0x0000023d8c824548]
Event: 1581.998 Thread 0x0000023d9c04fc20 7294       1       org.springframework.ide.vscode.commons.util.CollectorUtil$2::lambda$accumulator$0 (7 bytes)
Event: 1581.998 Thread 0x0000023d9c04fc20 nmethod 7294 0x0000023d8c823b90 code [0x0000023d8c823d40, 0x0000023d8c823f68]
Event: 1581.998 Thread 0x0000023d9c04fc20 7295       1       org.springframework.ide.vscode.boot.java.annotations.AnnotationHierarchyAwareLookup$$Lambda$595/0x00000008004d0200::accept (9 bytes)
Event: 1581.998 Thread 0x0000023d9c04fc20 nmethod 7295 0x0000023d8c823810 code [0x0000023d8c8239a0, 0x0000023d8c823a88]
Event: 1581.998 Thread 0x0000023d9c04fc20 7296       1       org.springframework.ide.vscode.boot.java.handlers.AbstractSymbolProvider::addSymbols (54 bytes)
Event: 1581.998 Thread 0x0000023d9c04fc20 nmethod 7296 0x0000023d8c823410 code [0x0000023d8c8235c0, 0x0000023d8c823728]
Event: 1582.006 Thread 0x0000023d9c04fc20 7297       1       org.springframework.ide.vscode.boot.java.utils.SymbolCacheOnDisc$$Lambda$640/0x0000000800509f28::test (12 bytes)
Event: 1582.006 Thread 0x0000023d9c04fc20 nmethod 7297 0x0000023d8c823010 code [0x0000023d8c8231a0, 0x0000023d8c8232e8]
Event: 1582.006 Thread 0x0000023d9c04fc20 7298       1       org.springframework.ide.vscode.boot.java.utils.SymbolCacheOnDisc::lambda$update$9 (17 bytes)
Event: 1582.006 Thread 0x0000023d9c04fc20 nmethod 7298 0x0000023d8c822c90 code [0x0000023d8c822e20, 0x0000023d8c822f08]
Event: 1582.024 Thread 0x0000023d9c04fc20 7299       1       org.eclipse.jdt.internal.compiler.util.HashtableOfObject::<init> (7 bytes)
Event: 1582.024 Thread 0x0000023d9c04fc20 nmethod 7299 0x0000023d8c822990 code [0x0000023d8c822b20, 0x0000023d8c822c08]
Event: 1582.233 Thread 0x0000023d9c04fc20 7300       1       org.springframework.ide.vscode.boot.java.utils.SpringIndexerJava$$Lambda$523/0x000000080042e600::apply (8 bytes)
Event: 1582.234 Thread 0x0000023d9c04fc20 nmethod 7300 0x0000023d8c822610 code [0x0000023d8c8227a0, 0x0000023d8c8228c8]
Event: 1582.234 Thread 0x0000023d9c04fc20 7301       1       org.springframework.ide.vscode.boot.java.utils.SpringIndexerJava::lambda$getSourceEntries$11 (5 bytes)
Event: 1582.234 Thread 0x0000023d9c04fc20 nmethod 7301 0x0000023d8c822310 code [0x0000023d8c8224a0, 0x0000023d8c822568]
Event: 1694.632 Thread 0x0000023d9c04fc20 7302       1       sun.nio.cs.SingleByte$Encoder::encode (32 bytes)
Event: 1694.632 Thread 0x0000023d9c04fc20 nmethod 7302 0x0000023d8c821f10 code [0x0000023d8c8220a0, 0x0000023d8c822218]

GC Heap History (20 events):
Event: 1572.133 GC heap before
{Heap before GC invocations=136 (full 93):
 garbage-first heap   total 69632K, used 54038K [0x0000000701000000, 0x0000000800000000)
  region size 2048K, 16 young (32768K), 1 survivors (2048K)
 Metaspace       used 39491K, committed 39872K, reserved 1089536K
  class space    used 5002K, committed 5184K, reserved 1048576K
}
Event: 1572.135 GC heap after
{Heap after GC invocations=137 (full 93):
 garbage-first heap   total 69632K, used 24138K [0x0000000701000000, 0x0000000800000000)
  region size 2048K, 2 young (4096K), 2 survivors (4096K)
 Metaspace       used 39491K, committed 39872K, reserved 1089536K
  class space    used 5002K, committed 5184K, reserved 1048576K
}
Event: 1573.196 GC heap before
{Heap before GC invocations=137 (full 93):
 garbage-first heap   total 69632K, used 50762K [0x0000000701000000, 0x0000000800000000)
  region size 2048K, 15 young (30720K), 2 survivors (4096K)
 Metaspace       used 39491K, committed 39872K, reserved 1089536K
  class space    used 5003K, committed 5184K, reserved 1048576K
}
Event: 1573.198 GC heap after
{Heap after GC invocations=138 (full 93):
 garbage-first heap   total 69632K, used 24067K [0x0000000701000000, 0x0000000800000000)
  region size 2048K, 1 young (2048K), 1 survivors (2048K)
 Metaspace       used 39491K, committed 39872K, reserved 1089536K
  class space    used 5003K, committed 5184K, reserved 1048576K
}
Event: 1581.332 GC heap before
{Heap before GC invocations=138 (full 93):
 garbage-first heap   total 69632K, used 52739K [0x0000000701000000, 0x0000000800000000)
  region size 2048K, 15 young (30720K), 1 survivors (2048K)
 Metaspace       used 39492K, committed 39872K, reserved 1089536K
  class space    used 5003K, committed 5184K, reserved 1048576K
}
Event: 1581.334 GC heap after
{Heap after GC invocations=139 (full 93):
 garbage-first heap   total 69632K, used 23663K [0x0000000701000000, 0x0000000800000000)
  region size 2048K, 1 young (2048K), 1 survivors (2048K)
 Metaspace       used 39492K, committed 39872K, reserved 1089536K
  class space    used 5003K, committed 5184K, reserved 1048576K
}
Event: 1623.288 GC heap before
{Heap before GC invocations=139 (full 93):
 garbage-first heap   total 69632K, used 48239K [0x0000000701000000, 0x0000000800000000)
  region size 2048K, 14 young (28672K), 1 survivors (2048K)
 Metaspace       used 39492K, committed 39872K, reserved 1089536K
  class space    used 5003K, committed 5184K, reserved 1048576K
}
Event: 1623.323 GC heap after
{Heap after GC invocations=140 (full 94):
 garbage-first heap   total 69632K, used 21455K [0x0000000701000000, 0x0000000800000000)
  region size 2048K, 0 young (0K), 0 survivors (0K)
 Metaspace       used 39492K, committed 39872K, reserved 1089536K
  class space    used 5003K, committed 5184K, reserved 1048576K
}
Event: 1633.588 GC heap before
{Heap before GC invocations=140 (full 94):
 garbage-first heap   total 69632K, used 21455K [0x0000000701000000, 0x0000000800000000)
  region size 2048K, 1 young (2048K), 0 survivors (0K)
 Metaspace       used 39492K, committed 39872K, reserved 1089536K
  class space    used 5003K, committed 5184K, reserved 1048576K
}
Event: 1633.641 GC heap after
{Heap after GC invocations=141 (full 95):
 garbage-first heap   total 69632K, used 21313K [0x0000000701000000, 0x0000000800000000)
  region size 2048K, 0 young (0K), 0 survivors (0K)
 Metaspace       used 39472K, committed 39872K, reserved 1089536K
  class space    used 4999K, committed 5184K, reserved 1048576K
}
Event: 1643.802 GC heap before
{Heap before GC invocations=141 (full 95):
 garbage-first heap   total 69632K, used 21313K [0x0000000701000000, 0x0000000800000000)
  region size 2048K, 1 young (2048K), 0 survivors (0K)
 Metaspace       used 39472K, committed 39872K, reserved 1089536K
  class space    used 4999K, committed 5184K, reserved 1048576K
}
Event: 1643.833 GC heap after
{Heap after GC invocations=142 (full 96):
 garbage-first heap   total 69632K, used 21313K [0x0000000701000000, 0x0000000800000000)
  region size 2048K, 0 young (0K), 0 survivors (0K)
 Metaspace       used 39472K, committed 39872K, reserved 1089536K
  class space    used 4999K, committed 5184K, reserved 1048576K
}
Event: 1653.979 GC heap before
{Heap before GC invocations=142 (full 96):
 garbage-first heap   total 69632K, used 21313K [0x0000000701000000, 0x0000000800000000)
  region size 2048K, 1 young (2048K), 0 survivors (0K)
 Metaspace       used 39472K, committed 39872K, reserved 1089536K
  class space    used 4999K, committed 5184K, reserved 1048576K
}
Event: 1654.014 GC heap after
{Heap after GC invocations=143 (full 97):
 garbage-first heap   total 69632K, used 21313K [0x0000000701000000, 0x0000000800000000)
  region size 2048K, 0 young (0K), 0 survivors (0K)
 Metaspace       used 39472K, committed 39872K, reserved 1089536K
  class space    used 4999K, committed 5184K, reserved 1048576K
}
Event: 1664.148 GC heap before
{Heap before GC invocations=143 (full 97):
 garbage-first heap   total 69632K, used 21313K [0x0000000701000000, 0x0000000800000000)
  region size 2048K, 1 young (2048K), 0 survivors (0K)
 Metaspace       used 39472K, committed 39872K, reserved 1089536K
  class space    used 4999K, committed 5184K, reserved 1048576K
}
Event: 1664.179 GC heap after
{Heap after GC invocations=144 (full 98):
 garbage-first heap   total 69632K, used 21313K [0x0000000701000000, 0x0000000800000000)
  region size 2048K, 0 young (0K), 0 survivors (0K)
 Metaspace       used 39472K, committed 39872K, reserved 1089536K
  class space    used 4999K, committed 5184K, reserved 1048576K
}
Event: 1674.364 GC heap before
{Heap before GC invocations=144 (full 98):
 garbage-first heap   total 69632K, used 21313K [0x0000000701000000, 0x0000000800000000)
  region size 2048K, 1 young (2048K), 0 survivors (0K)
 Metaspace       used 39472K, committed 39872K, reserved 1089536K
  class space    used 4999K, committed 5184K, reserved 1048576K
}
Event: 1674.398 GC heap after
{Heap after GC invocations=145 (full 99):
 garbage-first heap   total 69632K, used 21313K [0x0000000701000000, 0x0000000800000000)
  region size 2048K, 0 young (0K), 0 survivors (0K)
 Metaspace       used 39472K, committed 39872K, reserved 1089536K
  class space    used 4999K, committed 5184K, reserved 1048576K
}
Event: 1684.570 GC heap before
{Heap before GC invocations=145 (full 99):
 garbage-first heap   total 69632K, used 21313K [0x0000000701000000, 0x0000000800000000)
  region size 2048K, 1 young (2048K), 0 survivors (0K)
 Metaspace       used 39472K, committed 39872K, reserved 1089536K
  class space    used 4999K, committed 5184K, reserved 1048576K
}
Event: 1684.611 GC heap after
{Heap after GC invocations=146 (full 100):
 garbage-first heap   total 69632K, used 21313K [0x0000000701000000, 0x0000000800000000)
  region size 2048K, 0 young (0K), 0 survivors (0K)
 Metaspace       used 39472K, committed 39872K, reserved 1089536K
  class space    used 4999K, committed 5184K, reserved 1048576K
}

Deoptimization events (20 events):
Event: 145.411 Thread 0x0000023d9e82d170 DEOPT PACKING pc=0x0000023d8bf62ad4 sp=0x00000047c59fede0
Event: 145.411 Thread 0x0000023d9e82d170 DEOPT UNPACKING pc=0x0000023d8b972b43 sp=0x00000047c59fe268 mode 0
Event: 814.456 Thread 0x0000023d9e8a91a0 DEOPT PACKING pc=0x0000023d8c3c46c0 sp=0x00000047c5cfd7d0
Event: 814.456 Thread 0x0000023d9e8a91a0 DEOPT UNPACKING pc=0x0000023d8b972b43 sp=0x00000047c5cfce28 mode 3
Event: 1370.321 Thread 0x0000023d9e921c40 DEOPT PACKING pc=0x0000023d8c6990cd sp=0x00000047c37fd200
Event: 1370.321 Thread 0x0000023d9e921c40 DEOPT UNPACKING pc=0x0000023d8b972b43 sp=0x00000047c37fc6d8 mode 3
Event: 1466.606 Thread 0x0000023d9e8a91a0 DEOPT PACKING pc=0x0000023d8baf900d sp=0x00000047c5cfd7d0
Event: 1466.606 Thread 0x0000023d9e8a91a0 DEOPT UNPACKING pc=0x0000023d8b972b43 sp=0x00000047c5cfcd60 mode 3
Event: 1476.213 Thread 0x0000023d9e922f80 DEOPT PACKING pc=0x0000023d8c64ca9f sp=0x00000047c37fd640
Event: 1476.213 Thread 0x0000023d9e922f80 DEOPT UNPACKING pc=0x0000023d8b972b43 sp=0x00000047c37fcb48 mode 3
Event: 1490.809 Thread 0x0000023d9e8a91a0 DEOPT PACKING pc=0x0000023d8c629000 sp=0x00000047c5cfd8c0
Event: 1490.809 Thread 0x0000023d9e8a91a0 DEOPT UNPACKING pc=0x0000023d8b972b43 sp=0x00000047c5cfcdb8 mode 3
Event: 1520.282 Thread 0x0000023d9e8a91a0 DEOPT PACKING pc=0x0000023d8c5a0c44 sp=0x00000047c5cfd580
Event: 1520.282 Thread 0x0000023d9e8a91a0 DEOPT UNPACKING pc=0x0000023d8b972b43 sp=0x00000047c5cfcb00 mode 0
Event: 1520.286 Thread 0x0000023d9e8a91a0 DEOPT PACKING pc=0x0000023d8ba64d14 sp=0x00000047c5cfc7c0
Event: 1520.286 Thread 0x0000023d9e8a91a0 DEOPT UNPACKING pc=0x0000023d8b972b43 sp=0x00000047c5cfbc58 mode 0
Event: 1568.755 Thread 0x0000023d9e8a91a0 DEOPT PACKING pc=0x0000023d8c6debd6 sp=0x00000047c5cfcad0
Event: 1568.755 Thread 0x0000023d9e8a91a0 DEOPT UNPACKING pc=0x0000023d8b972b43 sp=0x00000047c5cfbfa8 mode 3
Event: 1580.989 Thread 0x0000023d9e8a91a0 DEOPT PACKING pc=0x0000023d8c832946 sp=0x00000047c5cfd690
Event: 1580.989 Thread 0x0000023d9e8a91a0 DEOPT UNPACKING pc=0x0000023d8b972b43 sp=0x00000047c5cfcb40 mode 3

Classes unloaded (20 events):
Event: 113.002 Thread 0x0000023d9b482b20 Unloading class 0x0000000800430000 'java/lang/invoke/LambdaForm$MH+0x0000000800430000'
Event: 113.002 Thread 0x0000023d9b482b20 Unloading class 0x000000080042bc00 'java/lang/invoke/LambdaForm$MH+0x000000080042bc00'
Event: 113.002 Thread 0x0000023d9b482b20 Unloading class 0x000000080042b800 'java/lang/invoke/LambdaForm$MH+0x000000080042b800'
Event: 113.002 Thread 0x0000023d9b482b20 Unloading class 0x000000080042b400 'java/lang/invoke/LambdaForm$MH+0x000000080042b400'
Event: 113.002 Thread 0x0000023d9b482b20 Unloading class 0x000000080042b000 'java/lang/invoke/LambdaForm$MH+0x000000080042b000'
Event: 113.002 Thread 0x0000023d9b482b20 Unloading class 0x00000008002e1400 'java/lang/invoke/LambdaForm$MH+0x00000008002e1400'
Event: 926.510 Thread 0x0000023d9b482b20 Unloading class 0x0000000800318800 'jdk/internal/reflect/GeneratedMethodAccessor23'
Event: 926.510 Thread 0x0000023d9b482b20 Unloading class 0x00000008003e4000 'jdk/internal/reflect/GeneratedConstructorAccessor26'
Event: 926.510 Thread 0x0000023d9b482b20 Unloading class 0x0000000800429400 'jdk/internal/reflect/GeneratedMethodAccessor22'
Event: 926.510 Thread 0x0000023d9b482b20 Unloading class 0x000000080042a400 'jdk/internal/reflect/GeneratedConstructorAccessor25'
Event: 926.510 Thread 0x0000023d9b482b20 Unloading class 0x00000008004d8400 'jdk/internal/reflect/GeneratedMethodAccessor21'
Event: 926.510 Thread 0x0000023d9b482b20 Unloading class 0x00000008002e1400 'jdk/internal/reflect/GeneratedMethodAccessor20'
Event: 926.510 Thread 0x0000023d9b482b20 Unloading class 0x0000000800504c00 'jdk/internal/reflect/GeneratedMethodAccessor19'
Event: 1633.614 Thread 0x0000023d9b482b20 Unloading class 0x00000008000ca000 'jdk/internal/reflect/GeneratedMethodAccessor32'
Event: 1633.614 Thread 0x0000023d9b482b20 Unloading class 0x00000008000ca800 'jdk/internal/reflect/GeneratedConstructorAccessor33'
Event: 1633.614 Thread 0x0000023d9b482b20 Unloading class 0x00000008001dd000 'jdk/internal/reflect/GeneratedMethodAccessor31'
Event: 1633.614 Thread 0x0000023d9b482b20 Unloading class 0x00000008001de800 'jdk/internal/reflect/GeneratedConstructorAccessor32'
Event: 1633.614 Thread 0x0000023d9b482b20 Unloading class 0x00000008002e0400 'jdk/internal/reflect/GeneratedMethodAccessor30'
Event: 1633.614 Thread 0x0000023d9b482b20 Unloading class 0x0000000800504c00 'jdk/internal/reflect/GeneratedMethodAccessor29'
Event: 1633.614 Thread 0x0000023d9b482b20 Unloading class 0x00000008002e1400 'jdk/internal/reflect/GeneratedMethodAccessor28'

Classes redefined (0 events):
No events

Internal exceptions (20 events):
Event: 1581.372 Thread 0x0000023d9e922f80 Exception <a 'java/lang/ArrayIndexOutOfBoundsException'{0x0000000704ce0070}> (0x0000000704ce0070) 
thrown [e:\jenkins\tmp\workspace\build\src\src\hotspot\share\runtime\sharedRuntime.cpp, line 628]
Event: 1581.919 Thread 0x0000023d9e9242c0 Exception <a 'java/lang/ArrayIndexOutOfBoundsException'{0x0000000704ac0a20}> (0x0000000704ac0a20) 
thrown [e:\jenkins\tmp\workspace\build\src\src\hotspot\share\runtime\sharedRuntime.cpp, line 628]
Event: 1581.950 Thread 0x0000023d9e9242c0 Exception <a 'java/lang/ArrayIndexOutOfBoundsException'{0x0000000704392860}> (0x0000000704392860) 
thrown [e:\jenkins\tmp\workspace\build\src\src\hotspot\share\runtime\sharedRuntime.cpp, line 628]
Event: 1581.954 Thread 0x0000023d9e9242c0 Exception <a 'java/lang/ArrayIndexOutOfBoundsException'{0x000000070439c148}> (0x000000070439c148) 
thrown [e:\jenkins\tmp\workspace\build\src\src\hotspot\share\runtime\sharedRuntime.cpp, line 628]
Event: 1581.956 Thread 0x0000023d9e9242c0 Exception <a 'java/lang/ArrayIndexOutOfBoundsException'{0x00000007043b8048}> (0x00000007043b8048) 
thrown [e:\jenkins\tmp\workspace\build\src\src\hotspot\share\runtime\sharedRuntime.cpp, line 628]
Event: 1581.956 Thread 0x0000023d9e9242c0 Exception <a 'java/lang/ArrayIndexOutOfBoundsException'{0x00000007043ce860}> (0x00000007043ce860) 
thrown [e:\jenkins\tmp\workspace\build\src\src\hotspot\share\runtime\sharedRuntime.cpp, line 628]
Event: 1581.957 Thread 0x0000023d9e9242c0 Exception <a 'java/lang/ArrayIndexOutOfBoundsException'{0x00000007043e1c98}> (0x00000007043e1c98) 
thrown [e:\jenkins\tmp\workspace\build\src\src\hotspot\share\runtime\sharedRuntime.cpp, line 628]
Event: 1581.960 Thread 0x0000023d9e9242c0 Exception <a 'java/lang/ArrayIndexOutOfBoundsException'{0x00000007043fee40}> (0x00000007043fee40) 
thrown [e:\jenkins\tmp\workspace\build\src\src\hotspot\share\runtime\sharedRuntime.cpp, line 628]
Event: 1581.962 Thread 0x0000023d9e9242c0 Exception <a 'java/lang/ArrayIndexOutOfBoundsException'{0x00000007040262a0}> (0x00000007040262a0) 
thrown [e:\jenkins\tmp\workspace\build\src\src\hotspot\share\runtime\sharedRuntime.cpp, line 628]
Event: 1581.968 Thread 0x0000023d9e9242c0 Exception <a 'java/lang/ArrayIndexOutOfBoundsException'{0x0000000704056380}> (0x0000000704056380) 
thrown [e:\jenkins\tmp\workspace\build\src\src\hotspot\share\runtime\sharedRuntime.cpp, line 628]
Event: 1581.968 Thread 0x0000023d9e9242c0 Exception <a 'java/lang/ArrayIndexOutOfBoundsException'{0x0000000704068e68}> (0x0000000704068e68) 
thrown [e:\jenkins\tmp\workspace\build\src\src\hotspot\share\runtime\sharedRuntime.cpp, line 628]
Event: 1581.969 Thread 0x0000023d9e9242c0 Exception <a 'java/lang/ArrayIndexOutOfBoundsException'{0x000000070407b948}> (0x000000070407b948) 
thrown [e:\jenkins\tmp\workspace\build\src\src\hotspot\share\runtime\sharedRuntime.cpp, line 628]
Event: 1581.978 Thread 0x0000023d9e9242c0 Exception <a 'java/lang/ArrayIndexOutOfBoundsException'{0x000000070415b0d0}> (0x000000070415b0d0) 
thrown [e:\jenkins\tmp\workspace\build\src\src\hotspot\share\runtime\sharedRuntime.cpp, line 628]
Event: 1581.978 Thread 0x0000023d9e9242c0 Exception <a 'java/lang/ArrayIndexOutOfBoundsException'{0x0000000704170a58}> (0x0000000704170a58) 
thrown [e:\jenkins\tmp\workspace\build\src\src\hotspot\share\runtime\sharedRuntime.cpp, line 628]
Event: 1581.979 Thread 0x0000023d9e9242c0 Exception <a 'java/lang/ArrayIndexOutOfBoundsException'{0x000000070418c598}> (0x000000070418c598) 
thrown [e:\jenkins\tmp\workspace\build\src\src\hotspot\share\runtime\sharedRuntime.cpp, line 628]
Event: 1581.988 Thread 0x0000023d9e9242c0 Exception <a 'java/lang/ArrayIndexOutOfBoundsException'{0x0000000703e0d8c0}> (0x0000000703e0d8c0) 
thrown [e:\jenkins\tmp\workspace\build\src\src\hotspot\share\runtime\sharedRuntime.cpp, line 628]
Event: 1581.988 Thread 0x0000023d9e9242c0 Exception <a 'java/lang/ArrayIndexOutOfBoundsException'{0x0000000703e22598}> (0x0000000703e22598) 
thrown [e:\jenkins\tmp\workspace\build\src\src\hotspot\share\runtime\sharedRuntime.cpp, line 628]
Event: 1581.989 Thread 0x0000023d9e9242c0 Exception <a 'java/lang/ArrayIndexOutOfBoundsException'{0x0000000703e3a230}> (0x0000000703e3a230) 
thrown [e:\jenkins\tmp\workspace\build\src\src\hotspot\share\runtime\sharedRuntime.cpp, line 628]
Event: 1581.989 Thread 0x0000023d9e9242c0 Exception <a 'java/lang/ArrayIndexOutOfBoundsException'{0x0000000703e506c0}> (0x0000000703e506c0) 
thrown [e:\jenkins\tmp\workspace\build\src\src\hotspot\share\runtime\sharedRuntime.cpp, line 628]
Event: 1694.623 Thread 0x0000023d9e75d050 Exception <a 'java/io/IOException'{0x0000000705200638}: CreateProcess error=1455, El archivo de paginación es demasiado pequeño para completar la operación> (0x0000000705200638) 
thrown [e:\jenkins\tmp\workspace\build\src\src\hotspot\share\prims\jni.cpp, line 535]

VM Operations (20 events):
Event: 1581.265 Executing VM operation: Cleanup done
Event: 1581.332 Executing VM operation: G1CollectForAllocation
Event: 1581.334 Executing VM operation: G1CollectForAllocation done
Event: 1582.342 Executing VM operation: Cleanup
Event: 1582.342 Executing VM operation: Cleanup done
Event: 1623.288 Executing VM operation: G1CollectFull
Event: 1623.323 Executing VM operation: G1CollectFull done
Event: 1633.587 Executing VM operation: G1CollectFull
Event: 1633.641 Executing VM operation: G1CollectFull done
Event: 1643.802 Executing VM operation: G1CollectFull
Event: 1643.833 Executing VM operation: G1CollectFull done
Event: 1653.979 Executing VM operation: G1CollectFull
Event: 1654.014 Executing VM operation: G1CollectFull done
Event: 1664.148 Executing VM operation: G1CollectFull
Event: 1664.180 Executing VM operation: G1CollectFull done
Event: 1674.364 Executing VM operation: G1CollectFull
Event: 1674.398 Executing VM operation: G1CollectFull done
Event: 1684.569 Executing VM operation: G1CollectFull
Event: 1684.611 Executing VM operation: G1CollectFull done
Event: 1704.682 Executing VM operation: G1CollectFull

Events (20 events):
Event: 1213.974 Thread 0x0000023d9ef74c60 Thread added: 0x0000023d9ef74c60
Event: 1222.577 Thread 0x0000023d9c757080 Thread exited: 0x0000023d9c757080
Event: 1222.577 Thread 0x0000023d9ef74c60 Thread exited: 0x0000023d9ef74c60
Event: 1230.383 Thread 0x0000023d9c756400 Thread exited: 0x0000023d9c756400
Event: 1273.883 Thread 0x0000023d9e921c40 Thread exited: 0x0000023d9e921c40
Event: 1323.153 Thread 0x0000023d9e923920 Thread exited: 0x0000023d9e923920
Event: 1370.318 Thread 0x0000023d9e921c40 Thread added: 0x0000023d9e921c40
Event: 1430.337 Thread 0x0000023d9e921c40 Thread exited: 0x0000023d9e921c40
Event: 1462.796 Thread 0x0000023d9e922f80 Thread added: 0x0000023d9e922f80
Event: 1469.676 Thread 0x0000023d9c0c71c0 Thread added: 0x0000023d9c0c71c0
Event: 1477.762 Thread 0x0000023d9c0c71c0 Thread exited: 0x0000023d9c0c71c0
Event: 1492.310 loading class java/util/concurrent/CompletionException
Event: 1492.310 loading class java/util/concurrent/CompletionException done
Event: 1559.673 Thread 0x0000023d9c119630 Thread added: 0x0000023d9c119630
Event: 1559.674 Thread 0x0000023d9c11ab50 Thread added: 0x0000023d9c11ab50
Event: 1560.416 Thread 0x0000023d9c11ab50 Thread exited: 0x0000023d9c11ab50
Event: 1560.416 Thread 0x0000023d9c119630 Thread exited: 0x0000023d9c119630
Event: 1573.191 Thread 0x0000023d9c6bdc90 Thread added: 0x0000023d9c6bdc90
Event: 1578.813 Thread 0x0000023d9c6bdc90 Thread exited: 0x0000023d9c6bdc90
Event: 1646.587 Thread 0x0000023d9e922f80 Thread exited: 0x0000023d9e922f80


Dynamic libraries:
0x00007ff725a20000 - 0x00007ff725a2e000 	c:\Users\Pilar\.vscode\extensions\redhat.java-1.6.0-win32-x64\jre\17.0.2-win32-x86_64\bin\java.exe
0x00007ff9c0f10000 - 0x00007ff9c1105000 	C:\WINDOWS\SYSTEM32\ntdll.dll
0x00007ff9c0840000 - 0x00007ff9c08fe000 	C:\WINDOWS\System32\KERNEL32.DLL
0x00007ff9beca0000 - 0x00007ff9bef68000 	C:\WINDOWS\System32\KERNELBASE.dll
0x00007ff9beb70000 - 0x00007ff9bec70000 	C:\WINDOWS\System32\ucrtbase.dll
0x00007ff9ba110000 - 0x00007ff9ba128000 	c:\Users\Pilar\.vscode\extensions\redhat.java-1.6.0-win32-x64\jre\17.0.2-win32-x86_64\bin\jli.dll
0x00007ff9a5730000 - 0x00007ff9a5749000 	c:\Users\Pilar\.vscode\extensions\redhat.java-1.6.0-win32-x64\jre\17.0.2-win32-x86_64\bin\VCRUNTIME140.dll
0x00007ff9bfb70000 - 0x00007ff9bfd10000 	C:\WINDOWS\System32\USER32.dll
0x00007ff9be740000 - 0x00007ff9be762000 	C:\WINDOWS\System32\win32u.dll
0x00007ff9b0a30000 - 0x00007ff9b0cca000 	C:\WINDOWS\WinSxS\amd64_microsoft.windows.common-controls_6595b64144ccf1df_6.0.19041.1110_none_60b5254171f9507e\COMCTL32.dll
0x00007ff9c0810000 - 0x00007ff9c083a000 	C:\WINDOWS\System32\GDI32.dll
0x00007ff9c0770000 - 0x00007ff9c080e000 	C:\WINDOWS\System32\msvcrt.dll
0x00007ff9be630000 - 0x00007ff9be73b000 	C:\WINDOWS\System32\gdi32full.dll
0x00007ff9bea60000 - 0x00007ff9beafd000 	C:\WINDOWS\System32\msvcp_win.dll
0x00007ff9bf020000 - 0x00007ff9bf050000 	C:\WINDOWS\System32\IMM32.DLL
0x00007ff9b8130000 - 0x00007ff9b813c000 	c:\Users\Pilar\.vscode\extensions\redhat.java-1.6.0-win32-x64\jre\17.0.2-win32-x86_64\bin\vcruntime140_1.dll
0x00007ff990cf0000 - 0x00007ff990d81000 	c:\Users\Pilar\.vscode\extensions\redhat.java-1.6.0-win32-x64\jre\17.0.2-win32-x86_64\bin\msvcp140.dll
0x00007ff988270000 - 0x00007ff988eb7000 	c:\Users\Pilar\.vscode\extensions\redhat.java-1.6.0-win32-x64\jre\17.0.2-win32-x86_64\bin\server\jvm.dll
0x00007ff9c0e20000 - 0x00007ff9c0ece000 	C:\WINDOWS\System32\ADVAPI32.dll
0x00007ff9c0d80000 - 0x00007ff9c0e1c000 	C:\WINDOWS\System32\sechost.dll
0x00007ff9bf260000 - 0x00007ff9bf385000 	C:\WINDOWS\System32\RPCRT4.dll
0x00007ff9c0620000 - 0x00007ff9c0628000 	C:\WINDOWS\System32\PSAPI.DLL
0x00007ff99ae50000 - 0x00007ff99ae59000 	C:\WINDOWS\SYSTEM32\WSOCK32.dll
0x00007ff9b2720000 - 0x00007ff9b2747000 	C:\WINDOWS\SYSTEM32\WINMM.dll
0x00007ff9b7660000 - 0x00007ff9b766a000 	C:\WINDOWS\SYSTEM32\VERSION.dll
0x00007ff9c0140000 - 0x00007ff9c01ab000 	C:\WINDOWS\System32\WS2_32.dll
0x00007ff9bc550000 - 0x00007ff9bc562000 	C:\WINDOWS\SYSTEM32\kernel.appcore.dll
0x00007ff9b7180000 - 0x00007ff9b718a000 	c:\Users\Pilar\.vscode\extensions\redhat.java-1.6.0-win32-x64\jre\17.0.2-win32-x86_64\bin\jimage.dll
0x00007ff9b78c0000 - 0x00007ff9b7aa4000 	C:\WINDOWS\SYSTEM32\DBGHELP.DLL
0x00007ff9acba0000 - 0x00007ff9acbcc000 	C:\WINDOWS\SYSTEM32\dbgcore.DLL
0x00007ff9be9d0000 - 0x00007ff9bea52000 	C:\WINDOWS\System32\bcryptPrimitives.dll
0x00007ff994460000 - 0x00007ff994485000 	c:\Users\Pilar\.vscode\extensions\redhat.java-1.6.0-win32-x64\jre\17.0.2-win32-x86_64\bin\java.dll
0x00007ff99a540000 - 0x00007ff99a558000 	c:\Users\Pilar\.vscode\extensions\redhat.java-1.6.0-win32-x64\jre\17.0.2-win32-x86_64\bin\zip.dll
0x00007ff9bf3a0000 - 0x00007ff9bfae4000 	C:\WINDOWS\System32\SHELL32.dll
0x00007ff9bc750000 - 0x00007ff9bcee4000 	C:\WINDOWS\SYSTEM32\windows.storage.dll
0x00007ff9bfde0000 - 0x00007ff9c0134000 	C:\WINDOWS\System32\combase.dll
0x00007ff9be0a0000 - 0x00007ff9be0cc000 	C:\WINDOWS\SYSTEM32\Wldp.dll
0x00007ff9bef70000 - 0x00007ff9bf01d000 	C:\WINDOWS\System32\SHCORE.dll
0x00007ff9c0b60000 - 0x00007ff9c0bb5000 	C:\WINDOWS\System32\shlwapi.dll
0x00007ff9be570000 - 0x00007ff9be58f000 	C:\WINDOWS\SYSTEM32\profapi.dll
0x00007ff99e6e0000 - 0x00007ff99e6f9000 	C:\Users\Pilar\.vscode\extensions\redhat.java-1.6.0-win32-x64\jre\17.0.2-win32-x86_64\bin\net.dll
0x00007ff9b0390000 - 0x00007ff9b049a000 	C:\WINDOWS\SYSTEM32\WINHTTP.dll
0x00007ff9bde00000 - 0x00007ff9bde6a000 	C:\WINDOWS\system32\mswsock.dll
0x00007ff99e690000 - 0x00007ff99e6a5000 	C:\Users\Pilar\.vscode\extensions\redhat.java-1.6.0-win32-x64\jre\17.0.2-win32-x86_64\bin\nio.dll
0x00007ff9b7120000 - 0x00007ff9b7130000 	c:\Users\Pilar\.vscode\extensions\redhat.java-1.6.0-win32-x64\jre\17.0.2-win32-x86_64\bin\verify.dll
0x00007ff9ad970000 - 0x00007ff9ad979000 	C:\Users\Pilar\.vscode\extensions\redhat.java-1.6.0-win32-x64\jre\17.0.2-win32-x86_64\bin\management.dll
0x00007ff9a9700000 - 0x00007ff9a970b000 	C:\Users\Pilar\.vscode\extensions\redhat.java-1.6.0-win32-x64\jre\17.0.2-win32-x86_64\bin\management_ext.dll
0x00007ff9a5820000 - 0x00007ff9a5837000 	C:\WINDOWS\system32\napinsp.dll
0x00007ff9a5800000 - 0x00007ff9a581b000 	C:\WINDOWS\system32\pnrpnsp.dll
0x00007ff9b7670000 - 0x00007ff9b7685000 	C:\WINDOWS\system32\wshbth.dll
0x00007ff9ba090000 - 0x00007ff9ba0ad000 	C:\WINDOWS\system32\NLAapi.dll
0x00007ff9bdaa0000 - 0x00007ff9bdadb000 	C:\WINDOWS\SYSTEM32\IPHLPAPI.DLL
0x00007ff9bdae0000 - 0x00007ff9bdbab000 	C:\WINDOWS\SYSTEM32\DNSAPI.dll
0x00007ff9bf390000 - 0x00007ff9bf398000 	C:\WINDOWS\System32\NSI.dll
0x00007ff9a57e0000 - 0x00007ff9a57f2000 	C:\WINDOWS\System32\winrnr.dll
0x00007ff9b1be0000 - 0x00007ff9b1bea000 	C:\Windows\System32\rasadhlp.dll
0x00007ff9b0310000 - 0x00007ff9b038f000 	C:\WINDOWS\System32\fwpuclnt.dll
0x00007ff9bec70000 - 0x00007ff9bec97000 	C:\WINDOWS\System32\bcrypt.dll
0x00007ff9be000000 - 0x00007ff9be018000 	C:\WINDOWS\SYSTEM32\CRYPTSP.dll
0x00007ff9bd6b0000 - 0x00007ff9bd6e4000 	C:\WINDOWS\system32\rsaenh.dll
0x00007ff9be530000 - 0x00007ff9be55e000 	C:\WINDOWS\SYSTEM32\USERENV.dll
0x00007ff9bdff0000 - 0x00007ff9bdffc000 	C:\WINDOWS\SYSTEM32\CRYPTBASE.dll
0x00007ff9b4320000 - 0x00007ff9b4337000 	C:\WINDOWS\SYSTEM32\dhcpcsvc6.DLL
0x00007ff9b7380000 - 0x00007ff9b739d000 	C:\WINDOWS\SYSTEM32\dhcpcsvc.DLL

dbghelp: loaded successfully - version: 4.0.5 - missing functions: none
symbol engine: initialized successfully - sym options: 0x614 - pdb path: .;c:\Users\Pilar\.vscode\extensions\redhat.java-1.6.0-win32-x64\jre\17.0.2-win32-x86_64\bin;C:\WINDOWS\SYSTEM32;C:\WINDOWS\WinSxS\amd64_microsoft.windows.common-controls_6595b64144ccf1df_6.0.19041.1110_none_60b5254171f9507e;c:\Users\Pilar\.vscode\extensions\redhat.java-1.6.0-win32-x64\jre\17.0.2-win32-x86_64\bin\server

VM Arguments:
jvm_args: -Dsts.lsp.client=vscode -Dsts.log.file=/dev/null -XX:TieredStopAtLevel=1 -Dspring.config.location=file:c:\Users\Pilar\.vscode\extensions\pivotal.vscode-spring-boot-1.33.0\language-server\BOOT-INF\classes\application.properties 
java_command: org.springframework.ide.vscode.boot.app.BootLanguageServerBootApp
java_class_path (initial): c:\Users\Pilar\.vscode\extensions\pivotal.vscode-spring-boot-1.33.0\language-server\BOOT-INF\classes;c:\Users\Pilar\.vscode\extensions\pivotal.vscode-spring-boot-1.33.0\language-server\BOOT-INF\lib\antlr4-runtime-4.5.3.jar;c:\Users\Pilar\.vscode\extensions\pivotal.vscode-spring-boot-1.33.0\language-server\BOOT-INF\lib\byte-buddy-1.10.18.jar;c:\Users\Pilar\.vscode\extensions\pivotal.vscode-spring-boot-1.33.0\language-server\BOOT-INF\lib\commons-codec-1.14.jar;c:\Users\Pilar\.vscode\extensions\pivotal.vscode-spring-boot-1.33.0\language-server\BOOT-INF\lib\commons-io-2.4.jar;c:\Users\Pilar\.vscode\extensions\pivotal.vscode-spring-boot-1.33.0\language-server\BOOT-INF\lib\commons-java-1.33.0-SNAPSHOT.jar;c:\Users\Pilar\.vscode\extensions\pivotal.vscode-spring-boot-1.33.0\language-server\BOOT-INF\lib\commons-lang3-3.10.jar;c:\Users\Pilar\.vscode\extensions\pivotal.vscode-spring-boot-1.33.0\language-server\BOOT-INF\lib\commons-language-server-1.33.0-SNAPSHOT.jar;c:\Users\Pilar\.vscode\extensions\pivotal.vscode-spring-boot-1.33.0\language-server\BOOT-INF\lib\commons-lsp-extensions-1.33.0-SNAPSHOT.jar;c:\Users\Pilar\.vscode\extensions\pivotal.vscode-spring-boot-1.33.0\language-server\BOOT-INF\lib\commons-util-1.33.0-SNAPSHOT.jar;c:\Users\Pilar\.vscode\extensions\pivotal.vscode-spring-boot-1.33.0\language-server\BOOT-INF\lib\commons-yaml-1.33.0-SNAPSHOT.jar;c:\Users\Pilar\.vscode\extensions\pivotal.vscode-spring-boot-1.33.0\language-server\BOOT-INF\lib\gson-2.8.6.jar;c:\Users\Pilar\.vscode\extensions\pivotal.vscode-spring-boot-1.33.0\language-server\BOOT-INF\lib\guava-19.0.jar;c:\Users\Pilar\.vscode\extensions\pivotal.vscode-spring-boot-1.33.0\language-server\BOOT-INF\lib\jakarta.annotation-api-1.3.5.jar;c:\Users\Pilar\.vscode\extensions\pivotal.vscode-spring-boot-1.33.0\language-server\BOOT-INF\lib\jandex-2.0.5.Final.jar;c:\Users\Pilar\.vscode\extensions\pivotal.vscode-spring-boot-1.33.0\language-server\BOOT-INF\lib\java-properties-1.33.0-SNAPSHO
Launcher Type: SUN_STANDARD

[Global flags]
     intx CICompilerCount                          = 4                                         {product} {ergonomic}
     uint ConcGCThreads                            = 2                                         {product} {ergonomic}
     uint G1ConcRefinementThreads                  = 8                                         {product} {ergonomic}
   size_t G1HeapRegionSize                         = 2097152                                   {product} {ergonomic}
    uintx GCDrainStackTargetSize                   = 64                                        {product} {ergonomic}
   size_t InitialHeapSize                          = 268435456                                 {product} {ergonomic}
   size_t MarkStackSize                            = 4194304                                   {product} {ergonomic}
   size_t MaxHeapSize                              = 4278190080                                {product} {ergonomic}
   size_t MaxNewSize                               = 2566914048                                {product} {ergonomic}
   size_t MinHeapDeltaBytes                        = 2097152                                   {product} {ergonomic}
   size_t MinHeapSize                              = 8388608                                   {product} {ergonomic}
    uintx NonProfiledCodeHeapSize                  = 0                                      {pd product} {ergonomic}
     bool ProfileInterpreter                       = false                                  {pd product} {command line}
    uintx ProfiledCodeHeapSize                     = 0                                      {pd product} {ergonomic}
   size_t SoftMaxHeapSize                          = 4278190080                             {manageable} {ergonomic}
     intx TieredStopAtLevel                        = 1                                         {product} {command line}
     bool UseCompressedClassPointers               = true                           {product lp64_product} {ergonomic}
     bool UseCompressedOops                        = true                           {product lp64_product} {ergonomic}
     bool UseG1GC                                  = true                                      {product} {ergonomic}
     bool UseLargePagesIndividualAllocation        = false                                  {pd product} {ergonomic}

Logging:
Log output configuration:
 #0: stdout all=warning uptime,level,tags
 #1: stderr all=off uptime,level,tags

Environment Variables:
JAVA_HOME=C:\Program Files\Java\jdk-11.0.1
PATH=C:\Program Files (x86)\VMware\VMware Player\bin\;C:\WINDOWS\system32;C:\WINDOWS;C:\WINDOWS\System32\Wbem;C:\WINDOWS\System32\WindowsPowerShell\v1.0\;C:\WINDOWS\System32\OpenSSH\;C:\Program Files\PuTTY\;C:\Program Files\Java\jdk-11.0.2\bin;C:\Users\Pilar\Desktop\runtime\win64;C:\Users\Pilar\Desktop\bin;C:\Program Files\nodejs\;C:\SysGCC\raspberry\bin;C:\Program Files\Git\cmd;C:\Users\Pilar\Downloads\apache-maven-3.8.5-bin\apache-maven-3.8.5\bin;C:\Program Files\MySQL\MySQL Shell 8.0\bin\;C:\Users\Pilar\AppData\Local\Programs\Python\Python310\Scripts\;C:\Users\Pilar\AppData\Local\Programs\Python\Python310\;C:\Users\Pilar\python\anaconda_programa;C:\Users\Pilar\python\anaconda_programa\Library\mingw-w64\bin;C:\Users\Pilar\python\anaconda_programa\Library\usr\bin;C:\Users\Pilar\python\anaconda_programa\Library\bin;C:\Users\Pilar\python\anaconda_programa\Scripts;C:\Users\Pilar\python;C:\Users\Pilar\python\Library\mingw-w64\bin;C:\Users\Pilar\python\Library\usr\bin;C:\Users\Pilar\python\Library\bin;C:\Users\Pilar\python\Scripts;C:\Users\Pilar\AppData\Local\Microsoft\WindowsApps;C:\Users\Pilar\AppData\Local\Programs\Microsoft VS Code\bin;C:\Users\Pilar\AppData\Roaming\npm;C:\Users\Pilar\AppData\Local\GitHubDesktop\bin
USERNAME=Pilar
OS=Windows_NT
PROCESSOR_IDENTIFIER=Intel64 Family 6 Model 60 Stepping 3, GenuineIntel



---------------  S Y S T E M  ---------------

OS:
 Windows 10 , 64 bit Build 19041 (10.0.19041.1645)
OS uptime: 1 days 1:20 hours

CPU: total 8 (initial active 8) (4 cores per cpu, 2 threads per core) family 6 model 60 stepping 3 microcode 0x27, cx8, cmov, fxsr, ht, mmx, sse, sse2, sse3, ssse3, sse4.1, sse4.2, popcnt, lzcnt, tsc, tscinvbit, avx, avx2, aes, erms, clmul, bmi1, bmi2, fma, vzeroupper, clflush

Memory: 4k page, system-wide physical 16316M (2106M free)
TotalPageFile size 16316M (AvailPageFile size 5M)
current process WorkingSet (physical memory assigned to process): 174M, peak: 226M
current process commit charge ("private bytes"): 209M, peak: 363M

vm_info: OpenJDK 64-Bit Server VM (17.0.2+8) for windows-amd64 JRE (17.0.2+8), built on Jan 20 2022 04:52:34 by "" with MS VC++ 16.7 (VS2019)

END.
