#
# There is insufficient memory for the Java Runtime Environment to continue.
# Native memory allocation (malloc) failed to allocate 2097152 bytes for AllocateHeap
# Possible reasons:
#   The system is out of physical RAM or swap space
#   The process is running with CompressedOops enabled, and the Java Heap may be blocking the growth of the native heap
# Possible solutions:
#   Reduce memory load on the system
#   Increase physical memory or swap space
#   Check if swap backing store is full
#   Decrease Java heap size (-Xmx/-Xms)
#   Decrease number of Java threads
#   Decrease Java thread stack sizes (-Xss)
#   Set larger code cache with -XX:ReservedCodeCacheSize=
#   JVM is running with Zero Based Compressed Oops mode in which the Java heap is
#     placed in the first 32GB address space. The Java Heap base address is the
#     maximum limit for the native heap growth. Please use -XX:HeapBaseMinAddress
#     to set the Java Heap base and to place the Java Heap above 32GB virtual address.
# This output file may be truncated or incomplete.
#
#  Out of Memory Error (allocation.cpp:44), pid=16196, tid=22540
#
# JRE version: OpenJDK Runtime Environment Temurin-17.0.2+8 (17.0.2+8) (build 17.0.2+8)
# Java VM: OpenJDK 64-Bit Server VM Temurin-17.0.2+8 (17.0.2+8, mixed mode, emulated-client, tiered, compressed oops, compressed class ptrs, g1 gc, windows-amd64)
# No core dump will be written. Minidumps are not enabled by default on client versions of Windows
#

---------------  S U M M A R Y ------------

Command Line: -Dsts.lsp.client=vscode -Dsts.log.file=/dev/null -XX:TieredStopAtLevel=1 -Dspring.config.location=file:c:\Users\Pilar\.vscode\extensions\pivotal.vscode-spring-boot-1.33.0\language-server\BOOT-INF\classes\application.properties org.springframework.ide.vscode.boot.app.BootLanguageServerBootApp

Host: Intel(R) Core(TM) i7-4702MQ CPU @ 2.20GHz, 8 cores, 15G,  Windows 10 , 64 bit Build 19041 (10.0.19041.1645)
Time: Sat May  7 16:15:31 2022 Hora de verano romance elapsed time: 1136.501927 seconds (0d 0h 18m 56s)

---------------  T H R E A D  ---------------

Current thread (0x0000023a1461b160):  VMThread "VM Thread" [stack: 0x0000007335900000,0x0000007335a00000] [id=22540]

Stack: [0x0000007335900000,0x0000007335a00000]
Native frames: (J=compiled Java code, j=interpreted, Vv=VM code, C=native code)
V  [jvm.dll+0x67564a]
V  [jvm.dll+0x82fc04]
V  [jvm.dll+0x8313ae]
V  [jvm.dll+0x831a13]
V  [jvm.dll+0x245235]
V  [jvm.dll+0xa6393]
V  [jvm.dll+0x2f52c1]
V  [jvm.dll+0x2f0f70]
V  [jvm.dll+0x2d96c7]
V  [jvm.dll+0x31c6b7]
V  [jvm.dll+0x835ebb]
V  [jvm.dll+0x836bf4]
V  [jvm.dll+0x83710c]
V  [jvm.dll+0x8374e4]
V  [jvm.dll+0x8375b0]
V  [jvm.dll+0x7dff2a]
V  [jvm.dll+0x6744d5]
C  [ucrtbase.dll+0x21bb2]
C  [KERNEL32.DLL+0x17034]
C  [ntdll.dll+0x52651]

VM_Operation (0x00000073370ff0d0): G1CollectFull, mode: safepoint, requested by thread 0x0000023a16fd4de0


---------------  P R O C E S S  ---------------

Threads class SMR info:
_java_thread_list=0x0000023a21061990, length=19, elements={
0x0000023a1500c450, 0x0000023a1500e410, 0x0000023a15043750, 0x0000023a15046020,
0x0000023a150468e0, 0x0000023a15047290, 0x0000023a15058a50, 0x0000023a15059440,
0x0000023a151a87e0, 0x0000023a151ab0f0, 0x0000023a16fd4de0, 0x0000023a16ff4710,
0x0000023a00613a70, 0x0000023a16dbce50, 0x0000023a17058b20, 0x0000023a17082960,
0x0000023a17074e20, 0x0000023a170d4810, 0x0000023a170e6060
}

Java Threads: ( => current thread )
  0x0000023a1500c450 JavaThread "Reference Handler" daemon [_thread_blocked, id=4716, stack(0x0000007335a00000,0x0000007335b00000)]
  0x0000023a1500e410 JavaThread "Finalizer" daemon [_thread_blocked, id=20604, stack(0x0000007335b00000,0x0000007335c00000)]
  0x0000023a15043750 JavaThread "Signal Dispatcher" daemon [_thread_blocked, id=11528, stack(0x0000007335c00000,0x0000007335d00000)]
  0x0000023a15046020 JavaThread "Attach Listener" daemon [_thread_blocked, id=7208, stack(0x0000007335d00000,0x0000007335e00000)]
  0x0000023a150468e0 JavaThread "Service Thread" daemon [_thread_blocked, id=5968, stack(0x0000007335e00000,0x0000007335f00000)]
  0x0000023a15047290 JavaThread "Monitor Deflation Thread" daemon [_thread_blocked, id=16652, stack(0x0000007335f00000,0x0000007336000000)]
  0x0000023a15058a50 JavaThread "C1 CompilerThread0" daemon [_thread_blocked, id=20484, stack(0x0000007336000000,0x0000007336100000)]
  0x0000023a15059440 JavaThread "Sweeper thread" daemon [_thread_blocked, id=14460, stack(0x0000007336100000,0x0000007336200000)]
  0x0000023a151a87e0 JavaThread "Notification Thread" daemon [_thread_blocked, id=8388, stack(0x0000007336400000,0x0000007336500000)]
  0x0000023a151ab0f0 JavaThread "Common-Cleaner" daemon [_thread_blocked, id=18392, stack(0x0000007336600000,0x0000007336700000)]
  0x0000023a16fd4de0 JavaThread "pool-7-thread-1" [_thread_blocked, id=5404, stack(0x0000007337000000,0x0000007337100000)]
  0x0000023a16ff4710 JavaThread "LanguageServerApp-lifecycle" [_thread_blocked, id=12160, stack(0x0000007337100000,0x0000007337200000)]
  0x0000023a00613a70 JavaThread "DestroyJavaVM" [_thread_blocked, id=25088, stack(0x0000007335300000,0x0000007335400000)]
  0x0000023a16dbce50 JavaThread "pool-8-thread-1" [_thread_in_native, id=20156, stack(0x0000007337200000,0x0000007337300000)]
  0x0000023a17058b20 JavaThread "Simple-Language-Server main thread" daemon [_thread_blocked, id=22800, stack(0x0000007337300000,0x0000007337400000)]
  0x0000023a17082960 JavaThread "pool-5-thread-1" [_thread_blocked, id=17232, stack(0x0000007337400000,0x0000007337500000)]
  0x0000023a17074e20 JavaThread "Reconciler-1" [_thread_blocked, id=19628, stack(0x0000007337500000,0x0000007337600000)]
  0x0000023a170d4810 JavaThread "parallel-1" daemon [_thread_blocked, id=17920, stack(0x0000007337600000,0x0000007337700000)]
  0x0000023a170e6060 JavaThread "pool-3-thread-1" [_thread_blocked, id=5208, stack(0x0000007337800000,0x0000007337900000)]

Other Threads:
=>0x0000023a1461b160 VMThread "VM Thread" [stack: 0x0000007335900000,0x0000007335a00000] [id=22540]
  0x0000023a151aacc0 WatcherThread [stack: 0x0000007336500000,0x0000007336600000] [id=18464]
  0x0000023a006650d0 GCTaskThread "GC Thread#0" [stack: 0x0000007335400000,0x0000007335500000] [id=19780]
  0x0000023a159a7640 GCTaskThread "GC Thread#1" [stack: 0x0000007336800000,0x0000007336900000] [id=22796]
  0x0000023a159a78f0 GCTaskThread "GC Thread#2" [stack: 0x0000007336900000,0x0000007336a00000] [id=19708]
  0x0000023a159fa030 GCTaskThread "GC Thread#3" [stack: 0x0000007336a00000,0x0000007336b00000] [id=19236]
  0x0000023a1595c880 GCTaskThread "GC Thread#4" [stack: 0x0000007336b00000,0x0000007336c00000] [id=7204]
  0x0000023a1595cb30 GCTaskThread "GC Thread#5" [stack: 0x0000007336c00000,0x0000007336d00000] [id=1452]
  0x0000023a15986890 GCTaskThread "GC Thread#6" [stack: 0x0000007336d00000,0x0000007336e00000] [id=7104]
  0x0000023a16b7ac00 GCTaskThread "GC Thread#7" [stack: 0x0000007336e00000,0x0000007336f00000] [id=22580]
  0x0000023a00675f10 ConcurrentGCThread "G1 Main Marker" [stack: 0x0000007335500000,0x0000007335600000] [id=22756]
  0x0000023a006770c0 ConcurrentGCThread "G1 Conc#0" [stack: 0x0000007335600000,0x0000007335700000] [id=9908]
  0x0000023a16b9e060 ConcurrentGCThread "G1 Conc#1" [stack: 0x0000007336f00000,0x0000007337000000] [id=9852]
  0x0000023a006ee3b0 ConcurrentGCThread "G1 Refine#0" [stack: 0x0000007335700000,0x0000007335800000] [id=21572]
  0x0000023a144844d0 ConcurrentGCThread "G1 Service" [stack: 0x0000007335800000,0x0000007335900000] [id=24532]

Threads with active compile tasks:

VM state: at safepoint (normal execution)

VM Mutex/Monitor currently owned by a thread:  ([mutex/lock_event])
[0x0000023a0060e540] Threads_lock - owner thread: 0x0000023a1461b160
[0x0000023a0060f620] Heap_lock - owner thread: 0x0000023a16fd4de0

Heap address: 0x0000000701000000, size: 4080 MB, Compressed Oops mode: Zero based, Oop shift amount: 3

CDS archive(s) not mapped
Compressed class space mapped at: 0x0000000800000000-0x0000000840000000, reserved size: 1073741824
Narrow klass base: 0x0000000800000000, Narrow klass shift: 0, Narrow klass range: 0x40000000

GC Precious Log:
 CPUs: 8 total, 8 available
 Memory: 16316M
 Large Page Support: Disabled
 NUMA Support: Disabled
 Compressed Oops: Enabled (Zero based)
 Heap Region Size: 2M
 Heap Min Capacity: 8M
 Heap Initial Capacity: 256M
 Heap Max Capacity: 4080M
 Pre-touch: Disabled
 Parallel Workers: 8
 Concurrent Workers: 2
 Concurrent Refinement Workers: 8
 Periodic GC: Disabled

Heap:
 garbage-first heap   total 69632K, used 20183K [0x0000000701000000, 0x0000000800000000)
  region size 2048K, 1 young (2048K), 0 survivors (0K)
 Metaspace       used 38962K, committed 39360K, reserved 1089536K
  class space    used 4922K, committed 5120K, reserved 1048576K

Heap Regions: E=young(eden), S=young(survivor), O=old, HS=humongous(starts), HC=humongous(continues), CS=collection set, F=free, OA=open archive, CA=closed archive, TAMS=top-at-mark-start (previous, next)
|   0|0x0000000701000000, 0x00000007011ffb50, 0x0000000701200000| 99%| O|  |TAMS 0x00000007011ffb50, 0x0000000701000000| Untracked 
|   1|0x0000000701200000, 0x0000000701400000, 0x0000000701400000|100%| O|  |TAMS 0x0000000701400000, 0x0000000701200000| Untracked 
|   2|0x0000000701400000, 0x00000007015ffff0, 0x0000000701600000| 99%| O|  |TAMS 0x00000007015ffff0, 0x0000000701400000| Untracked 
|   3|0x0000000701600000, 0x00000007017ffff0, 0x0000000701800000| 99%| O|  |TAMS 0x00000007017ffff0, 0x0000000701600000| Untracked 
|   4|0x0000000701800000, 0x00000007019fe4e8, 0x0000000701a00000| 99%| O|  |TAMS 0x00000007019fe4e8, 0x0000000701800000| Untracked 
|   5|0x0000000701a00000, 0x0000000701bfffa0, 0x0000000701c00000| 99%| O|  |TAMS 0x0000000701bfffa0, 0x0000000701a00000| Untracked 
|   6|0x0000000701c00000, 0x0000000701dfacf8, 0x0000000701e00000| 98%| O|  |TAMS 0x0000000701dfacf8, 0x0000000701c00000| Untracked 
|   7|0x0000000701e00000, 0x0000000701ff3378, 0x0000000702000000| 97%| O|  |TAMS 0x0000000701ff3378, 0x0000000701e00000| Untracked 
|   8|0x0000000702000000, 0x00000007021c1db0, 0x0000000702200000| 87%| O|  |TAMS 0x0000000702000000, 0x0000000702000000| Untracked 
|   9|0x0000000702200000, 0x00000007023ffff8, 0x0000000702400000| 99%| O|  |TAMS 0x00000007023ffff8, 0x0000000702200000| Untracked 
|  10|0x0000000702400000, 0x0000000702407f98, 0x0000000702600000|  1%| O|  |TAMS 0x0000000702400000, 0x0000000702400000| Untracked 
|  11|0x0000000702600000, 0x0000000702600000, 0x0000000702800000|  0%| F|  |TAMS 0x0000000702600000, 0x0000000702600000| Untracked 
|  12|0x0000000702800000, 0x0000000702800000, 0x0000000702a00000|  0%| F|  |TAMS 0x0000000702800000, 0x0000000702800000| Untracked 
|  13|0x0000000702a00000, 0x0000000702a00000, 0x0000000702c00000|  0%| F|  |TAMS 0x0000000702a00000, 0x0000000702a00000| Untracked 
|  14|0x0000000702c00000, 0x0000000702c00000, 0x0000000702e00000|  0%| F|  |TAMS 0x0000000702c00000, 0x0000000702c00000| Untracked 
|  15|0x0000000702e00000, 0x0000000702e00000, 0x0000000703000000|  0%| F|  |TAMS 0x0000000702e00000, 0x0000000702e00000| Untracked 
|  16|0x0000000703000000, 0x0000000703000000, 0x0000000703200000|  0%| F|  |TAMS 0x0000000703000000, 0x0000000703000000| Untracked 
|  17|0x0000000703200000, 0x0000000703200000, 0x0000000703400000|  0%| F|  |TAMS 0x0000000703200000, 0x0000000703200000| Untracked 
|  18|0x0000000703400000, 0x0000000703400000, 0x0000000703600000|  0%| F|  |TAMS 0x0000000703400000, 0x0000000703400000| Untracked 
|  19|0x0000000703600000, 0x0000000703600000, 0x0000000703800000|  0%| F|  |TAMS 0x0000000703600000, 0x0000000703600000| Untracked 
|  20|0x0000000703800000, 0x0000000703800000, 0x0000000703a00000|  0%| F|  |TAMS 0x0000000703800000, 0x0000000703800000| Untracked 
|  21|0x0000000703a00000, 0x0000000703a00000, 0x0000000703c00000|  0%| F|  |TAMS 0x0000000703a00000, 0x0000000703a00000| Untracked 
|  22|0x0000000703c00000, 0x0000000703c00000, 0x0000000703e00000|  0%| F|  |TAMS 0x0000000703c00000, 0x0000000703c00000| Untracked 
|  23|0x0000000703e00000, 0x0000000703e00000, 0x0000000704000000|  0%| F|  |TAMS 0x0000000703e00000, 0x0000000703e00000| Untracked 
|  24|0x0000000704000000, 0x0000000704000000, 0x0000000704200000|  0%| F|  |TAMS 0x0000000704000000, 0x0000000704000000| Untracked 
|  25|0x0000000704200000, 0x0000000704200000, 0x0000000704400000|  0%| F|  |TAMS 0x0000000704200000, 0x0000000704200000| Untracked 
|  26|0x0000000704400000, 0x0000000704400000, 0x0000000704600000|  0%| F|  |TAMS 0x0000000704400000, 0x0000000704400000| Untracked 
|  27|0x0000000704600000, 0x0000000704600000, 0x0000000704800000|  0%| F|  |TAMS 0x0000000704600000, 0x0000000704600000| Untracked 
|  28|0x0000000704800000, 0x0000000704800000, 0x0000000704a00000|  0%| F|  |TAMS 0x0000000704800000, 0x0000000704800000| Untracked 
|  29|0x0000000704a00000, 0x0000000704a00000, 0x0000000704c00000|  0%| F|  |TAMS 0x0000000704a00000, 0x0000000704a00000| Untracked 
|  30|0x0000000704c00000, 0x0000000704c00000, 0x0000000704e00000|  0%| F|  |TAMS 0x0000000704c00000, 0x0000000704c00000| Untracked 
|  31|0x0000000704e00000, 0x0000000704e00000, 0x0000000705000000|  0%| F|  |TAMS 0x0000000704e00000, 0x0000000704e00000| Untracked 
|  32|0x0000000705000000, 0x0000000705000000, 0x0000000705200000|  0%| F|  |TAMS 0x0000000705000000, 0x0000000705000000| Untracked 
|  33|0x0000000705200000, 0x0000000705206890, 0x0000000705400000|  1%| E|  |TAMS 0x0000000705200000, 0x0000000705200000| Complete 

Card table byte_map: [0x0000023a08b90000,0x0000023a09390000] _byte_map_base: 0x0000023a05388000

Marking Bits (Prev, Next): (CMBitMap*) 0x0000023a00665720, (CMBitMap*) 0x0000023a006656e0
 Prev Bits: [0x0000023a0db50000, 0x0000023a11b10000)
 Next Bits: [0x0000023a09b90000, 0x0000023a0db50000)

Polling page: 0x0000023a006f0000

Metaspace:

Usage:
  Non-class:     33.24 MB used.
      Class:      4.81 MB used.
       Both:     38.05 MB used.

Virtual space:
  Non-class space:       40.00 MB reserved,      33.44 MB ( 84%) committed,  5 nodes.
      Class space:        1.00 GB reserved,       5.00 MB ( <1%) committed,  1 nodes.
             Both:        1.04 GB reserved,      38.44 MB (  4%) committed. 

Chunk freelists:
   Non-Class:  2.28 MB
       Class:  3.02 MB
        Both:  5.30 MB

MaxMetaspaceSize: unlimited
CompressedClassSpaceSize: 1.00 GB
Initial GC threshold: 21.00 MB
Current GC threshold: 64.06 MB
CDS: off
MetaspaceReclaimPolicy: balanced
 - commit_granule_bytes: 65536.
 - commit_granule_words: 8192.
 - virtual_space_node_default_size: 1048576.
 - enlarge_chunks_in_place: 1.
 - new_chunks_are_fully_committed: 0.
 - uncommit_free_chunks: 1.
 - use_allocation_guard: 0.
 - handle_deallocations: 1.


Internal statistics:

num_allocs_failed_limit: 6.
num_arena_births: 328.
num_arena_deaths: 92.
num_vsnodes_births: 6.
num_vsnodes_deaths: 0.
num_space_committed: 615.
num_space_uncommitted: 0.
num_chunks_returned_to_freelist: 100.
num_chunks_taken_from_freelist: 1474.
num_chunk_merges: 35.
num_chunk_splits: 1023.
num_chunks_enlarged: 816.
num_purges: 4.
num_inconsistent_stats: 0.

CodeCache: size=49152Kb used=8892Kb max_used=10127Kb free=40259Kb
 bounds [0x0000023a04ab0000, 0x0000023a054a0000, 0x0000023a07ab0000]
 total_blobs=5103 nmethods=4553 adapters=476
 compilation: enabled
              stopped_count=0, restarted_count=0
 full_count=0

Compilation events (20 events):
Event: 809.878 Thread 0x0000023a15058a50 4545       1       java.io.FileDescriptor$1::setHandle (6 bytes)
Event: 809.878 Thread 0x0000023a15058a50 nmethod 4545 0x0000023a04e0c010 code [0x0000023a04e0c1a0, 0x0000023a04e0c308]
Event: 809.878 Thread 0x0000023a15058a50 4546       1       java.io.FileDescriptor::setHandle (33 bytes)
Event: 809.879 Thread 0x0000023a15058a50 nmethod 4546 0x0000023a04e0bc90 code [0x0000023a04e0be20, 0x0000023a04e0bf88]
Event: 809.879 Thread 0x0000023a15058a50 4547       1       java.io.FileDescriptor$1::registerCleanup (5 bytes)
Event: 809.879 Thread 0x0000023a15058a50 nmethod 4547 0x0000023a04e0b990 code [0x0000023a04e0bb20, 0x0000023a04e0bc08]
Event: 830.574 Thread 0x0000023a15058a50 4548       1       java.util.concurrent.ScheduledThreadPoolExecutor::canRunInCurrentRunState (61 bytes)
Event: 830.574 Thread 0x0000023a15058a50 nmethod 4548 0x0000023a04e0b390 code [0x0000023a04e0b540, 0x0000023a04e0b808]
Event: 973.026 Thread 0x0000023a15058a50 4549       1       org.springframework.ide.vscode.commons.languageserver.util.ParentProcessWatcher::isWindows (30 bytes)
Event: 973.027 Thread 0x0000023a15058a50 nmethod 4549 0x0000023a04e0ad90 code [0x0000023a04e0af80, 0x0000023a04e0b1d8]
Event: 973.230 Thread 0x0000023a15058a50 4550   !   1       com.google.common.io.Closeables::close (37 bytes)
Event: 973.255 Thread 0x0000023a15058a50 nmethod 4550 0x0000023a04e0a610 code [0x0000023a04e0a800, 0x0000023a04e0ab38]
Event: 983.270 Thread 0x0000023a15058a50 4551       1       java.lang.Integer::toString (8 bytes)
Event: 983.270 Thread 0x0000023a15058a50 nmethod 4551 0x0000023a04e0a310 code [0x0000023a04e0a4a0, 0x0000023a04e0a588]
Event: 1003.848 Thread 0x0000023a15058a50 4552       1       java.util.concurrent.ThreadPoolExecutor::workerCountOf (5 bytes)
Event: 1003.848 Thread 0x0000023a15058a50 nmethod 4552 0x0000023a04e0a010 code [0x0000023a04e0a1a0, 0x0000023a04e0a258]
Event: 1065.128 Thread 0x0000023a15058a50 4553       1       jdk.internal.misc.Unsafe::putReferenceOpaque (9 bytes)
Event: 1065.129 Thread 0x0000023a15058a50 nmethod 4553 0x0000023a04e09d10 code [0x0000023a04e09ea0, 0x0000023a04e09fb8]
Event: 1095.691 Thread 0x0000023a15058a50 4554       1       java.util.concurrent.locks.ReentrantLock$Sync::isHeldExclusively (16 bytes)
Event: 1095.691 Thread 0x0000023a15058a50 nmethod 4554 0x0000023a04e09a10 code [0x0000023a04e09ba0, 0x0000023a04e09c98]

GC Heap History (20 events):
Event: 1034.484 GC heap before
{Heap before GC invocations=103 (full 91):
 garbage-first heap   total 69632K, used 20183K [0x0000000701000000, 0x0000000800000000)
  region size 2048K, 1 young (2048K), 0 survivors (0K)
 Metaspace       used 38962K, committed 39360K, reserved 1089536K
  class space    used 4922K, committed 5120K, reserved 1048576K
}
Event: 1034.512 GC heap after
{Heap after GC invocations=104 (full 92):
 garbage-first heap   total 69632K, used 20183K [0x0000000701000000, 0x0000000800000000)
  region size 2048K, 0 young (0K), 0 survivors (0K)
 Metaspace       used 38962K, committed 39360K, reserved 1089536K
  class space    used 4922K, committed 5120K, reserved 1048576K
}
Event: 1044.651 GC heap before
{Heap before GC invocations=104 (full 92):
 garbage-first heap   total 69632K, used 20183K [0x0000000701000000, 0x0000000800000000)
  region size 2048K, 1 young (2048K), 0 survivors (0K)
 Metaspace       used 38962K, committed 39360K, reserved 1089536K
  class space    used 4922K, committed 5120K, reserved 1048576K
}
Event: 1044.677 GC heap after
{Heap after GC invocations=105 (full 93):
 garbage-first heap   total 69632K, used 20183K [0x0000000701000000, 0x0000000800000000)
  region size 2048K, 0 young (0K), 0 survivors (0K)
 Metaspace       used 38962K, committed 39360K, reserved 1089536K
  class space    used 4922K, committed 5120K, reserved 1048576K
}
Event: 1054.854 GC heap before
{Heap before GC invocations=105 (full 93):
 garbage-first heap   total 69632K, used 20183K [0x0000000701000000, 0x0000000800000000)
  region size 2048K, 1 young (2048K), 0 survivors (0K)
 Metaspace       used 38962K, committed 39360K, reserved 1089536K
  class space    used 4922K, committed 5120K, reserved 1048576K
}
Event: 1054.891 GC heap after
{Heap after GC invocations=106 (full 94):
 garbage-first heap   total 69632K, used 20183K [0x0000000701000000, 0x0000000800000000)
  region size 2048K, 0 young (0K), 0 survivors (0K)
 Metaspace       used 38962K, committed 39360K, reserved 1089536K
  class space    used 4922K, committed 5120K, reserved 1048576K
}
Event: 1065.102 GC heap before
{Heap before GC invocations=106 (full 94):
 garbage-first heap   total 69632K, used 20183K [0x0000000701000000, 0x0000000800000000)
  region size 2048K, 1 young (2048K), 0 survivors (0K)
 Metaspace       used 38962K, committed 39360K, reserved 1089536K
  class space    used 4922K, committed 5120K, reserved 1048576K
}
Event: 1065.128 GC heap after
{Heap after GC invocations=107 (full 95):
 garbage-first heap   total 69632K, used 20183K [0x0000000701000000, 0x0000000800000000)
  region size 2048K, 0 young (0K), 0 survivors (0K)
 Metaspace       used 38962K, committed 39360K, reserved 1089536K
  class space    used 4922K, committed 5120K, reserved 1048576K
}
Event: 1075.308 GC heap before
{Heap before GC invocations=107 (full 95):
 garbage-first heap   total 69632K, used 20183K [0x0000000701000000, 0x0000000800000000)
  region size 2048K, 1 young (2048K), 0 survivors (0K)
 Metaspace       used 38962K, committed 39360K, reserved 1089536K
  class space    used 4922K, committed 5120K, reserved 1048576K
}
Event: 1075.338 GC heap after
{Heap after GC invocations=108 (full 96):
 garbage-first heap   total 69632K, used 20183K [0x0000000701000000, 0x0000000800000000)
  region size 2048K, 0 young (0K), 0 survivors (0K)
 Metaspace       used 38962K, committed 39360K, reserved 1089536K
  class space    used 4922K, committed 5120K, reserved 1048576K
}
Event: 1085.493 GC heap before
{Heap before GC invocations=108 (full 96):
 garbage-first heap   total 69632K, used 20183K [0x0000000701000000, 0x0000000800000000)
  region size 2048K, 1 young (2048K), 0 survivors (0K)
 Metaspace       used 38962K, committed 39360K, reserved 1089536K
  class space    used 4922K, committed 5120K, reserved 1048576K
}
Event: 1085.518 GC heap after
{Heap after GC invocations=109 (full 97):
 garbage-first heap   total 69632K, used 20183K [0x0000000701000000, 0x0000000800000000)
  region size 2048K, 0 young (0K), 0 survivors (0K)
 Metaspace       used 38962K, committed 39360K, reserved 1089536K
  class space    used 4922K, committed 5120K, reserved 1048576K
}
Event: 1095.664 GC heap before
{Heap before GC invocations=109 (full 97):
 garbage-first heap   total 69632K, used 20183K [0x0000000701000000, 0x0000000800000000)
  region size 2048K, 1 young (2048K), 0 survivors (0K)
 Metaspace       used 38962K, committed 39360K, reserved 1089536K
  class space    used 4922K, committed 5120K, reserved 1048576K
}
Event: 1095.691 GC heap after
{Heap after GC invocations=110 (full 98):
 garbage-first heap   total 69632K, used 20183K [0x0000000701000000, 0x0000000800000000)
  region size 2048K, 0 young (0K), 0 survivors (0K)
 Metaspace       used 38962K, committed 39360K, reserved 1089536K
  class space    used 4922K, committed 5120K, reserved 1048576K
}
Event: 1105.828 GC heap before
{Heap before GC invocations=110 (full 98):
 garbage-first heap   total 69632K, used 20183K [0x0000000701000000, 0x0000000800000000)
  region size 2048K, 1 young (2048K), 0 survivors (0K)
 Metaspace       used 38962K, committed 39360K, reserved 1089536K
  class space    used 4922K, committed 5120K, reserved 1048576K
}
Event: 1105.852 GC heap after
{Heap after GC invocations=111 (full 99):
 garbage-first heap   total 69632K, used 20183K [0x0000000701000000, 0x0000000800000000)
  region size 2048K, 0 young (0K), 0 survivors (0K)
 Metaspace       used 38962K, committed 39360K, reserved 1089536K
  class space    used 4922K, committed 5120K, reserved 1048576K
}
Event: 1116.114 GC heap before
{Heap before GC invocations=111 (full 99):
 garbage-first heap   total 69632K, used 20183K [0x0000000701000000, 0x0000000800000000)
  region size 2048K, 1 young (2048K), 0 survivors (0K)
 Metaspace       used 38962K, committed 39360K, reserved 1089536K
  class space    used 4922K, committed 5120K, reserved 1048576K
}
Event: 1116.138 GC heap after
{Heap after GC invocations=112 (full 100):
 garbage-first heap   total 69632K, used 20183K [0x0000000701000000, 0x0000000800000000)
  region size 2048K, 0 young (0K), 0 survivors (0K)
 Metaspace       used 38962K, committed 39360K, reserved 1089536K
  class space    used 4922K, committed 5120K, reserved 1048576K
}
Event: 1126.332 GC heap before
{Heap before GC invocations=112 (full 100):
 garbage-first heap   total 69632K, used 20183K [0x0000000701000000, 0x0000000800000000)
  region size 2048K, 1 young (2048K), 0 survivors (0K)
 Metaspace       used 38962K, committed 39360K, reserved 1089536K
  class space    used 4922K, committed 5120K, reserved 1048576K
}
Event: 1126.356 GC heap after
{Heap after GC invocations=113 (full 101):
 garbage-first heap   total 69632K, used 20183K [0x0000000701000000, 0x0000000800000000)
  region size 2048K, 0 young (0K), 0 survivors (0K)
 Metaspace       used 38962K, committed 39360K, reserved 1089536K
  class space    used 4922K, committed 5120K, reserved 1048576K
}

Deoptimization events (20 events):
Event: 3.542 Thread 0x0000023a170e6530 DEOPT PACKING pc=0x0000023a05407aac sp=0x00000073377fe9b0
Event: 3.543 Thread 0x0000023a170e6530 DEOPT UNPACKING pc=0x0000023a04b02b43 sp=0x00000073377fde30 mode 0
Event: 3.543 Thread 0x0000023a17074e20 DEOPT PACKING pc=0x0000023a05406ca4 sp=0x00000073375fd7d0
Event: 3.543 Thread 0x0000023a17074e20 DEOPT UNPACKING pc=0x0000023a04b02b43 sp=0x00000073375fcca8 mode 0
Event: 3.543 Thread 0x0000023a170e6530 DEOPT PACKING pc=0x0000023a05407aac sp=0x00000073377fead0
Event: 3.543 Thread 0x0000023a170e6530 DEOPT UNPACKING pc=0x0000023a04b02b43 sp=0x00000073377fdf50 mode 0
Event: 3.543 Thread 0x0000023a170e6530 DEOPT PACKING pc=0x0000023a05406ca4 sp=0x00000073377febf0
Event: 3.543 Thread 0x0000023a170e6530 DEOPT UNPACKING pc=0x0000023a04b02b43 sp=0x00000073377fe0c8 mode 0
Event: 3.543 Thread 0x0000023a17074e20 DEOPT PACKING pc=0x0000023a05406ca4 sp=0x00000073375fd960
Event: 3.543 Thread 0x0000023a17074e20 DEOPT UNPACKING pc=0x0000023a04b02b43 sp=0x00000073375fce38 mode 0
Event: 3.544 Thread 0x0000023a17074e20 DEOPT PACKING pc=0x0000023a05406ca4 sp=0x00000073375fdaf0
Event: 3.544 Thread 0x0000023a17074e20 DEOPT UNPACKING pc=0x0000023a04b02b43 sp=0x00000073375fcfc8 mode 0
Event: 3.544 Thread 0x0000023a17074e20 DEOPT PACKING pc=0x0000023a05406ca4 sp=0x00000073375fdc80
Event: 3.544 Thread 0x0000023a17074e20 DEOPT UNPACKING pc=0x0000023a04b02b43 sp=0x00000073375fd158 mode 0
Event: 3.544 Thread 0x0000023a170e6530 DEOPT PACKING pc=0x0000023a05406ca4 sp=0x00000073377fed80
Event: 3.544 Thread 0x0000023a170e6530 DEOPT UNPACKING pc=0x0000023a04b02b43 sp=0x00000073377fe258 mode 0
Event: 3.695 Thread 0x0000023a170e6060 DEOPT PACKING pc=0x0000023a0547c733 sp=0x00000073378fd320
Event: 3.695 Thread 0x0000023a170e6060 DEOPT UNPACKING pc=0x0000023a04b02b43 sp=0x00000073378fc818 mode 3
Event: 404.806 Thread 0x0000023a16dbce50 DEOPT PACKING pc=0x0000023a050f1ad4 sp=0x00000073372fee90
Event: 404.806 Thread 0x0000023a16dbce50 DEOPT UNPACKING pc=0x0000023a04b02b43 sp=0x00000073372fe338 mode 0

Classes unloaded (20 events):
Event: 73.131 Thread 0x0000023a1461b160 Unloading class 0x00000008002e2000 'java/lang/invoke/LambdaForm$MH+0x00000008002e2000'
Event: 73.131 Thread 0x0000023a1461b160 Unloading class 0x00000008002e1c00 'java/lang/invoke/LambdaForm$MH+0x00000008002e1c00'
Event: 73.131 Thread 0x0000023a1461b160 Unloading class 0x00000008002e1800 'java/lang/invoke/LambdaForm$MH+0x00000008002e1800'
Event: 73.131 Thread 0x0000023a1461b160 Unloading class 0x00000008002e1400 'java/lang/invoke/LambdaForm$MH+0x00000008002e1400'
Event: 73.131 Thread 0x0000023a1461b160 Unloading class 0x00000008002e0c00 'java/lang/invoke/LambdaForm$DMH+0x00000008002e0c00'
Event: 73.131 Thread 0x0000023a1461b160 Unloading class 0x00000008002e0400 'java/lang/invoke/LambdaForm$DMH+0x00000008002e0400'
Event: 73.131 Thread 0x0000023a1461b160 Unloading class 0x00000008001de800 'java/lang/invoke/LambdaForm$MH+0x00000008001de800'
Event: 73.131 Thread 0x0000023a1461b160 Unloading class 0x00000008001de400 'java/lang/invoke/LambdaForm$MH+0x00000008001de400'
Event: 73.131 Thread 0x0000023a1461b160 Unloading class 0x00000008001de000 'java/lang/invoke/LambdaForm$MH+0x00000008001de000'
Event: 73.131 Thread 0x0000023a1461b160 Unloading class 0x00000008001ddc00 'java/lang/invoke/LambdaForm$MH+0x00000008001ddc00'
Event: 73.131 Thread 0x0000023a1461b160 Unloading class 0x00000008001dd800 'java/lang/invoke/LambdaForm$MH+0x00000008001dd800'
Event: 73.131 Thread 0x0000023a1461b160 Unloading class 0x00000008001dd000 'java/lang/invoke/LambdaForm$MH+0x00000008001dd000'
Event: 73.131 Thread 0x0000023a1461b160 Unloading class 0x00000008000ca800 'java/lang/invoke/LambdaForm$MH+0x00000008000ca800'
Event: 73.131 Thread 0x0000023a1461b160 Unloading class 0x00000008000ca000 'java/lang/invoke/LambdaForm$MH+0x00000008000ca000'
Event: 73.131 Thread 0x0000023a1461b160 Unloading class 0x00000008000c9c00 'java/lang/invoke/LambdaForm$MH+0x00000008000c9c00'
Event: 73.131 Thread 0x0000023a1461b160 Unloading class 0x00000008000c9800 'java/lang/invoke/LambdaForm$MH+0x00000008000c9800'
Event: 73.131 Thread 0x0000023a1461b160 Unloading class 0x00000008000c9000 'java/lang/invoke/LambdaForm$MH+0x00000008000c9000'
Event: 73.131 Thread 0x0000023a1461b160 Unloading class 0x00000008000c8c00 'java/lang/invoke/LambdaForm$MH+0x00000008000c8c00'
Event: 73.131 Thread 0x0000023a1461b160 Unloading class 0x00000008000c8800 'java/lang/invoke/LambdaForm$MH+0x00000008000c8800'
Event: 73.131 Thread 0x0000023a1461b160 Unloading class 0x00000008000c8000 'java/lang/invoke/LambdaForm$MH+0x00000008000c8000'

Classes redefined (0 events):
No events

Internal exceptions (20 events):
Event: 42.249 Thread 0x0000023a16fd4de0 Exception <a 'java/lang/NoSuchMethodError'{0x0000000703cf94e8}: 'void java.lang.invoke.DirectMethodHandle$Holder.invokeStatic(java.lang.Object, long)'> (0x0000000703cf94e8) 
thrown [e:\jenkins\tmp\workspace\build\src\src\hotspot\share\interpreter\linkResolver.cpp, line 766]
Event: 42.250 Thread 0x0000023a16fd4de0 Exception <a 'java/lang/NoSuchMethodError'{0x0000000703cfe890}: 'java.lang.Object java.lang.invoke.DirectMethodHandle$Holder.newInvokeSpecial(java.lang.Object, long)'> (0x0000000703cfe890) 
thrown [e:\jenkins\tmp\workspace\build\src\src\hotspot\share\interpreter\linkResolver.cpp, line 766]
Event: 42.253 Thread 0x0000023a16fd4de0 Exception <a 'java/lang/NoSuchMethodError'{0x0000000703d05438}: 'java.lang.Object java.lang.invoke.DirectMethodHandle$Holder.invokeStatic(java.lang.Object, java.lang.Object, long, java.lang.Object)'> (0x0000000703d05438) 
thrown [e:\jenkins\tmp\workspace\build\src\src\hotspot\share\interpreter\linkResolver.cpp, line 766]
Event: 42.254 Thread 0x0000023a16fd4de0 Exception <a 'java/lang/NoSuchMethodError'{0x0000000703d08ed0}: 'java.lang.Object java.lang.invoke.DirectMethodHandle$Holder.invokeStaticInit(java.lang.Object, java.lang.Object, long, java.lang.Object)'> (0x0000000703d08ed0) 
thrown [e:\jenkins\tmp\workspace\build\src\src\hotspot\share\interpreter\linkResolver.cpp, line 766]
Event: 42.255 Thread 0x0000023a16fd4de0 Exception <a 'java/lang/NoSuchMethodError'{0x0000000703d0f200}: 'java.lang.Object java.lang.invoke.DirectMethodHandle$Holder.newInvokeSpecial(java.lang.Object, java.lang.Object, long)'> (0x0000000703d0f200) 
thrown [e:\jenkins\tmp\workspace\build\src\src\hotspot\share\interpreter\linkResolver.cpp, line 766]
Event: 745.111 Thread 0x0000023a170e4380 Exception <a 'java/lang/ArrayIndexOutOfBoundsException'{0x00000007052946a0}> (0x00000007052946a0) 
thrown [e:\jenkins\tmp\workspace\build\src\src\hotspot\share\runtime\sharedRuntime.cpp, line 628]
Event: 745.137 Thread 0x0000023a170e4380 Exception <a 'java/lang/ArrayIndexOutOfBoundsException'{0x0000000704b6af20}> (0x0000000704b6af20) 
thrown [e:\jenkins\tmp\workspace\build\src\src\hotspot\share\runtime\sharedRuntime.cpp, line 628]
Event: 745.142 Thread 0x0000023a170e4380 Exception <a 'java/lang/ArrayIndexOutOfBoundsException'{0x0000000704b79208}> (0x0000000704b79208) 
thrown [e:\jenkins\tmp\workspace\build\src\src\hotspot\share\runtime\sharedRuntime.cpp, line 628]
Event: 745.144 Thread 0x0000023a170e4380 Exception <a 'java/lang/ArrayIndexOutOfBoundsException'{0x0000000704b91610}> (0x0000000704b91610) 
thrown [e:\jenkins\tmp\workspace\build\src\src\hotspot\share\runtime\sharedRuntime.cpp, line 628]
Event: 745.145 Thread 0x0000023a170e4380 Exception <a 'java/lang/ArrayIndexOutOfBoundsException'{0x0000000704ba7e28}> (0x0000000704ba7e28) 
thrown [e:\jenkins\tmp\workspace\build\src\src\hotspot\share\runtime\sharedRuntime.cpp, line 628]
Event: 745.146 Thread 0x0000023a170e4380 Exception <a 'java/lang/ArrayIndexOutOfBoundsException'{0x0000000704bbb260}> (0x0000000704bbb260) 
thrown [e:\jenkins\tmp\workspace\build\src\src\hotspot\share\runtime\sharedRuntime.cpp, line 628]
Event: 745.149 Thread 0x0000023a170e4380 Exception <a 'java/lang/ArrayIndexOutOfBoundsException'{0x0000000704bd9860}> (0x0000000704bd9860) 
thrown [e:\jenkins\tmp\workspace\build\src\src\hotspot\share\runtime\sharedRuntime.cpp, line 628]
Event: 745.152 Thread 0x0000023a170e4380 Exception <a 'java/lang/ArrayIndexOutOfBoundsException'{0x0000000704bfe960}> (0x0000000704bfe960) 
thrown [e:\jenkins\tmp\workspace\build\src\src\hotspot\share\runtime\sharedRuntime.cpp, line 628]
Event: 745.158 Thread 0x0000023a170e4380 Exception <a 'java/lang/ArrayIndexOutOfBoundsException'{0x00000007048357e8}> (0x00000007048357e8) 
thrown [e:\jenkins\tmp\workspace\build\src\src\hotspot\share\runtime\sharedRuntime.cpp, line 628]
Event: 745.159 Thread 0x0000023a170e4380 Exception <a 'java/lang/ArrayIndexOutOfBoundsException'{0x00000007048482d0}> (0x00000007048482d0) 
thrown [e:\jenkins\tmp\workspace\build\src\src\hotspot\share\runtime\sharedRuntime.cpp, line 628]
Event: 745.159 Thread 0x0000023a170e4380 Exception <a 'java/lang/ArrayIndexOutOfBoundsException'{0x000000070485adb0}> (0x000000070485adb0) 
thrown [e:\jenkins\tmp\workspace\build\src\src\hotspot\share\runtime\sharedRuntime.cpp, line 628]
Event: 745.170 Thread 0x0000023a170e4380 Exception <a 'java/lang/ArrayIndexOutOfBoundsException'{0x0000000704935c28}> (0x0000000704935c28) 
thrown [e:\jenkins\tmp\workspace\build\src\src\hotspot\share\runtime\sharedRuntime.cpp, line 628]
Event: 745.171 Thread 0x0000023a170e4380 Exception <a 'java/lang/ArrayIndexOutOfBoundsException'{0x000000070494b540}> (0x000000070494b540) 
thrown [e:\jenkins\tmp\workspace\build\src\src\hotspot\share\runtime\sharedRuntime.cpp, line 628]
Event: 745.172 Thread 0x0000023a170e4380 Exception <a 'java/lang/ArrayIndexOutOfBoundsException'{0x0000000704967080}> (0x0000000704967080) 
thrown [e:\jenkins\tmp\workspace\build\src\src\hotspot\share\runtime\sharedRuntime.cpp, line 628]
Event: 745.286 Thread 0x0000023a170e4380 Exception <a 'java/lang/ArrayIndexOutOfBoundsException'{0x0000000704447018}> (0x0000000704447018) 
thrown [e:\jenkins\tmp\workspace\build\src\src\hotspot\share\runtime\sharedRuntime.cpp, line 628]

VM Operations (20 events):
Event: 1034.512 Executing VM operation: G1CollectFull done
Event: 1044.651 Executing VM operation: G1CollectFull
Event: 1044.677 Executing VM operation: G1CollectFull done
Event: 1054.853 Executing VM operation: G1CollectFull
Event: 1054.891 Executing VM operation: G1CollectFull done
Event: 1065.101 Executing VM operation: G1CollectFull
Event: 1065.128 Executing VM operation: G1CollectFull done
Event: 1075.308 Executing VM operation: G1CollectFull
Event: 1075.338 Executing VM operation: G1CollectFull done
Event: 1085.493 Executing VM operation: G1CollectFull
Event: 1085.518 Executing VM operation: G1CollectFull done
Event: 1095.664 Executing VM operation: G1CollectFull
Event: 1095.691 Executing VM operation: G1CollectFull done
Event: 1105.828 Executing VM operation: G1CollectFull
Event: 1105.852 Executing VM operation: G1CollectFull done
Event: 1116.114 Executing VM operation: G1CollectFull
Event: 1116.138 Executing VM operation: G1CollectFull done
Event: 1126.332 Executing VM operation: G1CollectFull
Event: 1126.356 Executing VM operation: G1CollectFull done
Event: 1136.500 Executing VM operation: G1CollectFull

Events (20 events):
Event: 42.237 loading class java/lang/ProcessBuilder done
Event: 42.237 loading class java/lang/ProcessImpl
Event: 42.238 loading class java/lang/Process
Event: 42.238 loading class java/lang/Process done
Event: 42.238 loading class java/lang/ProcessImpl done
Event: 42.251 loading class java/lang/ProcessHandleImpl
Event: 42.252 loading class java/lang/ProcessHandle
Event: 42.252 loading class java/lang/ProcessHandle done
Event: 42.252 loading class java/lang/ProcessHandleImpl done
Event: 42.256 loading class java/lang/ProcessImpl$2
Event: 42.256 loading class java/lang/ProcessImpl$2 done
Event: 42.257 loading class java/lang/Process$PipeInputStream
Event: 42.257 loading class java/lang/Process$PipeInputStream done
Event: 42.258 loading class jdk/internal/event/ProcessStartEvent
Event: 42.259 loading class jdk/internal/event/ProcessStartEvent done
Event: 63.589 Thread 0x0000023a170e6530 Thread exited: 0x0000023a170e6530
Event: 745.079 Thread 0x0000023a170e4380 Thread added: 0x0000023a170e4380
Event: 745.203 Thread 0x0000023a1583d420 Thread added: 0x0000023a1583d420
Event: 750.376 Thread 0x0000023a1583d420 Thread exited: 0x0000023a1583d420
Event: 805.376 Thread 0x0000023a170e4380 Thread exited: 0x0000023a170e4380


Dynamic libraries:
0x00007ff6f6940000 - 0x00007ff6f694e000 	c:\Users\Pilar\.vscode\extensions\redhat.java-1.6.0-win32-x64\jre\17.0.2-win32-x86_64\bin\java.exe
0x00007ffb74310000 - 0x00007ffb74505000 	C:\WINDOWS\SYSTEM32\ntdll.dll
0x00007ffb72ae0000 - 0x00007ffb72b9e000 	C:\WINDOWS\System32\KERNEL32.DLL
0x00007ffb71a30000 - 0x00007ffb71cf8000 	C:\WINDOWS\System32\KERNELBASE.dll
0x00007ffb72270000 - 0x00007ffb72370000 	C:\WINDOWS\System32\ucrtbase.dll
0x00007ffb6aca0000 - 0x00007ffb6acb8000 	c:\Users\Pilar\.vscode\extensions\redhat.java-1.6.0-win32-x64\jre\17.0.2-win32-x86_64\bin\jli.dll
0x00007ffb6abe0000 - 0x00007ffb6abf9000 	c:\Users\Pilar\.vscode\extensions\redhat.java-1.6.0-win32-x64\jre\17.0.2-win32-x86_64\bin\VCRUNTIME140.dll
0x00007ffb73950000 - 0x00007ffb73af0000 	C:\WINDOWS\System32\USER32.dll
0x00007ffb632f0000 - 0x00007ffb6358a000 	C:\WINDOWS\WinSxS\amd64_microsoft.windows.common-controls_6595b64144ccf1df_6.0.19041.1110_none_60b5254171f9507e\COMCTL32.dll
0x00007ffb720e0000 - 0x00007ffb72102000 	C:\WINDOWS\System32\win32u.dll
0x00007ffb74220000 - 0x00007ffb742be000 	C:\WINDOWS\System32\msvcrt.dll
0x00007ffb72aa0000 - 0x00007ffb72aca000 	C:\WINDOWS\System32\GDI32.dll
0x00007ffb71d00000 - 0x00007ffb71e0b000 	C:\WINDOWS\System32\gdi32full.dll
0x00007ffb71f30000 - 0x00007ffb71fcd000 	C:\WINDOWS\System32\msvcp_win.dll
0x00007ffb72cc0000 - 0x00007ffb72cf0000 	C:\WINDOWS\System32\IMM32.DLL
0x00007ffb6d560000 - 0x00007ffb6d56c000 	c:\Users\Pilar\.vscode\extensions\redhat.java-1.6.0-win32-x64\jre\17.0.2-win32-x86_64\bin\vcruntime140_1.dll
0x00007ffb52a20000 - 0x00007ffb52ab1000 	c:\Users\Pilar\.vscode\extensions\redhat.java-1.6.0-win32-x64\jre\17.0.2-win32-x86_64\bin\msvcp140.dll
0x00007ffb2f450000 - 0x00007ffb30097000 	c:\Users\Pilar\.vscode\extensions\redhat.java-1.6.0-win32-x64\jre\17.0.2-win32-x86_64\bin\server\jvm.dll
0x00007ffb72d50000 - 0x00007ffb72dfe000 	C:\WINDOWS\System32\ADVAPI32.dll
0x00007ffb73820000 - 0x00007ffb738bc000 	C:\WINDOWS\System32\sechost.dll
0x00007ffb740f0000 - 0x00007ffb74215000 	C:\WINDOWS\System32\RPCRT4.dll
0x00007ffb742c0000 - 0x00007ffb742c8000 	C:\WINDOWS\System32\PSAPI.DLL
0x00007ffb305c0000 - 0x00007ffb305c9000 	C:\WINDOWS\SYSTEM32\WSOCK32.dll
0x00007ffb6b5f0000 - 0x00007ffb6b5fa000 	C:\WINDOWS\SYSTEM32\VERSION.dll
0x00007ffb66a20000 - 0x00007ffb66a47000 	C:\WINDOWS\SYSTEM32\WINMM.dll
0x00007ffb72c50000 - 0x00007ffb72cbb000 	C:\WINDOWS\System32\WS2_32.dll
0x00007ffb6f950000 - 0x00007ffb6f962000 	C:\WINDOWS\SYSTEM32\kernel.appcore.dll
0x00007ffb65fc0000 - 0x00007ffb65fca000 	c:\Users\Pilar\.vscode\extensions\redhat.java-1.6.0-win32-x64\jre\17.0.2-win32-x86_64\bin\jimage.dll
0x00007ffb5de30000 - 0x00007ffb5e014000 	C:\WINDOWS\SYSTEM32\DBGHELP.DLL
0x00007ffb5dcb0000 - 0x00007ffb5dcdc000 	C:\WINDOWS\SYSTEM32\dbgcore.DLL
0x00007ffb72020000 - 0x00007ffb720a2000 	C:\WINDOWS\System32\bcryptPrimitives.dll
0x00007ffb5f700000 - 0x00007ffb5f725000 	c:\Users\Pilar\.vscode\extensions\redhat.java-1.6.0-win32-x64\jre\17.0.2-win32-x86_64\bin\java.dll
0x00007ffb65b80000 - 0x00007ffb65b98000 	c:\Users\Pilar\.vscode\extensions\redhat.java-1.6.0-win32-x64\jre\17.0.2-win32-x86_64\bin\zip.dll
0x00007ffb72e00000 - 0x00007ffb73544000 	C:\WINDOWS\System32\SHELL32.dll
0x00007ffb6fb50000 - 0x00007ffb702e4000 	C:\WINDOWS\SYSTEM32\windows.storage.dll
0x00007ffb73d90000 - 0x00007ffb740e4000 	C:\WINDOWS\System32\combase.dll
0x00007ffb714a0000 - 0x00007ffb714cc000 	C:\WINDOWS\SYSTEM32\Wldp.dll
0x00007ffb72ba0000 - 0x00007ffb72c4d000 	C:\WINDOWS\System32\SHCORE.dll
0x00007ffb72a40000 - 0x00007ffb72a95000 	C:\WINDOWS\System32\shlwapi.dll
0x00007ffb71970000 - 0x00007ffb7198f000 	C:\WINDOWS\SYSTEM32\profapi.dll
0x00007ffb5f520000 - 0x00007ffb5f539000 	C:\Users\Pilar\.vscode\extensions\redhat.java-1.6.0-win32-x64\jre\17.0.2-win32-x86_64\bin\net.dll
0x00007ffb653d0000 - 0x00007ffb654da000 	C:\WINDOWS\SYSTEM32\WINHTTP.dll
0x00007ffb71200000 - 0x00007ffb7126a000 	C:\WINDOWS\system32\mswsock.dll
0x00007ffb5f4b0000 - 0x00007ffb5f4c5000 	C:\Users\Pilar\.vscode\extensions\redhat.java-1.6.0-win32-x64\jre\17.0.2-win32-x86_64\bin\nio.dll
0x00007ffb6d5d0000 - 0x00007ffb6d5e0000 	c:\Users\Pilar\.vscode\extensions\redhat.java-1.6.0-win32-x64\jre\17.0.2-win32-x86_64\bin\verify.dll
0x00007ffb60bd0000 - 0x00007ffb60bd9000 	C:\Users\Pilar\.vscode\extensions\redhat.java-1.6.0-win32-x64\jre\17.0.2-win32-x86_64\bin\management.dll
0x00007ffb5ff20000 - 0x00007ffb5ff2b000 	C:\Users\Pilar\.vscode\extensions\redhat.java-1.6.0-win32-x64\jre\17.0.2-win32-x86_64\bin\management_ext.dll
0x00007ffb55c80000 - 0x00007ffb55c97000 	C:\WINDOWS\system32\napinsp.dll
0x00007ffb55c60000 - 0x00007ffb55c7b000 	C:\WINDOWS\system32\pnrpnsp.dll
0x00007ffb624b0000 - 0x00007ffb624c5000 	C:\WINDOWS\system32\wshbth.dll
0x00007ffb6d490000 - 0x00007ffb6d4ad000 	C:\WINDOWS\system32\NLAapi.dll
0x00007ffb70e80000 - 0x00007ffb70ebb000 	C:\WINDOWS\SYSTEM32\IPHLPAPI.DLL
0x00007ffb70ee0000 - 0x00007ffb70fab000 	C:\WINDOWS\SYSTEM32\DNSAPI.dll
0x00007ffb72ad0000 - 0x00007ffb72ad8000 	C:\WINDOWS\System32\NSI.dll
0x00007ffb55c40000 - 0x00007ffb55c52000 	C:\WINDOWS\System32\winrnr.dll
0x00007ffb639d0000 - 0x00007ffb639da000 	C:\Windows\System32\rasadhlp.dll
0x00007ffb65320000 - 0x00007ffb6539f000 	C:\WINDOWS\System32\fwpuclnt.dll
0x00007ffb720b0000 - 0x00007ffb720d7000 	C:\WINDOWS\System32\bcrypt.dll
0x00007ffb71400000 - 0x00007ffb71418000 	C:\WINDOWS\SYSTEM32\CRYPTSP.dll
0x00007ffb70ab0000 - 0x00007ffb70ae4000 	C:\WINDOWS\system32\rsaenh.dll
0x00007ffb71930000 - 0x00007ffb7195e000 	C:\WINDOWS\SYSTEM32\USERENV.dll
0x00007ffb713f0000 - 0x00007ffb713fc000 	C:\WINDOWS\SYSTEM32\CRYPTBASE.dll
0x00007ffb68f20000 - 0x00007ffb68f37000 	C:\WINDOWS\SYSTEM32\dhcpcsvc6.DLL
0x00007ffb6a730000 - 0x00007ffb6a74d000 	C:\WINDOWS\SYSTEM32\dhcpcsvc.DLL

dbghelp: loaded successfully - version: 4.0.5 - missing functions: none
symbol engine: initialized successfully - sym options: 0x614 - pdb path: .;c:\Users\Pilar\.vscode\extensions\redhat.java-1.6.0-win32-x64\jre\17.0.2-win32-x86_64\bin;C:\WINDOWS\SYSTEM32;C:\WINDOWS\WinSxS\amd64_microsoft.windows.common-controls_6595b64144ccf1df_6.0.19041.1110_none_60b5254171f9507e;c:\Users\Pilar\.vscode\extensions\redhat.java-1.6.0-win32-x64\jre\17.0.2-win32-x86_64\bin\server

VM Arguments:
jvm_args: -Dsts.lsp.client=vscode -Dsts.log.file=/dev/null -XX:TieredStopAtLevel=1 -Dspring.config.location=file:c:\Users\Pilar\.vscode\extensions\pivotal.vscode-spring-boot-1.33.0\language-server\BOOT-INF\classes\application.properties 
java_command: org.springframework.ide.vscode.boot.app.BootLanguageServerBootApp
java_class_path (initial): c:\Users\Pilar\.vscode\extensions\pivotal.vscode-spring-boot-1.33.0\language-server\BOOT-INF\classes;c:\Users\Pilar\.vscode\extensions\pivotal.vscode-spring-boot-1.33.0\language-server\BOOT-INF\lib\antlr4-runtime-4.5.3.jar;c:\Users\Pilar\.vscode\extensions\pivotal.vscode-spring-boot-1.33.0\language-server\BOOT-INF\lib\byte-buddy-1.10.18.jar;c:\Users\Pilar\.vscode\extensions\pivotal.vscode-spring-boot-1.33.0\language-server\BOOT-INF\lib\commons-codec-1.14.jar;c:\Users\Pilar\.vscode\extensions\pivotal.vscode-spring-boot-1.33.0\language-server\BOOT-INF\lib\commons-io-2.4.jar;c:\Users\Pilar\.vscode\extensions\pivotal.vscode-spring-boot-1.33.0\language-server\BOOT-INF\lib\commons-java-1.33.0-SNAPSHOT.jar;c:\Users\Pilar\.vscode\extensions\pivotal.vscode-spring-boot-1.33.0\language-server\BOOT-INF\lib\commons-lang3-3.10.jar;c:\Users\Pilar\.vscode\extensions\pivotal.vscode-spring-boot-1.33.0\language-server\BOOT-INF\lib\commons-language-server-1.33.0-SNAPSHOT.jar;c:\Users\Pilar\.vscode\extensions\pivotal.vscode-spring-boot-1.33.0\language-server\BOOT-INF\lib\commons-lsp-extensions-1.33.0-SNAPSHOT.jar;c:\Users\Pilar\.vscode\extensions\pivotal.vscode-spring-boot-1.33.0\language-server\BOOT-INF\lib\commons-util-1.33.0-SNAPSHOT.jar;c:\Users\Pilar\.vscode\extensions\pivotal.vscode-spring-boot-1.33.0\language-server\BOOT-INF\lib\commons-yaml-1.33.0-SNAPSHOT.jar;c:\Users\Pilar\.vscode\extensions\pivotal.vscode-spring-boot-1.33.0\language-server\BOOT-INF\lib\gson-2.8.6.jar;c:\Users\Pilar\.vscode\extensions\pivotal.vscode-spring-boot-1.33.0\language-server\BOOT-INF\lib\guava-19.0.jar;c:\Users\Pilar\.vscode\extensions\pivotal.vscode-spring-boot-1.33.0\language-server\BOOT-INF\lib\jakarta.annotation-api-1.3.5.jar;c:\Users\Pilar\.vscode\extensions\pivotal.vscode-spring-boot-1.33.0\language-server\BOOT-INF\lib\jandex-2.0.5.Final.jar;c:\Users\Pilar\.vscode\extensions\pivotal.vscode-spring-boot-1.33.0\language-server\BOOT-INF\lib\java-properties-1.33.0-SNAPSHO
Launcher Type: SUN_STANDARD

[Global flags]
     intx CICompilerCount                          = 4                                         {product} {ergonomic}
     uint ConcGCThreads                            = 2                                         {product} {ergonomic}
     uint G1ConcRefinementThreads                  = 8                                         {product} {ergonomic}
   size_t G1HeapRegionSize                         = 2097152                                   {product} {ergonomic}
    uintx GCDrainStackTargetSize                   = 64                                        {product} {ergonomic}
   size_t InitialHeapSize                          = 268435456                                 {product} {ergonomic}
   size_t MarkStackSize                            = 4194304                                   {product} {ergonomic}
   size_t MaxHeapSize                              = 4278190080                                {product} {ergonomic}
   size_t MaxNewSize                               = 2566914048                                {product} {ergonomic}
   size_t MinHeapDeltaBytes                        = 2097152                                   {product} {ergonomic}
   size_t MinHeapSize                              = 8388608                                   {product} {ergonomic}
    uintx NonProfiledCodeHeapSize                  = 0                                      {pd product} {ergonomic}
     bool ProfileInterpreter                       = false                                  {pd product} {command line}
    uintx ProfiledCodeHeapSize                     = 0                                      {pd product} {ergonomic}
   size_t SoftMaxHeapSize                          = 4278190080                             {manageable} {ergonomic}
     intx TieredStopAtLevel                        = 1                                         {product} {command line}
     bool UseCompressedClassPointers               = true                           {product lp64_product} {ergonomic}
     bool UseCompressedOops                        = true                           {product lp64_product} {ergonomic}
     bool UseG1GC                                  = true                                      {product} {ergonomic}
     bool UseLargePagesIndividualAllocation        = false                                  {pd product} {ergonomic}

Logging:
Log output configuration:
 #0: stdout all=warning uptime,level,tags
 #1: stderr all=off uptime,level,tags

Environment Variables:
JAVA_HOME=C:\Program Files\Java\jdk-11.0.1
PATH=C:\Program Files (x86)\VMware\VMware Player\bin\;C:\WINDOWS\system32;C:\WINDOWS;C:\WINDOWS\System32\Wbem;C:\WINDOWS\System32\WindowsPowerShell\v1.0\;C:\WINDOWS\System32\OpenSSH\;C:\Program Files\PuTTY\;C:\Program Files\Java\jdk-11.0.2\bin;C:\Users\Pilar\Desktop\runtime\win64;C:\Users\Pilar\Desktop\bin;C:\Program Files\nodejs\;C:\SysGCC\raspberry\bin;C:\Program Files\Git\cmd;C:\Users\Pilar\Downloads\apache-maven-3.8.5-bin\apache-maven-3.8.5\bin;C:\Program Files\MySQL\MySQL Shell 8.0\bin\;C:\Users\Pilar\AppData\Local\Programs\Python\Python310\Scripts\;C:\Users\Pilar\AppData\Local\Programs\Python\Python310\;C:\Users\Pilar\python\anaconda_programa;C:\Users\Pilar\python\anaconda_programa\Library\mingw-w64\bin;C:\Users\Pilar\python\anaconda_programa\Library\usr\bin;C:\Users\Pilar\python\anaconda_programa\Library\bin;C:\Users\Pilar\python\anaconda_programa\Scripts;C:\Users\Pilar\python;C:\Users\Pilar\python\Library\mingw-w64\bin;C:\Users\Pilar\python\Library\usr\bin;C:\Users\Pilar\python\Library\bin;C:\Users\Pilar\python\Scripts;C:\Users\Pilar\AppData\Local\Microsoft\WindowsApps;C:\Users\Pilar\AppData\Local\Programs\Microsoft VS Code\bin;C:\Users\Pilar\AppData\Roaming\npm;
USERNAME=Pilar
OS=Windows_NT
PROCESSOR_IDENTIFIER=Intel64 Family 6 Model 60 Stepping 3, GenuineIntel



---------------  S Y S T E M  ---------------

OS:
 Windows 10 , 64 bit Build 19041 (10.0.19041.1645)
OS uptime: 3 days 23:43 hours

CPU: total 8 (initial active 8) (4 cores per cpu, 2 threads per core) family 6 model 60 stepping 3 microcode 0x27, cx8, cmov, fxsr, ht, mmx, sse, sse2, sse3, ssse3, sse4.1, sse4.2, popcnt, lzcnt, tsc, tscinvbit, avx, avx2, aes, erms, clmul, bmi1, bmi2, fma, vzeroupper, clflush

Memory: 4k page, system-wide physical 16316M (2926M free)
TotalPageFile size 16316M (AvailPageFile size 11M)
current process WorkingSet (physical memory assigned to process): 155M, peak: 200M
current process commit charge ("private bytes"): 203M, peak: 364M

vm_info: OpenJDK 64-Bit Server VM (17.0.2+8) for windows-amd64 JRE (17.0.2+8), built on Jan 20 2022 04:52:34 by "" with MS VC++ 16.7 (VS2019)

END.
