#
# There is insufficient memory for the Java Runtime Environment to continue.
# Native memory allocation (mmap) failed to map 268435456 bytes for Failed to commit area from 0x0000000701000000 to 0x0000000711000000 of length 268435456.
# Possible reasons:
#   The system is out of physical RAM or swap space
#   The process is running with CompressedOops enabled, and the Java Heap may be blocking the growth of the native heap
# Possible solutions:
#   Reduce memory load on the system
#   Increase physical memory or swap space
#   Check if swap backing store is full
#   Decrease Java heap size (-Xmx/-Xms)
#   Decrease number of Java threads
#   Decrease Java thread stack sizes (-Xss)
#   Set larger code cache with -XX:ReservedCodeCacheSize=
# This output file may be truncated or incomplete.
#
#  Out of Memory Error (t:/workspace/open/src/hotspot/os/windows/os_windows.cpp:3269), pid=22172, tid=16028
#
# JRE version:  (11.0.1+13) (build )
# Java VM: Java HotSpot(TM) 64-Bit Server VM (11.0.1+13-LTS, mixed mode, aot, sharing, tiered, compressed oops, g1 gc, windows-amd64)
# No core dump will be written. Minidumps are not enabled by default on client versions of Windows
#

---------------  S U M M A R Y ------------

Command Line: com.staxrt.tutorial.Application

Host: Intel(R) Core(TM) i7-4702MQ CPU @ 2.20GHz, 8 cores, 15G,  Windows 10 , 64 bit Build 19041 (10.0.19041.1645)
Time: Mon May  9 18:11:17 2022 Hora de verano romance elapsed time: 0 seconds (0d 0h 0m 0s)

---------------  T H R E A D  ---------------

Current thread (0x0000014a185d1000):  JavaThread "Unknown thread" [_thread_in_vm, id=16028, stack(0x0000002d11e00000,0x0000002d11f00000)]

Stack: [0x0000002d11e00000,0x0000002d11f00000]
Native frames: (J=compiled Java code, j=interpreted, Vv=VM code, C=native code)
V  [jvm.dll+0x63c21a]
V  [jvm.dll+0x7797df]
V  [jvm.dll+0x77adca]
V  [jvm.dll+0x77b483]
V  [jvm.dll+0x2627f8]
V  [jvm.dll+0x6396ca]
V  [jvm.dll+0x62dfa5]
V  [jvm.dll+0x31699c]
V  [jvm.dll+0x316822]
V  [jvm.dll+0x31c096]
V  [jvm.dll+0x36842f]
V  [jvm.dll+0x367e50]
V  [jvm.dll+0x2f38b8]
V  [jvm.dll+0x2f4a16]
V  [jvm.dll+0x752da7]
V  [jvm.dll+0x7544ef]
V  [jvm.dll+0x375269]
V  [jvm.dll+0x7394a9]
V  [jvm.dll+0x3e467d]
V  [jvm.dll+0x3e6951]
C  [java.exe+0x3603]
C  [java.exe+0x178dc]
C  [KERNEL32.DLL+0x17034]
C  [ntdll.dll+0x52651]


---------------  P R O C E S S  ---------------

Threads class SMR info:
_java_thread_list=0x0000014a1644e1d0, length=0, elements={
}

Java Threads: ( => current thread )

Other Threads:
  0x0000014a185e8000 GCTaskThread "GC Thread#0" [stack: 0x0000002d11f00000,0x0000002d12000000] [id=5872]
  0x0000014a18647000 ConcurrentGCThread "G1 Main Marker" [stack: 0x0000002d12000000,0x0000002d12100000] [id=7736]
  0x0000014a18648000 ConcurrentGCThread "G1 Conc#0" [stack: 0x0000002d12100000,0x0000002d12200000] [id=20160]

[error occurred during error reporting (printing all threads), id 0xc0000005, EXCEPTION_ACCESS_VIOLATION (0xc0000005) at pc=0x00007ff95f332137]

VM state:not at safepoint (not fully initialized)

VM Mutex/Monitor currently owned by a thread:  ([mutex/lock_event])
[0x0000014a185cdc90] Heap_lock - owner thread: 0x0000014a185d1000

Heap address: 0x0000000701000000, size: 4080 MB, Compressed Oops mode: Non-zero based: 0x0000000701000000
Narrow klass base: 0x0000000000000000, Narrow klass shift: 0

GC Heap History (0 events):
No events

Deoptimization events (0 events):
No events

Classes redefined (0 events):
No events

Internal exceptions (0 events):
No events

Events (0 events):
No events


Dynamic libraries:
0x00007ff66e650000 - 0x00007ff66e697000 	C:\Program Files\Java\jdk-11.0.1\bin\java.exe
0x00007ff9c0f10000 - 0x00007ff9c1105000 	C:\WINDOWS\SYSTEM32\ntdll.dll
0x00007ff9c0840000 - 0x00007ff9c08fe000 	C:\WINDOWS\System32\KERNEL32.DLL
0x00007ff9beca0000 - 0x00007ff9bef68000 	C:\WINDOWS\System32\KERNELBASE.dll
0x00007ff9c0e20000 - 0x00007ff9c0ece000 	C:\WINDOWS\System32\ADVAPI32.dll
0x00007ff9c0770000 - 0x00007ff9c080e000 	C:\WINDOWS\System32\msvcrt.dll
0x00007ff9c0d80000 - 0x00007ff9c0e1c000 	C:\WINDOWS\System32\sechost.dll
0x00007ff9bf260000 - 0x00007ff9bf385000 	C:\WINDOWS\System32\RPCRT4.dll
0x00007ff9bfb70000 - 0x00007ff9bfd10000 	C:\WINDOWS\System32\USER32.dll
0x00007ff9be740000 - 0x00007ff9be762000 	C:\WINDOWS\System32\win32u.dll
0x00007ff9c0810000 - 0x00007ff9c083a000 	C:\WINDOWS\System32\GDI32.dll
0x00007ff9be630000 - 0x00007ff9be73b000 	C:\WINDOWS\System32\gdi32full.dll
0x00007ff9bea60000 - 0x00007ff9beafd000 	C:\WINDOWS\System32\msvcp_win.dll
0x00007ff9beb70000 - 0x00007ff9bec70000 	C:\WINDOWS\System32\ucrtbase.dll
0x00007ff9b0a30000 - 0x00007ff9b0cca000 	C:\WINDOWS\WinSxS\amd64_microsoft.windows.common-controls_6595b64144ccf1df_6.0.19041.1110_none_60b5254171f9507e\COMCTL32.dll
0x00007ff9b7660000 - 0x00007ff9b766a000 	C:\WINDOWS\SYSTEM32\VERSION.dll
0x00007ff9bf020000 - 0x00007ff9bf050000 	C:\WINDOWS\System32\IMM32.DLL
0x00007ff9b8ad0000 - 0x00007ff9b8ae6000 	C:\Program Files\Java\jdk-11.0.1\bin\vcruntime140.dll
0x00007ff994260000 - 0x00007ff99430a000 	C:\Program Files\Java\jdk-11.0.1\bin\msvcp140.dll
0x00007ff95f030000 - 0x00007ff95fb72000 	C:\Program Files\Java\jdk-11.0.1\bin\server\jvm.dll
0x00007ff9c0620000 - 0x00007ff9c0628000 	C:\WINDOWS\System32\PSAPI.DLL
0x00007ff99ae50000 - 0x00007ff99ae59000 	C:\WINDOWS\SYSTEM32\WSOCK32.dll
0x00007ff9c0140000 - 0x00007ff9c01ab000 	C:\WINDOWS\System32\WS2_32.dll
0x00007ff9b2720000 - 0x00007ff9b2747000 	C:\WINDOWS\SYSTEM32\WINMM.dll
0x00007ff9bc550000 - 0x00007ff9bc562000 	C:\WINDOWS\SYSTEM32\kernel.appcore.dll
0x00007ff9b8ab0000 - 0x00007ff9b8ac1000 	C:\Program Files\Java\jdk-11.0.1\bin\verify.dll
0x00007ff9b78c0000 - 0x00007ff9b7aa4000 	C:\WINDOWS\SYSTEM32\DBGHELP.DLL
0x00007ff9acba0000 - 0x00007ff9acbcc000 	C:\WINDOWS\SYSTEM32\dbgcore.DLL
0x00007ff9be9d0000 - 0x00007ff9bea52000 	C:\WINDOWS\System32\bcryptPrimitives.dll
0x00007ff9a1fb0000 - 0x00007ff9a1fd9000 	C:\Program Files\Java\jdk-11.0.1\bin\java.dll
0x00007ff9b8a90000 - 0x00007ff9b8aa6000 	C:\Program Files\Java\jdk-11.0.1\bin\zip.dll
0x00007ff9b9110000 - 0x00007ff9b911a000 	C:\Program Files\Java\jdk-11.0.1\bin\jimage.dll

dbghelp: loaded successfully - version: 4.0.5 - missing functions: none
symbol engine: initialized successfully - sym options: 0x614 - pdb path: .;C:\Program Files\Java\jdk-11.0.1\bin;C:\WINDOWS\SYSTEM32;C:\WINDOWS\WinSxS\amd64_microsoft.windows.common-controls_6595b64144ccf1df_6.0.19041.1110_none_60b5254171f9507e;C:\Program Files\Java\jdk-11.0.1\bin\server

VM Arguments:
java_command: com.staxrt.tutorial.Application
java_class_path (initial): C:\Users\Pilar\uni\4curso\4.2\isst\def\backend-sql-db\target\classes;C:\Users\Pilar\.m2\repository\org\jboss\jandex\2.0.5.Final\jandex-2.0.5.Final.jar;C:\Users\Pilar\.m2\repository\com\fasterxml\jackson\datatype\jackson-datatype-jdk8\2.9.8\jackson-datatype-jdk8-2.9.8.jar;C:\Users\Pilar\.m2\repository\com\fasterxml\jackson\module\jackson-module-parameter-names\2.9.8\jackson-module-parameter-names-2.9.8.jar;C:\Users\Pilar\.m2\repository\org\springframework\boot\spring-boot-devtools\2.1.2.RELEASE\spring-boot-devtools-2.1.2.RELEASE.jar;C:\Users\Pilar\.m2\repository\org\springframework\boot\spring-boot-starter-web\2.1.2.RELEASE\spring-boot-starter-web-2.1.2.RELEASE.jar;C:\Users\Pilar\.m2\repository\io\micrometer\micrometer-core\1.1.2\micrometer-core-1.1.2.jar;C:\Users\Pilar\.m2\repository\javax\xml\bind\jaxb-api\2.3.1\jaxb-api-2.3.1.jar;C:\Users\Pilar\.m2\repository\net\bytebuddy\byte-buddy\1.9.7\byte-buddy-1.9.7.jar;C:\Users\Pilar\.m2\repository\com\fasterxml\jackson\core\jackson-databind\2.9.8\jackson-databind-2.9.8.jar;C:\Users\Pilar\.m2\repository\org\aspectj\aspectjweaver\1.9.2\aspectjweaver-1.9.2.jar;C:\Users\Pilar\.m2\repository\javax\validation\validation-api\2.0.1.Final\validation-api-2.0.1.Final.jar;C:\Users\Pilar\.m2\repository\org\springframework\spring-jdbc\5.1.4.RELEASE\spring-jdbc-5.1.4.RELEASE.jar;C:\Users\Pilar\.m2\repository\org\springframework\boot\spring-boot-starter-json\2.1.2.RELEASE\spring-boot-starter-json-2.1.2.RELEASE.jar;C:\Users\Pilar\.m2\repository\antlr\antlr\2.7.7\antlr-2.7.7.jar;C:\Users\Pilar\.m2\repository\mysql\mysql-connector-java\8.0.13\mysql-connector-java-8.0.13.jar;C:\Users\Pilar\.m2\repository\org\springframework\data\spring-data-jpa\2.1.4.RELEASE\spring-data-jpa-2.1.4.RELEASE.jar;C:\Users\Pilar\.m2\repository\org\springframework\boot\spring-boot-starter-logging\2.1.2.RELEASE\spring-boot-starter-logging-2.1.2.RELEASE.jar;C:\Users\Pilar\.m2\repository\org\springframework\boot\spring-boot-starter-data-jp
Launcher Type: SUN_STANDARD

[Global flags]
     intx CICompilerCount                          = 4                                         {product} {ergonomic}
     uint ConcGCThreads                            = 2                                         {product} {ergonomic}
     uint G1ConcRefinementThreads                  = 8                                         {product} {ergonomic}
   size_t G1HeapRegionSize                         = 1048576                                   {product} {ergonomic}
    uintx GCDrainStackTargetSize                   = 64                                        {product} {ergonomic}
   size_t InitialHeapSize                          = 268435456                                 {product} {ergonomic}
   size_t MarkStackSize                            = 4194304                                   {product} {ergonomic}
   size_t MaxHeapSize                              = 4278190080                                {product} {ergonomic}
   size_t MinHeapDeltaBytes                        = 1048576                                   {product} {ergonomic}
    uintx NonNMethodCodeHeapSize                   = 5835340                                {pd product} {ergonomic}
    uintx NonProfiledCodeHeapSize                  = 122911450                              {pd product} {ergonomic}
    uintx ProfiledCodeHeapSize                     = 122911450                              {pd product} {ergonomic}
    uintx ReservedCodeCacheSize                    = 251658240                              {pd product} {ergonomic}
     bool SegmentedCodeCache                       = true                                      {product} {ergonomic}
     bool UseCompressedClassPointers               = true                                 {lp64_product} {ergonomic}
     bool UseCompressedOops                        = true                                 {lp64_product} {ergonomic}
     bool UseG1GC                                  = true                                      {product} {ergonomic}
     bool UseLargePagesIndividualAllocation        = false                                  {pd product} {ergonomic}

Logging:
Log output configuration:
 #0: stdout all=warning uptime,level,tags
 #1: stderr all=off uptime,level,tags

Environment Variables:
JAVA_HOME=C:\Program Files\Java\jdk-11.0.1
PATH=C:\Program Files (x86)\VMware\VMware Player\bin\;C:\WINDOWS\system32;C:\WINDOWS;C:\WINDOWS\System32\Wbem;C:\WINDOWS\System32\WindowsPowerShell\v1.0\;C:\WINDOWS\System32\OpenSSH\;C:\Program Files\PuTTY\;C:\Program Files\Java\jdk-11.0.2\bin;C:\Users\Pilar\Desktop\runtime\win64;C:\Users\Pilar\Desktop\bin;C:\Program Files\nodejs\;C:\SysGCC\raspberry\bin;C:\Program Files\Git\cmd;C:\Users\Pilar\Downloads\apache-maven-3.8.5-bin\apache-maven-3.8.5\bin;C:\Program Files\MySQL\MySQL Shell 8.0\bin\;C:\Users\Pilar\AppData\Local\Programs\Python\Python310\Scripts\;C:\Users\Pilar\AppData\Local\Programs\Python\Python310\;C:\Users\Pilar\python\anaconda_programa;C:\Users\Pilar\python\anaconda_programa\Library\mingw-w64\bin;C:\Users\Pilar\python\anaconda_programa\Library\usr\bin;C:\Users\Pilar\python\anaconda_programa\Library\bin;C:\Users\Pilar\python\anaconda_programa\Scripts;C:\Users\Pilar\python;C:\Users\Pilar\python\Library\mingw-w64\bin;C:\Users\Pilar\python\Library\usr\bin;C:\Users\Pilar\python\Library\bin;C:\Users\Pilar\python\Scripts;C:\Users\Pilar\AppData\Local\Microsoft\WindowsApps;C:\Users\Pilar\AppData\Local\Programs\Microsoft VS Code\bin;C:\Users\Pilar\AppData\Roaming\npm;C:\Users\Pilar\AppData\Local\GitHubDesktop\bin
USERNAME=Pilar
OS=Windows_NT
PROCESSOR_IDENTIFIER=Intel64 Family 6 Model 60 Stepping 3, GenuineIntel



---------------  S Y S T E M  ---------------

OS: Windows 10 , 64 bit Build 19041 (10.0.19041.1645)

CPU:total 8 (initial active 8) (4 cores per cpu, 2 threads per core) family 6 model 60 stepping 3, cmov, cx8, fxsr, mmx, sse, sse2, sse3, ssse3, sse4.1, sse4.2, popcnt, avx, avx2, aes, clmul, erms, lzcnt, ht, tsc, tscinvbit, bmi1, bmi2, fma

Memory: 4k page, system-wide physical 16316M (2520M free)
TotalPageFile size 16316M (AvailPageFile size 240M)
current process WorkingSet (physical memory assigned to process): 10M, peak: 10M
current process commit charge ("private bytes"): 60M, peak: 316M

vm_info: Java HotSpot(TM) 64-Bit Server VM (11.0.1+13-LTS) for windows-amd64 JRE (11.0.1+13-LTS), built on Oct  6 2018 13:20:16 by "mach5one" with MS VC++ 15.5 (VS2017)

END.
