#
# There is insufficient memory for the Java Runtime Environment to continue.
# Native memory allocation (malloc) failed to allocate 2097152 bytes for AllocateHeap
# Possible reasons:
#   The system is out of physical RAM or swap space
#   The process is running with CompressedOops enabled, and the Java Heap may be blocking the growth of the native heap
# Possible solutions:
#   Reduce memory load on the system
#   Increase physical memory or swap space
#   Check if swap backing store is full
#   Decrease Java heap size (-Xmx/-Xms)
#   Decrease number of Java threads
#   Decrease Java thread stack sizes (-Xss)
#   Set larger code cache with -XX:ReservedCodeCacheSize=
#   JVM is running with Zero Based Compressed Oops mode in which the Java heap is
#     placed in the first 32GB address space. The Java Heap base address is the
#     maximum limit for the native heap growth. Please use -XX:HeapBaseMinAddress
#     to set the Java Heap base and to place the Java Heap above 32GB virtual address.
# This output file may be truncated or incomplete.
#
#  Out of Memory Error (allocation.cpp:44), pid=3600, tid=10100
#
# JRE version: OpenJDK Runtime Environment Temurin-17.0.2+8 (17.0.2+8) (build 17.0.2+8)
# Java VM: OpenJDK 64-Bit Server VM Temurin-17.0.2+8 (17.0.2+8, mixed mode, emulated-client, tiered, compressed oops, compressed class ptrs, g1 gc, windows-amd64)
# No core dump will be written. Minidumps are not enabled by default on client versions of Windows
#

---------------  S U M M A R Y ------------

Command Line: -Dsts.lsp.client=vscode -Dsts.log.file=/dev/null -XX:TieredStopAtLevel=1 -Dspring.config.location=file:c:\Users\Pilar\.vscode\extensions\pivotal.vscode-spring-boot-1.33.0\language-server\BOOT-INF\classes\application.properties org.springframework.ide.vscode.boot.app.BootLanguageServerBootApp

Host: Intel(R) Core(TM) i7-4702MQ CPU @ 2.20GHz, 8 cores, 15G,  Windows 10 , 64 bit Build 19041 (10.0.19041.1645)
Time: Sat Apr 30 12:22:51 2022 Hora de verano romance elapsed time: 68941.742239 seconds (0d 19h 9m 1s)

---------------  T H R E A D  ---------------

Current thread (0x000001eeb0717a30):  VMThread "VM Thread" [stack: 0x0000007b20700000,0x0000007b20800000] [id=10100]

Stack: [0x0000007b20700000,0x0000007b20800000]
Native frames: (J=compiled Java code, j=interpreted, Vv=VM code, C=native code)
V  [jvm.dll+0x67564a]
V  [jvm.dll+0x82fc04]
V  [jvm.dll+0x8313ae]
V  [jvm.dll+0x831a13]
V  [jvm.dll+0x245235]
V  [jvm.dll+0xa6393]
V  [jvm.dll+0x2f52c1]
V  [jvm.dll+0x2f0f70]
V  [jvm.dll+0x2d96c7]
V  [jvm.dll+0x31c6b7]
V  [jvm.dll+0x835ebb]
V  [jvm.dll+0x836bf4]
V  [jvm.dll+0x83710c]
V  [jvm.dll+0x8374e4]
V  [jvm.dll+0x8375b0]
V  [jvm.dll+0x7dff2a]
V  [jvm.dll+0x6744d5]
C  [ucrtbase.dll+0x21bb2]
C  [KERNEL32.DLL+0x17034]
C  [ntdll.dll+0x52651]

VM_Operation (0x0000007b21efefc0): G1CollectFull, mode: safepoint, requested by thread 0x000001eeb165a810


---------------  P R O C E S S  ---------------

Threads class SMR info:
_java_thread_list=0x000001eeb39b5a40, length=19, elements={
0x000001eeb071d7d0, 0x000001eeb071e6c0, 0x000001eeb1049120, 0x000001eeb10499e0,
0x000001eeb104a2a0, 0x000001eeb104b370, 0x000001eeb104f540, 0x000001eeb104fe40,
0x000001eeb119cd40, 0x000001eeb11af830, 0x000001eeb165a810, 0x000001eeb3560f40,
0x000001ee9e6f8f10, 0x000001eeb3536f30, 0x000001eeb37f2a60, 0x000001eeb3867b10,
0x000001eeb3865950, 0x000001eeb388c020, 0x000001eeb38c0d30
}

Java Threads: ( => current thread )
  0x000001eeb071d7d0 JavaThread "Reference Handler" daemon [_thread_blocked, id=17192, stack(0x0000007b20800000,0x0000007b20900000)]
  0x000001eeb071e6c0 JavaThread "Finalizer" daemon [_thread_blocked, id=17204, stack(0x0000007b20900000,0x0000007b20a00000)]
  0x000001eeb1049120 JavaThread "Signal Dispatcher" daemon [_thread_blocked, id=12516, stack(0x0000007b20a00000,0x0000007b20b00000)]
  0x000001eeb10499e0 JavaThread "Attach Listener" daemon [_thread_blocked, id=8324, stack(0x0000007b20b00000,0x0000007b20c00000)]
  0x000001eeb104a2a0 JavaThread "Service Thread" daemon [_thread_blocked, id=1652, stack(0x0000007b20c00000,0x0000007b20d00000)]
  0x000001eeb104b370 JavaThread "Monitor Deflation Thread" daemon [_thread_blocked, id=19140, stack(0x0000007b20d00000,0x0000007b20e00000)]
  0x000001eeb104f540 JavaThread "C1 CompilerThread0" daemon [_thread_blocked, id=9268, stack(0x0000007b20e00000,0x0000007b20f00000)]
  0x000001eeb104fe40 JavaThread "Sweeper thread" daemon [_thread_blocked, id=16004, stack(0x0000007b20f00000,0x0000007b21000000)]
  0x000001eeb119cd40 JavaThread "Notification Thread" daemon [_thread_blocked, id=15004, stack(0x0000007b21200000,0x0000007b21300000)]
  0x000001eeb11af830 JavaThread "Common-Cleaner" daemon [_thread_blocked, id=19304, stack(0x0000007b21400000,0x0000007b21500000)]
  0x000001eeb165a810 JavaThread "pool-7-thread-1" [_thread_blocked, id=19436, stack(0x0000007b21e00000,0x0000007b21f00000)]
  0x000001eeb3560f40 JavaThread "LanguageServerApp-lifecycle" [_thread_blocked, id=12076, stack(0x0000007b21f00000,0x0000007b22000000)]
  0x000001ee9e6f8f10 JavaThread "DestroyJavaVM" [_thread_blocked, id=12532, stack(0x0000007b20100000,0x0000007b20200000)]
  0x000001eeb3536f30 JavaThread "pool-8-thread-1" [_thread_in_native, id=19040, stack(0x0000007b22000000,0x0000007b22100000)]
  0x000001eeb37f2a60 JavaThread "Simple-Language-Server main thread" daemon [_thread_blocked, id=11360, stack(0x0000007b22100000,0x0000007b22200000)]
  0x000001eeb3867b10 JavaThread "pool-5-thread-1" [_thread_blocked, id=1880, stack(0x0000007b22200000,0x0000007b22300000)]
  0x000001eeb3865950 JavaThread "Reconciler-1" [_thread_blocked, id=18752, stack(0x0000007b22300000,0x0000007b22400000)]
  0x000001eeb388c020 JavaThread "parallel-1" daemon [_thread_blocked, id=12588, stack(0x0000007b22400000,0x0000007b22500000)]
  0x000001eeb38c0d30 JavaThread "pool-3-thread-1" [_thread_blocked, id=18848, stack(0x0000007b22600000,0x0000007b22700000)]

Other Threads:
=>0x000001eeb0717a30 VMThread "VM Thread" [stack: 0x0000007b20700000,0x0000007b20800000] [id=10100]
  0x000001eeb10cb630 WatcherThread [stack: 0x0000007b21300000,0x0000007b21400000] [id=2576]
  0x000001ee9e749cd0 GCTaskThread "GC Thread#0" [stack: 0x0000007b20200000,0x0000007b20300000] [id=17136]
  0x000001eeb1af2ed0 GCTaskThread "GC Thread#1" [stack: 0x0000007b21600000,0x0000007b21700000] [id=16124]
  0x000001eeb1ac7a20 GCTaskThread "GC Thread#2" [stack: 0x0000007b21700000,0x0000007b21800000] [id=18668]
  0x000001eeb1ac7cd0 GCTaskThread "GC Thread#3" [stack: 0x0000007b21800000,0x0000007b21900000] [id=14976]
  0x000001eeb1ac7f80 GCTaskThread "GC Thread#4" [stack: 0x0000007b21900000,0x0000007b21a00000] [id=17380]
  0x000001eeb1ac8230 GCTaskThread "GC Thread#5" [stack: 0x0000007b21a00000,0x0000007b21b00000] [id=14048]
  0x000001eeb1b42590 GCTaskThread "GC Thread#6" [stack: 0x0000007b21b00000,0x0000007b21c00000] [id=17528]
  0x000001eeb344ccd0 GCTaskThread "GC Thread#7" [stack: 0x0000007b21c00000,0x0000007b21d00000] [id=15988]
  0x000001ee9e75aa10 ConcurrentGCThread "G1 Main Marker" [stack: 0x0000007b20300000,0x0000007b20400000] [id=4496]
  0x000001ee9e75bac0 ConcurrentGCThread "G1 Conc#0" [stack: 0x0000007b20400000,0x0000007b20500000] [id=1792]
  0x000001eeb3627070 ConcurrentGCThread "G1 Conc#1" [stack: 0x0000007b21d00000,0x0000007b21e00000] [id=17676]
  0x000001eeb05820c0 ConcurrentGCThread "G1 Refine#0" [stack: 0x0000007b20500000,0x0000007b20600000] [id=14708]
  0x000001eeb05829e0 ConcurrentGCThread "G1 Service" [stack: 0x0000007b20600000,0x0000007b20700000] [id=12648]

Threads with active compile tasks:

VM state: at safepoint (normal execution)

VM Mutex/Monitor currently owned by a thread:  ([mutex/lock_event])
[0x000001ee9c3fbbb0] Threads_lock - owner thread: 0x000001eeb0717a30
[0x000001ee9e6f8360] Heap_lock - owner thread: 0x000001eeb165a810

Heap address: 0x0000000701000000, size: 4080 MB, Compressed Oops mode: Zero based, Oop shift amount: 3

CDS archive(s) not mapped
Compressed class space mapped at: 0x0000000800000000-0x0000000840000000, reserved size: 1073741824
Narrow klass base: 0x0000000800000000, Narrow klass shift: 0, Narrow klass range: 0x40000000

GC Precious Log:
 CPUs: 8 total, 8 available
 Memory: 16316M
 Large Page Support: Disabled
 NUMA Support: Disabled
 Compressed Oops: Enabled (Zero based)
 Heap Region Size: 2M
 Heap Min Capacity: 8M
 Heap Initial Capacity: 256M
 Heap Max Capacity: 4080M
 Pre-touch: Disabled
 Parallel Workers: 8
 Concurrent Workers: 2
 Concurrent Refinement Workers: 8
 Periodic GC: Disabled

Heap:
 garbage-first heap   total 69632K, used 19460K [0x0000000701000000, 0x0000000800000000)
  region size 2048K, 1 young (2048K), 0 survivors (0K)
 Metaspace       used 39068K, committed 39424K, reserved 1089536K
  class space    used 4944K, committed 5120K, reserved 1048576K

Heap Regions: E=young(eden), S=young(survivor), O=old, HS=humongous(starts), HC=humongous(continues), CS=collection set, F=free, OA=open archive, CA=closed archive, TAMS=top-at-mark-start (previous, next)
|   0|0x0000000701000000, 0x00000007011fffe0, 0x0000000701200000| 99%| O|  |TAMS 0x00000007011fffe0, 0x0000000701000000| Untracked 
|   1|0x0000000701200000, 0x0000000701400000, 0x0000000701400000|100%| O|  |TAMS 0x0000000701400000, 0x0000000701200000| Untracked 
|   2|0x0000000701400000, 0x00000007015f8e40, 0x0000000701600000| 98%| O|  |TAMS 0x00000007015f8e40, 0x0000000701400000| Untracked 
|   3|0x0000000701600000, 0x00000007017fffe0, 0x0000000701800000| 99%| O|  |TAMS 0x00000007017fffe0, 0x0000000701600000| Untracked 
|   4|0x0000000701800000, 0x0000000701a00000, 0x0000000701a00000|100%| O|  |TAMS 0x0000000701a00000, 0x0000000701800000| Untracked 
|   5|0x0000000701a00000, 0x0000000701bfffd8, 0x0000000701c00000| 99%| O|  |TAMS 0x0000000701bfffd8, 0x0000000701a00000| Untracked 
|   6|0x0000000701c00000, 0x0000000701dfffd0, 0x0000000701e00000| 99%| O|  |TAMS 0x0000000701dfffd0, 0x0000000701c00000| Untracked 
|   7|0x0000000701e00000, 0x0000000701ffaa48, 0x0000000702000000| 98%| O|  |TAMS 0x0000000701ffaa48, 0x0000000701e00000| Untracked 
|   8|0x0000000702000000, 0x00000007021f7ae0, 0x0000000702200000| 98%| O|  |TAMS 0x00000007021f7ae0, 0x0000000702000000| Untracked 
|   9|0x0000000702200000, 0x0000000702315e10, 0x0000000702400000| 54%| O|  |TAMS 0x0000000702200000, 0x0000000702200000| Untracked 
|  10|0x0000000702400000, 0x0000000702400048, 0x0000000702600000|  0%| O|  |TAMS 0x0000000702400000, 0x0000000702400000| Untracked 
|  11|0x0000000702600000, 0x0000000702600000, 0x0000000702800000|  0%| F|  |TAMS 0x0000000702600000, 0x0000000702600000| Untracked 
|  12|0x0000000702800000, 0x0000000702800000, 0x0000000702a00000|  0%| F|  |TAMS 0x0000000702800000, 0x0000000702800000| Untracked 
|  13|0x0000000702a00000, 0x0000000702a00000, 0x0000000702c00000|  0%| F|  |TAMS 0x0000000702a00000, 0x0000000702a00000| Untracked 
|  14|0x0000000702c00000, 0x0000000702c00000, 0x0000000702e00000|  0%| F|  |TAMS 0x0000000702c00000, 0x0000000702c00000| Untracked 
|  15|0x0000000702e00000, 0x0000000702e00000, 0x0000000703000000|  0%| F|  |TAMS 0x0000000702e00000, 0x0000000702e00000| Untracked 
|  16|0x0000000703000000, 0x0000000703000000, 0x0000000703200000|  0%| F|  |TAMS 0x0000000703000000, 0x0000000703000000| Untracked 
|  17|0x0000000703200000, 0x0000000703200000, 0x0000000703400000|  0%| F|  |TAMS 0x0000000703200000, 0x0000000703200000| Untracked 
|  18|0x0000000703400000, 0x0000000703400000, 0x0000000703600000|  0%| F|  |TAMS 0x0000000703400000, 0x0000000703400000| Untracked 
|  19|0x0000000703600000, 0x0000000703600000, 0x0000000703800000|  0%| F|  |TAMS 0x0000000703600000, 0x0000000703600000| Untracked 
|  20|0x0000000703800000, 0x0000000703800000, 0x0000000703a00000|  0%| F|  |TAMS 0x0000000703800000, 0x0000000703800000| Untracked 
|  21|0x0000000703a00000, 0x0000000703a00000, 0x0000000703c00000|  0%| F|  |TAMS 0x0000000703a00000, 0x0000000703a00000| Untracked 
|  22|0x0000000703c00000, 0x0000000703c00000, 0x0000000703e00000|  0%| F|  |TAMS 0x0000000703c00000, 0x0000000703c00000| Untracked 
|  23|0x0000000703e00000, 0x0000000703e00000, 0x0000000704000000|  0%| F|  |TAMS 0x0000000703e00000, 0x0000000703e00000| Untracked 
|  24|0x0000000704000000, 0x0000000704000000, 0x0000000704200000|  0%| F|  |TAMS 0x0000000704000000, 0x0000000704000000| Untracked 
|  25|0x0000000704200000, 0x0000000704200000, 0x0000000704400000|  0%| F|  |TAMS 0x0000000704200000, 0x0000000704200000| Untracked 
|  26|0x0000000704400000, 0x0000000704400000, 0x0000000704600000|  0%| F|  |TAMS 0x0000000704400000, 0x0000000704400000| Untracked 
|  27|0x0000000704600000, 0x0000000704600000, 0x0000000704800000|  0%| F|  |TAMS 0x0000000704600000, 0x0000000704600000| Untracked 
|  28|0x0000000704800000, 0x0000000704800000, 0x0000000704a00000|  0%| F|  |TAMS 0x0000000704800000, 0x0000000704800000| Untracked 
|  29|0x0000000704a00000, 0x0000000704a00000, 0x0000000704c00000|  0%| F|  |TAMS 0x0000000704a00000, 0x0000000704a00000| Untracked 
|  30|0x0000000704c00000, 0x0000000704c00000, 0x0000000704e00000|  0%| F|  |TAMS 0x0000000704c00000, 0x0000000704c00000| Untracked 
|  31|0x0000000704e00000, 0x0000000704e00000, 0x0000000705000000|  0%| F|  |TAMS 0x0000000704e00000, 0x0000000704e00000| Untracked 
|  32|0x0000000705000000, 0x0000000705000000, 0x0000000705200000|  0%| F|  |TAMS 0x0000000705000000, 0x0000000705000000| Untracked 
|  33|0x0000000705200000, 0x0000000705204a10, 0x0000000705400000|  0%| E|  |TAMS 0x0000000705200000, 0x0000000705200000| Complete 

Card table byte_map: [0x000001eea4c90000,0x000001eea5490000] _byte_map_base: 0x000001eea1488000

Marking Bits (Prev, Next): (CMBitMap*) 0x000001ee9e74a1e0, (CMBitMap*) 0x000001ee9e74a220
 Prev Bits: [0x000001eea5c90000, 0x000001eea9c50000)
 Next Bits: [0x000001eea9c50000, 0x000001eeadc10000)

Polling page: 0x000001ee9c630000

Metaspace:

Usage:
  Non-class:     33.32 MB used.
      Class:      4.83 MB used.
       Both:     38.15 MB used.

Virtual space:
  Non-class space:       40.00 MB reserved,      33.50 MB ( 84%) committed,  5 nodes.
      Class space:        1.00 GB reserved,       5.00 MB ( <1%) committed,  1 nodes.
             Both:        1.04 GB reserved,      38.50 MB (  4%) committed. 

Chunk freelists:
   Non-Class:  2.19 MB
       Class:  3.05 MB
        Both:  5.24 MB

MaxMetaspaceSize: unlimited
CompressedClassSpaceSize: 1.00 GB
Initial GC threshold: 21.00 MB
Current GC threshold: 64.19 MB
CDS: off
MetaspaceReclaimPolicy: balanced
 - commit_granule_bytes: 65536.
 - commit_granule_words: 8192.
 - virtual_space_node_default_size: 1048576.
 - enlarge_chunks_in_place: 1.
 - new_chunks_are_fully_committed: 0.
 - uncommit_free_chunks: 1.
 - use_allocation_guard: 0.
 - handle_deallocations: 1.


Internal statistics:

num_allocs_failed_limit: 6.
num_arena_births: 360.
num_arena_deaths: 106.
num_vsnodes_births: 6.
num_vsnodes_deaths: 0.
num_space_committed: 616.
num_space_uncommitted: 0.
num_chunks_returned_to_freelist: 123.
num_chunks_taken_from_freelist: 1513.
num_chunk_merges: 38.
num_chunk_splits: 1030.
num_chunks_enlarged: 820.
num_purges: 6.
num_inconsistent_stats: 0.

CodeCache: size=49152Kb used=10300Kb max_used=11637Kb free=38851Kb
 bounds [0x000001eea1380000, 0x000001eea1ef0000, 0x000001eea4380000]
 total_blobs=5802 nmethods=5250 adapters=476
 compilation: enabled
              stopped_count=0, restarted_count=0
 full_count=0

Compilation events (20 events):
Event: 64746.444 Thread 0x000001eeb104f540 nmethod 5239 0x000001eea1e03910 code [0x000001eea1e03b40, 0x000001eea1e04068]
Event: 64746.444 Thread 0x000001eeb104f540 5243       1       org.eclipse.jdt.internal.compiler.lookup.InferenceVariable$InferenceVarKey::hashCode (46 bytes)
Event: 64746.444 Thread 0x000001eeb104f540 nmethod 5243 0x000001eea1e03610 code [0x000001eea1e037a0, 0x000001eea1e03898]
Event: 64746.444 Thread 0x000001eeb104f540 5232       1       org.eclipse.jdt.internal.compiler.CompilationResult::getCompilationUnit (5 bytes)
Event: 64746.444 Thread 0x000001eeb104f540 nmethod 5232 0x000001eea1e03310 code [0x000001eea1e034a0, 0x000001eea1e03578]
Event: 64746.444 Thread 0x000001eeb104f540 5245       1       org.eclipse.jdt.internal.compiler.lookup.LocalVariableBinding::isCatchParameter (2 bytes)
Event: 64746.444 Thread 0x000001eeb104f540 nmethod 5245 0x000001eea1e03010 code [0x000001eea1e031a0, 0x000001eea1e03278]
Event: 64746.444 Thread 0x000001eeb104f540 5246       1       org.eclipse.jdt.internal.compiler.impl.StringConstant::stringValue (5 bytes)
Event: 64746.444 Thread 0x000001eeb104f540 nmethod 5246 0x000001eea1e02d10 code [0x000001eea1e02ea0, 0x000001eea1e02f78]
Event: 64746.444 Thread 0x000001eeb104f540 5238       1       org.eclipse.jdt.internal.compiler.lookup.Scope::isLambdaScope (2 bytes)
Event: 64746.444 Thread 0x000001eeb104f540 nmethod 5238 0x000001eea1e02a10 code [0x000001eea1e02ba0, 0x000001eea1e02c78]
Event: 64746.444 Thread 0x000001eeb357c4b0 nmethod 5240 0x000001eea1e01790 code [0x000001eea1e01a40, 0x000001eea1e02498]
Event: 64746.444 Thread 0x000001eeb104f540 5247       1       org.eclipse.jdt.core.dom.AbstractTypeDeclaration::bodyDeclarations (5 bytes)
Event: 64746.444 Thread 0x000001eeb104f540 nmethod 5247 0x000001eea1e01490 code [0x000001eea1e01620, 0x000001eea1e016f8]
Event: 64746.445 Thread 0x000001eeb357c4b0 5248       1       org.eclipse.jdt.core.dom.Statement::<init> (11 bytes)
Event: 64746.445 Thread 0x000001eeb357c4b0 nmethod 5248 0x000001eea1e01190 code [0x000001eea1e01320, 0x000001eea1e01428]
Event: 64746.445 Thread 0x000001eeb357c4b0 5249       1       org.eclipse.jdt.core.dom.DefaultASTVisitor::visit (6 bytes)
Event: 64746.445 Thread 0x000001eeb104f540 5250       1       org.eclipse.jdt.core.dom.DefaultASTVisitor::endVisit (6 bytes)
Event: 64746.445 Thread 0x000001eeb357c4b0 nmethod 5249 0x000001eea1e00e90 code [0x000001eea1e01020, 0x000001eea1e01108]
Event: 64746.445 Thread 0x000001eeb104f540 nmethod 5250 0x000001eea1e00b90 code [0x000001eea1e00d20, 0x000001eea1e00e08]

GC Heap History (20 events):
Event: 68839.696 GC heap before
{Heap before GC invocations=1152 (full 1138):
 garbage-first heap   total 69632K, used 19460K [0x0000000701000000, 0x0000000800000000)
  region size 2048K, 1 young (2048K), 0 survivors (0K)
 Metaspace       used 39068K, committed 39424K, reserved 1089536K
  class space    used 4944K, committed 5120K, reserved 1048576K
}
Event: 68839.726 GC heap after
{Heap after GC invocations=1153 (full 1139):
 garbage-first heap   total 69632K, used 19460K [0x0000000701000000, 0x0000000800000000)
  region size 2048K, 0 young (0K), 0 survivors (0K)
 Metaspace       used 39068K, committed 39424K, reserved 1089536K
  class space    used 4944K, committed 5120K, reserved 1048576K
}
Event: 68849.912 GC heap before
{Heap before GC invocations=1153 (full 1139):
 garbage-first heap   total 69632K, used 19460K [0x0000000701000000, 0x0000000800000000)
  region size 2048K, 1 young (2048K), 0 survivors (0K)
 Metaspace       used 39068K, committed 39424K, reserved 1089536K
  class space    used 4944K, committed 5120K, reserved 1048576K
}
Event: 68849.937 GC heap after
{Heap after GC invocations=1154 (full 1140):
 garbage-first heap   total 69632K, used 19460K [0x0000000701000000, 0x0000000800000000)
  region size 2048K, 0 young (0K), 0 survivors (0K)
 Metaspace       used 39068K, committed 39424K, reserved 1089536K
  class space    used 4944K, committed 5120K, reserved 1048576K
}
Event: 68860.085 GC heap before
{Heap before GC invocations=1154 (full 1140):
 garbage-first heap   total 69632K, used 19460K [0x0000000701000000, 0x0000000800000000)
  region size 2048K, 1 young (2048K), 0 survivors (0K)
 Metaspace       used 39068K, committed 39424K, reserved 1089536K
  class space    used 4944K, committed 5120K, reserved 1048576K
}
Event: 68860.116 GC heap after
{Heap after GC invocations=1155 (full 1141):
 garbage-first heap   total 69632K, used 19460K [0x0000000701000000, 0x0000000800000000)
  region size 2048K, 0 young (0K), 0 survivors (0K)
 Metaspace       used 39068K, committed 39424K, reserved 1089536K
  class space    used 4944K, committed 5120K, reserved 1048576K
}
Event: 68870.340 GC heap before
{Heap before GC invocations=1155 (full 1141):
 garbage-first heap   total 69632K, used 19460K [0x0000000701000000, 0x0000000800000000)
  region size 2048K, 1 young (2048K), 0 survivors (0K)
 Metaspace       used 39068K, committed 39424K, reserved 1089536K
  class space    used 4944K, committed 5120K, reserved 1048576K
}
Event: 68870.366 GC heap after
{Heap after GC invocations=1156 (full 1142):
 garbage-first heap   total 69632K, used 19460K [0x0000000701000000, 0x0000000800000000)
  region size 2048K, 0 young (0K), 0 survivors (0K)
 Metaspace       used 39068K, committed 39424K, reserved 1089536K
  class space    used 4944K, committed 5120K, reserved 1048576K
}
Event: 68880.558 GC heap before
{Heap before GC invocations=1156 (full 1142):
 garbage-first heap   total 69632K, used 19460K [0x0000000701000000, 0x0000000800000000)
  region size 2048K, 1 young (2048K), 0 survivors (0K)
 Metaspace       used 39068K, committed 39424K, reserved 1089536K
  class space    used 4944K, committed 5120K, reserved 1048576K
}
Event: 68880.582 GC heap after
{Heap after GC invocations=1157 (full 1143):
 garbage-first heap   total 69632K, used 19460K [0x0000000701000000, 0x0000000800000000)
  region size 2048K, 0 young (0K), 0 survivors (0K)
 Metaspace       used 39068K, committed 39424K, reserved 1089536K
  class space    used 4944K, committed 5120K, reserved 1048576K
}
Event: 68890.726 GC heap before
{Heap before GC invocations=1157 (full 1143):
 garbage-first heap   total 69632K, used 19460K [0x0000000701000000, 0x0000000800000000)
  region size 2048K, 1 young (2048K), 0 survivors (0K)
 Metaspace       used 39068K, committed 39424K, reserved 1089536K
  class space    used 4944K, committed 5120K, reserved 1048576K
}
Event: 68890.757 GC heap after
{Heap after GC invocations=1158 (full 1144):
 garbage-first heap   total 69632K, used 19460K [0x0000000701000000, 0x0000000800000000)
  region size 2048K, 0 young (0K), 0 survivors (0K)
 Metaspace       used 39068K, committed 39424K, reserved 1089536K
  class space    used 4944K, committed 5120K, reserved 1048576K
}
Event: 68900.949 GC heap before
{Heap before GC invocations=1158 (full 1144):
 garbage-first heap   total 69632K, used 19460K [0x0000000701000000, 0x0000000800000000)
  region size 2048K, 1 young (2048K), 0 survivors (0K)
 Metaspace       used 39068K, committed 39424K, reserved 1089536K
  class space    used 4944K, committed 5120K, reserved 1048576K
}
Event: 68900.974 GC heap after
{Heap after GC invocations=1159 (full 1145):
 garbage-first heap   total 69632K, used 19460K [0x0000000701000000, 0x0000000800000000)
  region size 2048K, 0 young (0K), 0 survivors (0K)
 Metaspace       used 39068K, committed 39424K, reserved 1089536K
  class space    used 4944K, committed 5120K, reserved 1048576K
}
Event: 68911.132 GC heap before
{Heap before GC invocations=1159 (full 1145):
 garbage-first heap   total 69632K, used 19460K [0x0000000701000000, 0x0000000800000000)
  region size 2048K, 1 young (2048K), 0 survivors (0K)
 Metaspace       used 39068K, committed 39424K, reserved 1089536K
  class space    used 4944K, committed 5120K, reserved 1048576K
}
Event: 68911.166 GC heap after
{Heap after GC invocations=1160 (full 1146):
 garbage-first heap   total 69632K, used 19460K [0x0000000701000000, 0x0000000800000000)
  region size 2048K, 0 young (0K), 0 survivors (0K)
 Metaspace       used 39068K, committed 39424K, reserved 1089536K
  class space    used 4944K, committed 5120K, reserved 1048576K
}
Event: 68921.311 GC heap before
{Heap before GC invocations=1160 (full 1146):
 garbage-first heap   total 69632K, used 19460K [0x0000000701000000, 0x0000000800000000)
  region size 2048K, 1 young (2048K), 0 survivors (0K)
 Metaspace       used 39068K, committed 39424K, reserved 1089536K
  class space    used 4944K, committed 5120K, reserved 1048576K
}
Event: 68921.336 GC heap after
{Heap after GC invocations=1161 (full 1147):
 garbage-first heap   total 69632K, used 19460K [0x0000000701000000, 0x0000000800000000)
  region size 2048K, 0 young (0K), 0 survivors (0K)
 Metaspace       used 39068K, committed 39424K, reserved 1089536K
  class space    used 4944K, committed 5120K, reserved 1048576K
}
Event: 68931.484 GC heap before
{Heap before GC invocations=1161 (full 1147):
 garbage-first heap   total 69632K, used 19460K [0x0000000701000000, 0x0000000800000000)
  region size 2048K, 1 young (2048K), 0 survivors (0K)
 Metaspace       used 39068K, committed 39424K, reserved 1089536K
  class space    used 4944K, committed 5120K, reserved 1048576K
}
Event: 68931.511 GC heap after
{Heap after GC invocations=1162 (full 1148):
 garbage-first heap   total 69632K, used 19460K [0x0000000701000000, 0x0000000800000000)
  region size 2048K, 0 young (0K), 0 survivors (0K)
 Metaspace       used 39068K, committed 39424K, reserved 1089536K
  class space    used 4944K, committed 5120K, reserved 1048576K
}

Deoptimization events (20 events):
Event: 8.692 Thread 0x000001eeb38c0390 DEOPT PACKING pc=0x000001eea1ccd124 sp=0x0000007b225fe430
Event: 8.692 Thread 0x000001eeb38c0390 DEOPT UNPACKING pc=0x000001eea13d2b43 sp=0x0000007b225fd908 mode 0
Event: 8.692 Thread 0x000001eeb3865950 DEOPT PACKING pc=0x000001eea1ccd124 sp=0x0000007b223fd640
Event: 8.692 Thread 0x000001eeb3865950 DEOPT UNPACKING pc=0x000001eea13d2b43 sp=0x0000007b223fcb18 mode 0
Event: 8.693 Thread 0x000001eeb38c0390 DEOPT PACKING pc=0x000001eea1ccd124 sp=0x0000007b225fe5c0
Event: 8.693 Thread 0x000001eeb38c0390 DEOPT UNPACKING pc=0x000001eea13d2b43 sp=0x0000007b225fda98 mode 0
Event: 8.693 Thread 0x000001eeb38c0390 DEOPT PACKING pc=0x000001eea1ccd124 sp=0x0000007b225fe750
Event: 8.693 Thread 0x000001eeb38c0390 DEOPT UNPACKING pc=0x000001eea13d2b43 sp=0x0000007b225fdc28 mode 0
Event: 8.693 Thread 0x000001eeb3865950 DEOPT PACKING pc=0x000001eea1ccd124 sp=0x0000007b223fd7d0
Event: 8.693 Thread 0x000001eeb3865950 DEOPT UNPACKING pc=0x000001eea13d2b43 sp=0x0000007b223fcca8 mode 0
Event: 8.693 Thread 0x000001eeb3865950 DEOPT PACKING pc=0x000001eea1ccd124 sp=0x0000007b223fd960
Event: 8.693 Thread 0x000001eeb3865950 DEOPT UNPACKING pc=0x000001eea13d2b43 sp=0x0000007b223fce38 mode 0
Event: 8.843 Thread 0x000001eeb38c0d30 DEOPT PACKING pc=0x000001eea1d2a1b3 sp=0x0000007b226fd020
Event: 8.843 Thread 0x000001eeb38c0d30 DEOPT UNPACKING pc=0x000001eea13d2b43 sp=0x0000007b226fc518 mode 3
Event: 397.238 Thread 0x000001eeb3536f30 DEOPT PACKING pc=0x000001eea19b35d4 sp=0x0000007b220fef70
Event: 397.238 Thread 0x000001eeb3536f30 DEOPT UNPACKING pc=0x000001eea13d2b43 sp=0x0000007b220fe418 mode 0
Event: 1945.249 Thread 0x000001eeb38c2ee0 DEOPT PACKING pc=0x000001eea14f3a6a sp=0x0000007b1fefdb20
Event: 1945.249 Thread 0x000001eeb38c2ee0 DEOPT UNPACKING pc=0x000001eea13d2b43 sp=0x0000007b1fefcfa0 mode 3
Event: 63885.514 Thread 0x000001eeb38c16d0 DEOPT PACKING pc=0x000001eea1ecf246 sp=0x0000007b1fefd540
Event: 63885.514 Thread 0x000001eeb38c16d0 DEOPT UNPACKING pc=0x000001eea13d2b43 sp=0x0000007b1fefc9f0 mode 3

Classes unloaded (20 events):
Event: 88.200 Thread 0x000001eeb0717a30 Unloading class 0x00000008002e0c00 'java/lang/invoke/LambdaForm$DMH+0x00000008002e0c00'
Event: 88.200 Thread 0x000001eeb0717a30 Unloading class 0x00000008002e0400 'java/lang/invoke/LambdaForm$DMH+0x00000008002e0400'
Event: 88.200 Thread 0x000001eeb0717a30 Unloading class 0x00000008001de800 'java/lang/invoke/LambdaForm$MH+0x00000008001de800'
Event: 88.200 Thread 0x000001eeb0717a30 Unloading class 0x00000008001de400 'java/lang/invoke/LambdaForm$MH+0x00000008001de400'
Event: 88.200 Thread 0x000001eeb0717a30 Unloading class 0x00000008001de000 'java/lang/invoke/LambdaForm$MH+0x00000008001de000'
Event: 88.200 Thread 0x000001eeb0717a30 Unloading class 0x00000008001ddc00 'java/lang/invoke/LambdaForm$MH+0x00000008001ddc00'
Event: 88.200 Thread 0x000001eeb0717a30 Unloading class 0x00000008001dd800 'java/lang/invoke/LambdaForm$MH+0x00000008001dd800'
Event: 88.200 Thread 0x000001eeb0717a30 Unloading class 0x00000008001dd000 'java/lang/invoke/LambdaForm$MH+0x00000008001dd000'
Event: 88.200 Thread 0x000001eeb0717a30 Unloading class 0x00000008000ca800 'java/lang/invoke/LambdaForm$MH+0x00000008000ca800'
Event: 88.200 Thread 0x000001eeb0717a30 Unloading class 0x00000008000ca000 'java/lang/invoke/LambdaForm$MH+0x00000008000ca000'
Event: 88.200 Thread 0x000001eeb0717a30 Unloading class 0x00000008000c9c00 'java/lang/invoke/LambdaForm$MH+0x00000008000c9c00'
Event: 88.200 Thread 0x000001eeb0717a30 Unloading class 0x00000008000c9800 'java/lang/invoke/LambdaForm$MH+0x00000008000c9800'
Event: 88.200 Thread 0x000001eeb0717a30 Unloading class 0x00000008000c9000 'java/lang/invoke/LambdaForm$MH+0x00000008000c9000'
Event: 88.200 Thread 0x000001eeb0717a30 Unloading class 0x00000008000c8c00 'java/lang/invoke/LambdaForm$MH+0x00000008000c8c00'
Event: 88.200 Thread 0x000001eeb0717a30 Unloading class 0x00000008000c8800 'java/lang/invoke/LambdaForm$MH+0x00000008000c8800'
Event: 88.200 Thread 0x000001eeb0717a30 Unloading class 0x00000008000c8000 'java/lang/invoke/LambdaForm$MH+0x00000008000c8000'
Event: 6415.693 Thread 0x000001eeb0717a30 Unloading class 0x0000000800428400 'jdk/internal/reflect/GeneratedConstructorAccessor19'
Event: 6415.693 Thread 0x000001eeb0717a30 Unloading class 0x0000000800428800 'jdk/internal/reflect/GeneratedConstructorAccessor18'
Event: 6415.693 Thread 0x000001eeb0717a30 Unloading class 0x000000080042ac00 'jdk/internal/reflect/GeneratedConstructorAccessor16'
Event: 6415.693 Thread 0x000001eeb0717a30 Unloading class 0x0000000800430000 'jdk/internal/reflect/GeneratedMethodAccessor11'

Classes redefined (0 events):
No events

Internal exceptions (20 events):
Event: 1945.209 Thread 0x000001eeb38c2ee0 Exception <a 'java/lang/ArrayIndexOutOfBoundsException'{0x0000000703ddbfc0}> (0x0000000703ddbfc0) 
thrown [e:\jenkins\tmp\workspace\build\src\src\hotspot\share\runtime\sharedRuntime.cpp, line 628]
Event: 1945.219 Thread 0x000001eeb38c2ee0 Exception <a 'java/lang/ArrayIndexOutOfBoundsException'{0x000000070580e9f0}> (0x000000070580e9f0) 
thrown [e:\jenkins\tmp\workspace\build\src\src\hotspot\share\runtime\sharedRuntime.cpp, line 628]
Event: 1945.229 Thread 0x000001eeb38c2ee0 Exception <a 'java/lang/ArrayIndexOutOfBoundsException'{0x00000007059310b8}> (0x00000007059310b8) 
thrown [e:\jenkins\tmp\workspace\build\src\src\hotspot\share\runtime\sharedRuntime.cpp, line 628]
Event: 1945.249 Thread 0x000001eeb38c2ee0 Implicit null exception at 0x000001eea14f37e2 to 0x000001eea14f3a65
Event: 6279.412 Thread 0x000001eeb3865950 Exception <a 'java/lang/ArrayIndexOutOfBoundsException'{0x00000007052cbde0}> (0x00000007052cbde0) 
thrown [e:\jenkins\tmp\workspace\build\src\src\hotspot\share\runtime\sharedRuntime.cpp, line 628]
Event: 6279.509 Thread 0x000001eeb38c2540 Exception <a 'java/lang/ArrayIndexOutOfBoundsException'{0x00000007052bf128}> (0x00000007052bf128) 
thrown [e:\jenkins\tmp\workspace\build\src\src\hotspot\share\runtime\sharedRuntime.cpp, line 628]
Event: 6279.551 Thread 0x000001eeb38c2540 Exception <a 'java/lang/ArrayIndexOutOfBoundsException'{0x0000000704799d18}> (0x0000000704799d18) 
thrown [e:\jenkins\tmp\workspace\build\src\src\hotspot\share\runtime\sharedRuntime.cpp, line 628]
Event: 6279.555 Thread 0x000001eeb38c2540 Exception <a 'java/lang/ArrayIndexOutOfBoundsException'{0x00000007047a7fb8}> (0x00000007047a7fb8) 
thrown [e:\jenkins\tmp\workspace\build\src\src\hotspot\share\runtime\sharedRuntime.cpp, line 628]
Event: 6279.557 Thread 0x000001eeb38c2540 Exception <a 'java/lang/ArrayIndexOutOfBoundsException'{0x00000007047c03c0}> (0x00000007047c03c0) 
thrown [e:\jenkins\tmp\workspace\build\src\src\hotspot\share\runtime\sharedRuntime.cpp, line 628]
Event: 6279.558 Thread 0x000001eeb38c2540 Exception <a 'java/lang/ArrayIndexOutOfBoundsException'{0x00000007047d6bd8}> (0x00000007047d6bd8) 
thrown [e:\jenkins\tmp\workspace\build\src\src\hotspot\share\runtime\sharedRuntime.cpp, line 628]
Event: 6279.559 Thread 0x000001eeb38c2540 Exception <a 'java/lang/ArrayIndexOutOfBoundsException'{0x00000007047ea010}> (0x00000007047ea010) 
thrown [e:\jenkins\tmp\workspace\build\src\src\hotspot\share\runtime\sharedRuntime.cpp, line 628]
Event: 6279.566 Thread 0x000001eeb38c2540 Exception <a 'java/lang/ArrayIndexOutOfBoundsException'{0x0000000704409b40}> (0x0000000704409b40) 
thrown [e:\jenkins\tmp\workspace\build\src\src\hotspot\share\runtime\sharedRuntime.cpp, line 628]
Event: 6279.574 Thread 0x000001eeb38c2540 Exception <a 'java/lang/ArrayIndexOutOfBoundsException'{0x0000000704432a70}> (0x0000000704432a70) 
thrown [e:\jenkins\tmp\workspace\build\src\src\hotspot\share\runtime\sharedRuntime.cpp, line 628]
Event: 6279.583 Thread 0x000001eeb38c2540 Exception <a 'java/lang/ArrayIndexOutOfBoundsException'{0x0000000704465468}> (0x0000000704465468) 
thrown [e:\jenkins\tmp\workspace\build\src\src\hotspot\share\runtime\sharedRuntime.cpp, line 628]
Event: 6279.607 Thread 0x000001eeb38c2540 Exception <a 'java/lang/ArrayIndexOutOfBoundsException'{0x0000000704544038}> (0x0000000704544038) 
thrown [e:\jenkins\tmp\workspace\build\src\src\hotspot\share\runtime\sharedRuntime.cpp, line 628]
Event: 6354.950 Thread 0x000001eeb38c2540 Exception <a 'java/lang/ArrayIndexOutOfBoundsException'{0x0000000703c90ce8}> (0x0000000703c90ce8) 
thrown [e:\jenkins\tmp\workspace\build\src\src\hotspot\share\runtime\sharedRuntime.cpp, line 628]
Event: 63885.494 Thread 0x000001eeb38c16d0 Exception <a 'java/lang/ArrayIndexOutOfBoundsException'{0x000000070522e7f0}> (0x000000070522e7f0) 
thrown [e:\jenkins\tmp\workspace\build\src\src\hotspot\share\runtime\sharedRuntime.cpp, line 628]
Event: 63885.513 Thread 0x000001eeb38c16d0 Implicit null exception at 0x000001eea1eceb75 to 0x000001eea1ecf241
Event: 63998.750 Thread 0x000001eeb38bfec0 Exception <a 'java/lang/ArrayIndexOutOfBoundsException'{0x000000070522e860}> (0x000000070522e860) 
thrown [e:\jenkins\tmp\workspace\build\src\src\hotspot\share\runtime\sharedRuntime.cpp, line 628]
Event: 64746.408 Thread 0x000001eeb38c1ba0 Exception <a 'java/lang/ArrayIndexOutOfBoundsException'{0x000000070522e860}> (0x000000070522e860) 
thrown [e:\jenkins\tmp\workspace\build\src\src\hotspot\share\runtime\sharedRuntime.cpp, line 628]

VM Operations (20 events):
Event: 68839.726 Executing VM operation: G1CollectFull done
Event: 68849.912 Executing VM operation: G1CollectFull
Event: 68849.937 Executing VM operation: G1CollectFull done
Event: 68860.085 Executing VM operation: G1CollectFull
Event: 68860.116 Executing VM operation: G1CollectFull done
Event: 68870.340 Executing VM operation: G1CollectFull
Event: 68870.366 Executing VM operation: G1CollectFull done
Event: 68880.558 Executing VM operation: G1CollectFull
Event: 68880.582 Executing VM operation: G1CollectFull done
Event: 68890.726 Executing VM operation: G1CollectFull
Event: 68890.757 Executing VM operation: G1CollectFull done
Event: 68900.949 Executing VM operation: G1CollectFull
Event: 68900.974 Executing VM operation: G1CollectFull done
Event: 68911.132 Executing VM operation: G1CollectFull
Event: 68911.166 Executing VM operation: G1CollectFull done
Event: 68921.311 Executing VM operation: G1CollectFull
Event: 68921.337 Executing VM operation: G1CollectFull done
Event: 68931.484 Executing VM operation: G1CollectFull
Event: 68931.511 Executing VM operation: G1CollectFull done
Event: 68941.739 Executing VM operation: G1CollectFull

Events (20 events):
Event: 1958.966 Thread 0x000001eeb1188a90 Thread exited: 0x000001eeb1188a90
Event: 2015.771 Thread 0x000001eeb38c2ee0 Thread exited: 0x000001eeb38c2ee0
Event: 6279.407 Thread 0x000001eeb38c2540 Thread added: 0x000001eeb38c2540
Event: 6355.039 Thread 0x000001eeb18f8020 Thread added: 0x000001eeb18f8020
Event: 6355.039 Thread 0x000001eeb3e28650 Thread added: 0x000001eeb3e28650
Event: 6355.039 Thread 0x000001eeb17f5e80 Thread added: 0x000001eeb17f5e80
Event: 6357.149 Thread 0x000001eeb17f5e80 Thread exited: 0x000001eeb17f5e80
Event: 6364.436 Thread 0x000001eeb3e28650 Thread exited: 0x000001eeb3e28650
Event: 6364.437 Thread 0x000001eeb18f8020 Thread exited: 0x000001eeb18f8020
Event: 6436.218 Thread 0x000001eeb38c2540 Thread exited: 0x000001eeb38c2540
Event: 63885.488 Thread 0x000001eeb38c16d0 Thread added: 0x000001eeb38c16d0
Event: 63945.531 Thread 0x000001eeb38c16d0 Thread exited: 0x000001eeb38c16d0
Event: 63998.747 Thread 0x000001eeb38bfec0 Thread added: 0x000001eeb38bfec0
Event: 63998.773 Thread 0x000001eeb357c4b0 Thread added: 0x000001eeb357c4b0
Event: 64003.788 Thread 0x000001eeb357c4b0 Thread exited: 0x000001eeb357c4b0
Event: 64058.791 Thread 0x000001eeb38bfec0 Thread exited: 0x000001eeb38bfec0
Event: 64746.396 Thread 0x000001eeb38c1ba0 Thread added: 0x000001eeb38c1ba0
Event: 64746.443 Thread 0x000001eeb357c4b0 Thread added: 0x000001eeb357c4b0
Event: 64751.456 Thread 0x000001eeb357c4b0 Thread exited: 0x000001eeb357c4b0
Event: 64806.450 Thread 0x000001eeb38c1ba0 Thread exited: 0x000001eeb38c1ba0


Dynamic libraries:
0x00007ff7622b0000 - 0x00007ff7622be000 	c:\Users\Pilar\.vscode\extensions\redhat.java-1.5.0-win32-x64\jre\17.0.2-win32-x86_64\bin\java.exe
0x00007ffc12330000 - 0x00007ffc12525000 	C:\WINDOWS\SYSTEM32\ntdll.dll
0x00007ffc10590000 - 0x00007ffc1064e000 	C:\WINDOWS\System32\KERNEL32.DLL
0x00007ffc0fb00000 - 0x00007ffc0fdc8000 	C:\WINDOWS\System32\KERNELBASE.dll
0x00007ffc0fee0000 - 0x00007ffc0ffe0000 	C:\WINDOWS\System32\ucrtbase.dll
0x00007ffbe78f0000 - 0x00007ffbe7908000 	c:\Users\Pilar\.vscode\extensions\redhat.java-1.5.0-win32-x64\jre\17.0.2-win32-x86_64\bin\jli.dll
0x00007ffbe7530000 - 0x00007ffbe7549000 	c:\Users\Pilar\.vscode\extensions\redhat.java-1.5.0-win32-x64\jre\17.0.2-win32-x86_64\bin\VCRUNTIME140.dll
0x00007ffc10650000 - 0x00007ffc107f0000 	C:\WINDOWS\System32\USER32.dll
0x00007ffc10050000 - 0x00007ffc10072000 	C:\WINDOWS\System32\win32u.dll
0x00007ffc018d0000 - 0x00007ffc01b6a000 	C:\WINDOWS\WinSxS\amd64_microsoft.windows.common-controls_6595b64144ccf1df_6.0.19041.1110_none_60b5254171f9507e\COMCTL32.dll
0x00007ffc10390000 - 0x00007ffc103ba000 	C:\WINDOWS\System32\GDI32.dll
0x00007ffc104f0000 - 0x00007ffc1058e000 	C:\WINDOWS\System32\msvcrt.dll
0x00007ffc0fdd0000 - 0x00007ffc0fedb000 	C:\WINDOWS\System32\gdi32full.dll
0x00007ffc10080000 - 0x00007ffc1011d000 	C:\WINDOWS\System32\msvcp_win.dll
0x00007ffc12190000 - 0x00007ffc121c0000 	C:\WINDOWS\System32\IMM32.DLL
0x00007ffbe8680000 - 0x00007ffbe868c000 	c:\Users\Pilar\.vscode\extensions\redhat.java-1.5.0-win32-x64\jre\17.0.2-win32-x86_64\bin\vcruntime140_1.dll
0x00007ffbc1810000 - 0x00007ffbc18a1000 	c:\Users\Pilar\.vscode\extensions\redhat.java-1.5.0-win32-x64\jre\17.0.2-win32-x86_64\bin\msvcp140.dll
0x00007ffbb2b80000 - 0x00007ffbb37c7000 	c:\Users\Pilar\.vscode\extensions\redhat.java-1.5.0-win32-x64\jre\17.0.2-win32-x86_64\bin\server\jvm.dll
0x00007ffc11d80000 - 0x00007ffc11e2e000 	C:\WINDOWS\System32\ADVAPI32.dll
0x00007ffc11010000 - 0x00007ffc110ac000 	C:\WINDOWS\System32\sechost.dll
0x00007ffc103c0000 - 0x00007ffc104e5000 	C:\WINDOWS\System32\RPCRT4.dll
0x00007ffc11d70000 - 0x00007ffc11d78000 	C:\WINDOWS\System32\PSAPI.DLL
0x00007ffbdb870000 - 0x00007ffbdb879000 	C:\WINDOWS\SYSTEM32\WSOCK32.dll
0x00007ffc08800000 - 0x00007ffc0880a000 	C:\WINDOWS\SYSTEM32\VERSION.dll
0x00007ffc03440000 - 0x00007ffc03467000 	C:\WINDOWS\SYSTEM32\WINMM.dll
0x00007ffc11820000 - 0x00007ffc1188b000 	C:\WINDOWS\System32\WS2_32.dll
0x00007ffc0db50000 - 0x00007ffc0db62000 	C:\WINDOWS\SYSTEM32\kernel.appcore.dll
0x00007ffbeda50000 - 0x00007ffbeda5a000 	c:\Users\Pilar\.vscode\extensions\redhat.java-1.5.0-win32-x64\jre\17.0.2-win32-x86_64\bin\jimage.dll
0x00007ffc035d0000 - 0x00007ffc037b4000 	C:\WINDOWS\SYSTEM32\DBGHELP.DLL
0x00007ffbfe3b0000 - 0x00007ffbfe3dc000 	C:\WINDOWS\SYSTEM32\dbgcore.DLL
0x00007ffc10280000 - 0x00007ffc10302000 	C:\WINDOWS\System32\bcryptPrimitives.dll
0x00007ffbd4b00000 - 0x00007ffbd4b25000 	c:\Users\Pilar\.vscode\extensions\redhat.java-1.5.0-win32-x64\jre\17.0.2-win32-x86_64\bin\java.dll
0x00007ffbd4ae0000 - 0x00007ffbd4af8000 	c:\Users\Pilar\.vscode\extensions\redhat.java-1.5.0-win32-x64\jre\17.0.2-win32-x86_64\bin\zip.dll
0x00007ffc110d0000 - 0x00007ffc11814000 	C:\WINDOWS\System32\SHELL32.dll
0x00007ffc0db70000 - 0x00007ffc0e304000 	C:\WINDOWS\SYSTEM32\windows.storage.dll
0x00007ffc11e30000 - 0x00007ffc12184000 	C:\WINDOWS\System32\combase.dll
0x00007ffc0f4c0000 - 0x00007ffc0f4ec000 	C:\WINDOWS\SYSTEM32\Wldp.dll
0x00007ffc10f60000 - 0x00007ffc1100d000 	C:\WINDOWS\System32\SHCORE.dll
0x00007ffc10a30000 - 0x00007ffc10a85000 	C:\WINDOWS\System32\shlwapi.dll
0x00007ffc0f990000 - 0x00007ffc0f9af000 	C:\WINDOWS\SYSTEM32\profapi.dll
0x00007ffbd4780000 - 0x00007ffbd4799000 	C:\Users\Pilar\.vscode\extensions\redhat.java-1.5.0-win32-x64\jre\17.0.2-win32-x86_64\bin\net.dll
0x00007ffc017c0000 - 0x00007ffc018ca000 	C:\WINDOWS\SYSTEM32\WINHTTP.dll
0x00007ffc0f220000 - 0x00007ffc0f28a000 	C:\WINDOWS\system32\mswsock.dll
0x00007ffbd4760000 - 0x00007ffbd4775000 	C:\Users\Pilar\.vscode\extensions\redhat.java-1.5.0-win32-x64\jre\17.0.2-win32-x86_64\bin\nio.dll
0x00007ffbeda40000 - 0x00007ffbeda50000 	c:\Users\Pilar\.vscode\extensions\redhat.java-1.5.0-win32-x64\jre\17.0.2-win32-x86_64\bin\verify.dll
0x00007ffbdf360000 - 0x00007ffbdf369000 	C:\Users\Pilar\.vscode\extensions\redhat.java-1.5.0-win32-x64\jre\17.0.2-win32-x86_64\bin\management.dll
0x00007ffbdf350000 - 0x00007ffbdf35b000 	C:\Users\Pilar\.vscode\extensions\redhat.java-1.5.0-win32-x64\jre\17.0.2-win32-x86_64\bin\management_ext.dll
0x00007ffbf10b0000 - 0x00007ffbf10c7000 	C:\WINDOWS\system32\napinsp.dll
0x00007ffbeee40000 - 0x00007ffbeee5b000 	C:\WINDOWS\system32\pnrpnsp.dll
0x00007ffc0a450000 - 0x00007ffc0a465000 	C:\WINDOWS\system32\wshbth.dll
0x00007ffc0ae60000 - 0x00007ffc0ae7d000 	C:\WINDOWS\system32\NLAapi.dll
0x00007ffc0eea0000 - 0x00007ffc0eedb000 	C:\WINDOWS\SYSTEM32\IPHLPAPI.DLL
0x00007ffc0ef00000 - 0x00007ffc0efcb000 	C:\WINDOWS\SYSTEM32\DNSAPI.dll
0x00007ffc110b0000 - 0x00007ffc110b8000 	C:\WINDOWS\System32\NSI.dll
0x00007ffbeec70000 - 0x00007ffbeec82000 	C:\WINDOWS\System32\winrnr.dll
0x00007ffc02aa0000 - 0x00007ffc02aaa000 	C:\Windows\System32\rasadhlp.dll
0x00007ffc01740000 - 0x00007ffc017bf000 	C:\WINDOWS\System32\fwpuclnt.dll
0x00007ffc10360000 - 0x00007ffc10387000 	C:\WINDOWS\System32\bcrypt.dll
0x00007ffc0f420000 - 0x00007ffc0f438000 	C:\WINDOWS\SYSTEM32\CRYPTSP.dll
0x00007ffc0ead0000 - 0x00007ffc0eb04000 	C:\WINDOWS\system32\rsaenh.dll
0x00007ffc0f950000 - 0x00007ffc0f97e000 	C:\WINDOWS\SYSTEM32\USERENV.dll
0x00007ffc0f410000 - 0x00007ffc0f41c000 	C:\WINDOWS\SYSTEM32\CRYPTBASE.dll
0x00007ffc05ea0000 - 0x00007ffc05eb7000 	C:\WINDOWS\SYSTEM32\dhcpcsvc6.DLL
0x00007ffc079c0000 - 0x00007ffc079dd000 	C:\WINDOWS\SYSTEM32\dhcpcsvc.DLL

dbghelp: loaded successfully - version: 4.0.5 - missing functions: none
symbol engine: initialized successfully - sym options: 0x614 - pdb path: .;c:\Users\Pilar\.vscode\extensions\redhat.java-1.5.0-win32-x64\jre\17.0.2-win32-x86_64\bin;C:\WINDOWS\SYSTEM32;C:\WINDOWS\WinSxS\amd64_microsoft.windows.common-controls_6595b64144ccf1df_6.0.19041.1110_none_60b5254171f9507e;c:\Users\Pilar\.vscode\extensions\redhat.java-1.5.0-win32-x64\jre\17.0.2-win32-x86_64\bin\server

VM Arguments:
jvm_args: -Dsts.lsp.client=vscode -Dsts.log.file=/dev/null -XX:TieredStopAtLevel=1 -Dspring.config.location=file:c:\Users\Pilar\.vscode\extensions\pivotal.vscode-spring-boot-1.33.0\language-server\BOOT-INF\classes\application.properties 
java_command: org.springframework.ide.vscode.boot.app.BootLanguageServerBootApp
java_class_path (initial): c:\Users\Pilar\.vscode\extensions\pivotal.vscode-spring-boot-1.33.0\language-server\BOOT-INF\classes;c:\Users\Pilar\.vscode\extensions\pivotal.vscode-spring-boot-1.33.0\language-server\BOOT-INF\lib\antlr4-runtime-4.5.3.jar;c:\Users\Pilar\.vscode\extensions\pivotal.vscode-spring-boot-1.33.0\language-server\BOOT-INF\lib\byte-buddy-1.10.18.jar;c:\Users\Pilar\.vscode\extensions\pivotal.vscode-spring-boot-1.33.0\language-server\BOOT-INF\lib\commons-codec-1.14.jar;c:\Users\Pilar\.vscode\extensions\pivotal.vscode-spring-boot-1.33.0\language-server\BOOT-INF\lib\commons-io-2.4.jar;c:\Users\Pilar\.vscode\extensions\pivotal.vscode-spring-boot-1.33.0\language-server\BOOT-INF\lib\commons-java-1.33.0-SNAPSHOT.jar;c:\Users\Pilar\.vscode\extensions\pivotal.vscode-spring-boot-1.33.0\language-server\BOOT-INF\lib\commons-lang3-3.10.jar;c:\Users\Pilar\.vscode\extensions\pivotal.vscode-spring-boot-1.33.0\language-server\BOOT-INF\lib\commons-language-server-1.33.0-SNAPSHOT.jar;c:\Users\Pilar\.vscode\extensions\pivotal.vscode-spring-boot-1.33.0\language-server\BOOT-INF\lib\commons-lsp-extensions-1.33.0-SNAPSHOT.jar;c:\Users\Pilar\.vscode\extensions\pivotal.vscode-spring-boot-1.33.0\language-server\BOOT-INF\lib\commons-util-1.33.0-SNAPSHOT.jar;c:\Users\Pilar\.vscode\extensions\pivotal.vscode-spring-boot-1.33.0\language-server\BOOT-INF\lib\commons-yaml-1.33.0-SNAPSHOT.jar;c:\Users\Pilar\.vscode\extensions\pivotal.vscode-spring-boot-1.33.0\language-server\BOOT-INF\lib\gson-2.8.6.jar;c:\Users\Pilar\.vscode\extensions\pivotal.vscode-spring-boot-1.33.0\language-server\BOOT-INF\lib\guava-19.0.jar;c:\Users\Pilar\.vscode\extensions\pivotal.vscode-spring-boot-1.33.0\language-server\BOOT-INF\lib\jakarta.annotation-api-1.3.5.jar;c:\Users\Pilar\.vscode\extensions\pivotal.vscode-spring-boot-1.33.0\language-server\BOOT-INF\lib\jandex-2.0.5.Final.jar;c:\Users\Pilar\.vscode\extensions\pivotal.vscode-spring-boot-1.33.0\language-server\BOOT-INF\lib\java-properties-1.33.0-SNAPSHO
Launcher Type: SUN_STANDARD

[Global flags]
     intx CICompilerCount                          = 4                                         {product} {ergonomic}
     uint ConcGCThreads                            = 2                                         {product} {ergonomic}
     uint G1ConcRefinementThreads                  = 8                                         {product} {ergonomic}
   size_t G1HeapRegionSize                         = 2097152                                   {product} {ergonomic}
    uintx GCDrainStackTargetSize                   = 64                                        {product} {ergonomic}
   size_t InitialHeapSize                          = 268435456                                 {product} {ergonomic}
   size_t MarkStackSize                            = 4194304                                   {product} {ergonomic}
   size_t MaxHeapSize                              = 4278190080                                {product} {ergonomic}
   size_t MaxNewSize                               = 2566914048                                {product} {ergonomic}
   size_t MinHeapDeltaBytes                        = 2097152                                   {product} {ergonomic}
   size_t MinHeapSize                              = 8388608                                   {product} {ergonomic}
    uintx NonProfiledCodeHeapSize                  = 0                                      {pd product} {ergonomic}
     bool ProfileInterpreter                       = false                                  {pd product} {command line}
    uintx ProfiledCodeHeapSize                     = 0                                      {pd product} {ergonomic}
   size_t SoftMaxHeapSize                          = 4278190080                             {manageable} {ergonomic}
     intx TieredStopAtLevel                        = 1                                         {product} {command line}
     bool UseCompressedClassPointers               = true                           {product lp64_product} {ergonomic}
     bool UseCompressedOops                        = true                           {product lp64_product} {ergonomic}
     bool UseG1GC                                  = true                                      {product} {ergonomic}
     bool UseLargePagesIndividualAllocation        = false                                  {pd product} {ergonomic}

Logging:
Log output configuration:
 #0: stdout all=warning uptime,level,tags
 #1: stderr all=off uptime,level,tags

Environment Variables:
JAVA_HOME=C:\Program Files\Java\jdk-11.0.1
PATH=C:\Program Files (x86)\VMware\VMware Player\bin\;C:\WINDOWS\system32;C:\WINDOWS;C:\WINDOWS\System32\Wbem;C:\WINDOWS\System32\WindowsPowerShell\v1.0\;C:\WINDOWS\System32\OpenSSH\;C:\Program Files\PuTTY\;C:\Program Files\Java\jdk-11.0.2\bin;C:\Users\Pilar\Desktop\runtime\win64;C:\Users\Pilar\Desktop\bin;C:\Program Files\nodejs\;C:\SysGCC\raspberry\bin;C:\Program Files\Git\cmd;C:\Program Files\MySQL\MySQL Shell 8.0\bin\;C:\Users\Pilar\AppData\Local\Programs\Python\Python310\Scripts\;C:\Users\Pilar\AppData\Local\Programs\Python\Python310\;C:\Users\Pilar\python\anaconda_programa;C:\Users\Pilar\python\anaconda_programa\Library\mingw-w64\bin;C:\Users\Pilar\python\anaconda_programa\Library\usr\bin;C:\Users\Pilar\python\anaconda_programa\Library\bin;C:\Users\Pilar\python\anaconda_programa\Scripts;C:\Users\Pilar\python;C:\Users\Pilar\python\Library\mingw-w64\bin;C:\Users\Pilar\python\Library\usr\bin;C:\Users\Pilar\python\Library\bin;C:\Users\Pilar\python\Scripts;C:\Users\Pilar\AppData\Local\Microsoft\WindowsApps;C:\Users\Pilar\AppData\Local\Programs\Microsoft VS Code\bin;C:\Users\Pilar\AppData\Roaming\npm;
USERNAME=Pilar
OS=Windows_NT
PROCESSOR_IDENTIFIER=Intel64 Family 6 Model 60 Stepping 3, GenuineIntel



---------------  S Y S T E M  ---------------

OS:
 Windows 10 , 64 bit Build 19041 (10.0.19041.1645)
OS uptime: 0 days 19:15 hours

CPU: total 8 (initial active 8) (4 cores per cpu, 2 threads per core) family 6 model 60 stepping 3 microcode 0x27, cx8, cmov, fxsr, ht, mmx, sse, sse2, sse3, ssse3, sse4.1, sse4.2, popcnt, lzcnt, tsc, tscinvbit, avx, avx2, aes, erms, clmul, bmi1, bmi2, fma, vzeroupper, clflush

Memory: 4k page, system-wide physical 16316M (2085M free)
TotalPageFile size 16316M (AvailPageFile size 69M)
current process WorkingSet (physical memory assigned to process): 63M, peak: 197M
current process commit charge ("private bytes"): 203M, peak: 364M

vm_info: OpenJDK 64-Bit Server VM (17.0.2+8) for windows-amd64 JRE (17.0.2+8), built on Jan 20 2022 04:52:34 by "" with MS VC++ 16.7 (VS2019)

END.
