#
# There is insufficient memory for the Java Runtime Environment to continue.
# Native memory allocation (malloc) failed to allocate 2097152 bytes for AllocateHeap
# Possible reasons:
#   The system is out of physical RAM or swap space
#   The process is running with CompressedOops enabled, and the Java Heap may be blocking the growth of the native heap
# Possible solutions:
#   Reduce memory load on the system
#   Increase physical memory or swap space
#   Check if swap backing store is full
#   Decrease Java heap size (-Xmx/-Xms)
#   Decrease number of Java threads
#   Decrease Java thread stack sizes (-Xss)
#   Set larger code cache with -XX:ReservedCodeCacheSize=
#   JVM is running with Zero Based Compressed Oops mode in which the Java heap is
#     placed in the first 32GB address space. The Java Heap base address is the
#     maximum limit for the native heap growth. Please use -XX:HeapBaseMinAddress
#     to set the Java Heap base and to place the Java Heap above 32GB virtual address.
# This output file may be truncated or incomplete.
#
#  Out of Memory Error (allocation.cpp:44), pid=18444, tid=21968
#
# JRE version: OpenJDK Runtime Environment Temurin-17.0.2+8 (17.0.2+8) (build 17.0.2+8)
# Java VM: OpenJDK 64-Bit Server VM Temurin-17.0.2+8 (17.0.2+8, mixed mode, emulated-client, tiered, compressed oops, compressed class ptrs, g1 gc, windows-amd64)
# No core dump will be written. Minidumps are not enabled by default on client versions of Windows
#

---------------  S U M M A R Y ------------

Command Line: -Dsts.lsp.client=vscode -Dsts.log.file=/dev/null -XX:TieredStopAtLevel=1 -Dspring.config.location=file:c:\Users\Pilar\.vscode\extensions\pivotal.vscode-spring-boot-1.33.0\language-server\BOOT-INF\classes\application.properties org.springframework.ide.vscode.boot.app.BootLanguageServerBootApp

Host: Intel(R) Core(TM) i7-4702MQ CPU @ 2.20GHz, 8 cores, 15G,  Windows 10 , 64 bit Build 19041 (10.0.19041.1645)
Time: Sat May  7 12:32:45 2022 Hora de verano romance elapsed time: 70330.468195 seconds (0d 19h 32m 10s)

---------------  T H R E A D  ---------------

Current thread (0x00000124d20bded0):  VMThread "VM Thread" [stack: 0x000000194da00000,0x000000194db00000] [id=21968]

Stack: [0x000000194da00000,0x000000194db00000]
Native frames: (J=compiled Java code, j=interpreted, Vv=VM code, C=native code)
V  [jvm.dll+0x67564a]
V  [jvm.dll+0x82fc04]
V  [jvm.dll+0x8313ae]
V  [jvm.dll+0x831a13]
V  [jvm.dll+0x245235]
V  [jvm.dll+0xa6393]
V  [jvm.dll+0x2f52c1]
V  [jvm.dll+0x2f0f70]
V  [jvm.dll+0x2d96c7]
V  [jvm.dll+0x31c6b7]
V  [jvm.dll+0x835ebb]
V  [jvm.dll+0x836bf4]
V  [jvm.dll+0x83710c]
V  [jvm.dll+0x8374e4]
V  [jvm.dll+0x8375b0]
V  [jvm.dll+0x7dff2a]
V  [jvm.dll+0x6744d5]
C  [ucrtbase.dll+0x21bb2]
C  [KERNEL32.DLL+0x17034]
C  [ntdll.dll+0x52651]

VM_Operation (0x000000194f1feee0): G1CollectFull, mode: safepoint, requested by thread 0x00000124d486fd20


---------------  P R O C E S S  ---------------

Threads class SMR info:
_java_thread_list=0x00000124d4f65360, length=19, elements={
0x00000124d20e85c0, 0x00000124d20e9480, 0x00000124d2c5e130, 0x00000124d2c5e9f0,
0x00000124d2c5f2b0, 0x00000124d2c5fb70, 0x00000124d2c604e0, 0x00000124d2c642e0,
0x00000124d2dc9fd0, 0x00000124d2dca4a0, 0x00000124d486fd20, 0x00000124d48c9270,
0x00000124c00d3680, 0x00000124d49058a0, 0x00000124d49a97a0, 0x00000124d49c6ac0,
0x00000124d49afe20, 0x00000124d49c8fa0, 0x00000124d49423a0
}

Java Threads: ( => current thread )
  0x00000124d20e85c0 JavaThread "Reference Handler" daemon [_thread_blocked, id=7724, stack(0x000000194db00000,0x000000194dc00000)]
  0x00000124d20e9480 JavaThread "Finalizer" daemon [_thread_blocked, id=23496, stack(0x000000194dc00000,0x000000194dd00000)]
  0x00000124d2c5e130 JavaThread "Signal Dispatcher" daemon [_thread_blocked, id=5232, stack(0x000000194dd00000,0x000000194de00000)]
  0x00000124d2c5e9f0 JavaThread "Attach Listener" daemon [_thread_blocked, id=15412, stack(0x000000194de00000,0x000000194df00000)]
  0x00000124d2c5f2b0 JavaThread "Service Thread" daemon [_thread_blocked, id=19036, stack(0x000000194df00000,0x000000194e000000)]
  0x00000124d2c5fb70 JavaThread "Monitor Deflation Thread" daemon [_thread_blocked, id=7096, stack(0x000000194e000000,0x000000194e100000)]
  0x00000124d2c604e0 JavaThread "C1 CompilerThread0" daemon [_thread_blocked, id=11692, stack(0x000000194e100000,0x000000194e200000)]
  0x00000124d2c642e0 JavaThread "Sweeper thread" daemon [_thread_blocked, id=2812, stack(0x000000194e200000,0x000000194e300000)]
  0x00000124d2dc9fd0 JavaThread "Notification Thread" daemon [_thread_blocked, id=19188, stack(0x000000194e500000,0x000000194e600000)]
  0x00000124d2dca4a0 JavaThread "Common-Cleaner" daemon [_thread_blocked, id=23116, stack(0x000000194e700000,0x000000194e800000)]
  0x00000124d486fd20 JavaThread "pool-7-thread-1" [_thread_blocked, id=18564, stack(0x000000194f100000,0x000000194f200000)]
  0x00000124d48c9270 JavaThread "LanguageServerApp-lifecycle" [_thread_blocked, id=21336, stack(0x000000194f200000,0x000000194f300000)]
  0x00000124c00d3680 JavaThread "DestroyJavaVM" [_thread_blocked, id=2440, stack(0x000000194d400000,0x000000194d500000)]
  0x00000124d49058a0 JavaThread "pool-8-thread-1" [_thread_in_native, id=14868, stack(0x000000194f300000,0x000000194f400000)]
  0x00000124d49a97a0 JavaThread "Simple-Language-Server main thread" daemon [_thread_blocked, id=14492, stack(0x000000194f400000,0x000000194f500000)]
  0x00000124d49c6ac0 JavaThread "pool-5-thread-1" [_thread_blocked, id=18240, stack(0x000000194f500000,0x000000194f600000)]
  0x00000124d49afe20 JavaThread "Reconciler-1" [_thread_blocked, id=16556, stack(0x000000194f600000,0x000000194f700000)]
  0x00000124d49c8fa0 JavaThread "parallel-1" daemon [_thread_blocked, id=23404, stack(0x000000194f700000,0x000000194f800000)]
  0x00000124d49423a0 JavaThread "pool-3-thread-1" [_thread_blocked, id=20896, stack(0x000000194fa00000,0x000000194fb00000)]

Other Threads:
=>0x00000124d20bded0 VMThread "VM Thread" [stack: 0x000000194da00000,0x000000194db00000] [id=21968]
  0x00000124c0147590 WatcherThread [stack: 0x000000194e600000,0x000000194e700000] [id=10312]
  0x00000124c0125000 GCTaskThread "GC Thread#0" [stack: 0x000000194d500000,0x000000194d600000] [id=12124]
  0x00000124d35a5c40 GCTaskThread "GC Thread#1" [stack: 0x000000194e900000,0x000000194ea00000] [id=11432]
  0x00000124d35a5ef0 GCTaskThread "GC Thread#2" [stack: 0x000000194ea00000,0x000000194eb00000] [id=23460]
  0x00000124d354e7c0 GCTaskThread "GC Thread#3" [stack: 0x000000194eb00000,0x000000194ec00000] [id=2404]
  0x00000124d354ea70 GCTaskThread "GC Thread#4" [stack: 0x000000194ec00000,0x000000194ed00000] [id=19668]
  0x00000124d354f130 GCTaskThread "GC Thread#5" [stack: 0x000000194ed00000,0x000000194ee00000] [id=15308]
  0x00000124d361a9d0 GCTaskThread "GC Thread#6" [stack: 0x000000194ee00000,0x000000194ef00000] [id=15540]
  0x00000124d37f5510 GCTaskThread "GC Thread#7" [stack: 0x000000194ef00000,0x000000194f000000] [id=14352]
  0x00000124c0135d50 ConcurrentGCThread "G1 Main Marker" [stack: 0x000000194d600000,0x000000194d700000] [id=13616]
  0x00000124c0136e10 ConcurrentGCThread "G1 Conc#0" [stack: 0x000000194d700000,0x000000194d800000] [id=18624]
  0x00000124d4677910 ConcurrentGCThread "G1 Conc#1" [stack: 0x000000194f000000,0x000000194f100000] [id=18932]
  0x00000124c018ab20 ConcurrentGCThread "G1 Refine#0" [stack: 0x000000194d800000,0x000000194d900000] [id=8152]
  0x00000124d1f74630 ConcurrentGCThread "G1 Service" [stack: 0x000000194d900000,0x000000194da00000] [id=23344]

Threads with active compile tasks:

VM state: at safepoint (normal execution)

VM Mutex/Monitor currently owned by a thread:  ([mutex/lock_event])
[0x00000124bdf45040] Threads_lock - owner thread: 0x00000124d20bded0
[0x00000124c00d0ed0] Heap_lock - owner thread: 0x00000124d486fd20

Heap address: 0x0000000701000000, size: 4080 MB, Compressed Oops mode: Zero based, Oop shift amount: 3

CDS archive(s) not mapped
Compressed class space mapped at: 0x0000000800000000-0x0000000840000000, reserved size: 1073741824
Narrow klass base: 0x0000000800000000, Narrow klass shift: 0, Narrow klass range: 0x40000000

GC Precious Log:
 CPUs: 8 total, 8 available
 Memory: 16316M
 Large Page Support: Disabled
 NUMA Support: Disabled
 Compressed Oops: Enabled (Zero based)
 Heap Region Size: 2M
 Heap Min Capacity: 8M
 Heap Initial Capacity: 256M
 Heap Max Capacity: 4080M
 Pre-touch: Disabled
 Parallel Workers: 8
 Concurrent Workers: 2
 Concurrent Refinement Workers: 8
 Periodic GC: Disabled

Heap:
 garbage-first heap   total 75776K, used 22478K [0x0000000701000000, 0x0000000800000000)
  region size 2048K, 1 young (2048K), 0 survivors (0K)
 Metaspace       used 41112K, committed 41536K, reserved 1089536K
  class space    used 5254K, committed 5440K, reserved 1048576K

Heap Regions: E=young(eden), S=young(survivor), O=old, HS=humongous(starts), HC=humongous(continues), CS=collection set, F=free, OA=open archive, CA=closed archive, TAMS=top-at-mark-start (previous, next)
|   0|0x0000000701000000, 0x00000007011fffb8, 0x0000000701200000| 99%| O|  |TAMS 0x00000007011fffb8, 0x0000000701000000| Untracked 
|   1|0x0000000701200000, 0x0000000701400000, 0x0000000701400000|100%| O|  |TAMS 0x0000000701400000, 0x0000000701200000| Untracked 
|   2|0x0000000701400000, 0x0000000701600000, 0x0000000701600000|100%| O|  |TAMS 0x0000000701600000, 0x0000000701400000| Untracked 
|   3|0x0000000701600000, 0x00000007017f3718, 0x0000000701800000| 97%| O|  |TAMS 0x00000007017f3718, 0x0000000701600000| Untracked 
|   4|0x0000000701800000, 0x00000007019ffff8, 0x0000000701a00000| 99%| O|  |TAMS 0x00000007019ffff8, 0x0000000701800000| Untracked 
|   5|0x0000000701a00000, 0x0000000701bfff08, 0x0000000701c00000| 99%| O|  |TAMS 0x0000000701bfff08, 0x0000000701a00000| Untracked 
|   6|0x0000000701c00000, 0x0000000701e00000, 0x0000000701e00000|100%| O|  |TAMS 0x0000000701e00000, 0x0000000701c00000| Untracked 
|   7|0x0000000701e00000, 0x0000000701ffb418, 0x0000000702000000| 99%| O|  |TAMS 0x0000000701ffb418, 0x0000000701e00000| Untracked 
|   8|0x0000000702000000, 0x00000007021ffff8, 0x0000000702200000| 99%| O|  |TAMS 0x00000007021ffff8, 0x0000000702000000| Untracked 
|   9|0x0000000702200000, 0x00000007023fc8d0, 0x0000000702400000| 99%| O|  |TAMS 0x00000007023fc8d0, 0x0000000702200000| Untracked 
|  10|0x0000000702400000, 0x000000070259f500, 0x0000000702600000| 81%| O|  |TAMS 0x0000000702400000, 0x0000000702400000| Untracked 
|  11|0x0000000702600000, 0x00000007026692c8, 0x0000000702800000| 20%| O|  |TAMS 0x0000000702600000, 0x0000000702600000| Untracked 
|  12|0x0000000702800000, 0x0000000702800000, 0x0000000702a00000|  0%| F|  |TAMS 0x0000000702800000, 0x0000000702800000| Untracked 
|  13|0x0000000702a00000, 0x0000000702a00000, 0x0000000702c00000|  0%| F|  |TAMS 0x0000000702a00000, 0x0000000702a00000| Untracked 
|  14|0x0000000702c00000, 0x0000000702c00000, 0x0000000702e00000|  0%| F|  |TAMS 0x0000000702c00000, 0x0000000702c00000| Untracked 
|  15|0x0000000702e00000, 0x0000000702e00000, 0x0000000703000000|  0%| F|  |TAMS 0x0000000702e00000, 0x0000000702e00000| Untracked 
|  16|0x0000000703000000, 0x0000000703000000, 0x0000000703200000|  0%| F|  |TAMS 0x0000000703000000, 0x0000000703000000| Untracked 
|  17|0x0000000703200000, 0x0000000703200000, 0x0000000703400000|  0%| F|  |TAMS 0x0000000703200000, 0x0000000703200000| Untracked 
|  18|0x0000000703400000, 0x0000000703400000, 0x0000000703600000|  0%| F|  |TAMS 0x0000000703400000, 0x0000000703400000| Untracked 
|  19|0x0000000703600000, 0x0000000703600000, 0x0000000703800000|  0%| F|  |TAMS 0x0000000703600000, 0x0000000703600000| Untracked 
|  20|0x0000000703800000, 0x0000000703800000, 0x0000000703a00000|  0%| F|  |TAMS 0x0000000703800000, 0x0000000703800000| Untracked 
|  21|0x0000000703a00000, 0x0000000703a00000, 0x0000000703c00000|  0%| F|  |TAMS 0x0000000703a00000, 0x0000000703a00000| Untracked 
|  22|0x0000000703c00000, 0x0000000703c00000, 0x0000000703e00000|  0%| F|  |TAMS 0x0000000703c00000, 0x0000000703c00000| Untracked 
|  23|0x0000000703e00000, 0x0000000703e00000, 0x0000000704000000|  0%| F|  |TAMS 0x0000000703e00000, 0x0000000703e00000| Untracked 
|  24|0x0000000704000000, 0x0000000704000000, 0x0000000704200000|  0%| F|  |TAMS 0x0000000704000000, 0x0000000704000000| Untracked 
|  25|0x0000000704200000, 0x0000000704200000, 0x0000000704400000|  0%| F|  |TAMS 0x0000000704200000, 0x0000000704200000| Untracked 
|  26|0x0000000704400000, 0x0000000704400000, 0x0000000704600000|  0%| F|  |TAMS 0x0000000704400000, 0x0000000704400000| Untracked 
|  27|0x0000000704600000, 0x0000000704600000, 0x0000000704800000|  0%| F|  |TAMS 0x0000000704600000, 0x0000000704600000| Untracked 
|  28|0x0000000704800000, 0x0000000704800000, 0x0000000704a00000|  0%| F|  |TAMS 0x0000000704800000, 0x0000000704800000| Untracked 
|  29|0x0000000704a00000, 0x0000000704a00000, 0x0000000704c00000|  0%| F|  |TAMS 0x0000000704a00000, 0x0000000704a00000| Untracked 
|  30|0x0000000704c00000, 0x0000000704c00000, 0x0000000704e00000|  0%| F|  |TAMS 0x0000000704c00000, 0x0000000704c00000| Untracked 
|  31|0x0000000704e00000, 0x0000000704e00000, 0x0000000705000000|  0%| F|  |TAMS 0x0000000704e00000, 0x0000000704e00000| Untracked 
|  32|0x0000000705000000, 0x0000000705000000, 0x0000000705200000|  0%| F|  |TAMS 0x0000000705000000, 0x0000000705000000| Untracked 
|  33|0x0000000705200000, 0x0000000705200000, 0x0000000705400000|  0%| F|  |TAMS 0x0000000705200000, 0x0000000705200000| Untracked 
|  34|0x0000000705400000, 0x0000000705400000, 0x0000000705600000|  0%| F|  |TAMS 0x0000000705400000, 0x0000000705400000| Untracked 
|  35|0x0000000705600000, 0x0000000705600000, 0x0000000705800000|  0%| F|  |TAMS 0x0000000705600000, 0x0000000705600000| Untracked 
|  36|0x0000000705800000, 0x0000000705805080, 0x0000000705a00000|  0%| E|  |TAMS 0x0000000705800000, 0x0000000705800000| Complete 

Card table byte_map: [0x00000124c6660000,0x00000124c6e60000] _byte_map_base: 0x00000124c2e58000

Marking Bits (Prev, Next): (CMBitMap*) 0x00000124c0125520, (CMBitMap*) 0x00000124c0125560
 Prev Bits: [0x00000124c7660000, 0x00000124cb620000)
 Next Bits: [0x00000124cb620000, 0x00000124cf5e0000)

Polling page: 0x00000124be020000

Metaspace:

Usage:
  Non-class:     35.02 MB used.
      Class:      5.13 MB used.
       Both:     40.15 MB used.

Virtual space:
  Non-class space:       40.00 MB reserved,      35.25 MB ( 88%) committed,  5 nodes.
      Class space:        1.00 GB reserved,       5.31 MB ( <1%) committed,  1 nodes.
             Both:        1.04 GB reserved,      40.56 MB (  4%) committed. 

Chunk freelists:
   Non-Class:  3.92 MB
       Class:  2.61 MB
        Both:  6.53 MB

MaxMetaspaceSize: unlimited
CompressedClassSpaceSize: 1.00 GB
Initial GC threshold: 21.00 MB
Current GC threshold: 67.62 MB
CDS: off
MetaspaceReclaimPolicy: balanced
 - commit_granule_bytes: 65536.
 - commit_granule_words: 8192.
 - virtual_space_node_default_size: 1048576.
 - enlarge_chunks_in_place: 1.
 - new_chunks_are_fully_committed: 0.
 - uncommit_free_chunks: 1.
 - use_allocation_guard: 0.
 - handle_deallocations: 1.


Internal statistics:

num_allocs_failed_limit: 6.
num_arena_births: 610.
num_arena_deaths: 266.
num_vsnodes_births: 6.
num_vsnodes_deaths: 0.
num_space_committed: 649.
num_space_uncommitted: 0.
num_chunks_returned_to_freelist: 322.
num_chunks_taken_from_freelist: 1962.
num_chunk_merges: 112.
num_chunk_splits: 1247.
num_chunks_enlarged: 907.
num_purges: 28.
num_inconsistent_stats: 0.

CodeCache: size=49152Kb used=18323Kb max_used=19812Kb free=30829Kb
 bounds [0x00000124c2d50000, 0x00000124c40b0000, 0x00000124c5d50000]
 total_blobs=9319 nmethods=8762 adapters=482
 compilation: enabled
              stopped_count=0, restarted_count=0
 full_count=0

Compilation events (20 events):
Event: 70057.178 Thread 0x00000124d2c604e0 8753       1       jdk.internal.reflect.Reflection::isCallerSensitive (24 bytes)
Event: 70057.179 Thread 0x00000124d2c604e0 nmethod 8753 0x00000124c3de5b90 code [0x00000124c3de5dc0, 0x00000124c3de62d8]
Event: 70057.179 Thread 0x00000124d2c604e0 8754       1       jdk.internal.reflect.NativeMethodAccessorImpl::<init> (10 bytes)
Event: 70057.179 Thread 0x00000124d2c604e0 nmethod 8754 0x00000124c3de5890 code [0x00000124c3de5a20, 0x00000124c3de5b38]
Event: 70057.179 Thread 0x00000124d2c604e0 8755       1       jdk.internal.reflect.DelegatingMethodAccessorImpl::<init> (10 bytes)
Event: 70057.179 Thread 0x00000124d2c604e0 nmethod 8755 0x00000124c3de5590 code [0x00000124c3de5720, 0x00000124c3de5838]
Event: 70061.006 Thread 0x00000124d2c604e0 8756       1       com.google.gson.TypeAdapter::nullSafe (9 bytes)
Event: 70061.007 Thread 0x00000124d2c604e0 nmethod 8756 0x00000124c3de5210 code [0x00000124c3de53a0, 0x00000124c3de5518]
Event: 70061.007 Thread 0x00000124d2c604e0 8757       1       com.google.gson.TypeAdapter$1::<init> (10 bytes)
Event: 70061.007 Thread 0x00000124d2c604e0 nmethod 8757 0x00000124c3de4f10 code [0x00000124c3de50a0, 0x00000124c3de51b8]
Event: 70061.039 Thread 0x00000124d2c604e0 8758       1       com.google.gson.internal.bind.TypeAdapters::newFactory (11 bytes)
Event: 70061.039 Thread 0x00000124d2c604e0 nmethod 8758 0x00000124c3de4a90 code [0x00000124c3de4c20, 0x00000124c3de4e58]
Event: 70061.039 Thread 0x00000124d2c604e0 8759       1       com.google.gson.internal.bind.TypeAdapters$33::<init> (20 bytes)
Event: 70061.039 Thread 0x00000124d2c604e0 nmethod 8759 0x00000124c3de4690 code [0x00000124c3de4820, 0x00000124c3de4a18]
Event: 70061.207 Thread 0x00000124d2c604e0 8760       1       java.util.stream.FindOps$FindOp::evaluateSequential (39 bytes)
Event: 70061.207 Thread 0x00000124d2c604e0 nmethod 8760 0x00000124c3de4190 code [0x00000124c3de4360, 0x00000124c3de4568]
Event: 70061.207 Thread 0x00000124d2c604e0 8761       1       java.util.stream.FindOps$FindSink::<init> (5 bytes)
Event: 70061.207 Thread 0x00000124d2c604e0 nmethod 8761 0x00000124c3de3e90 code [0x00000124c3de4020, 0x00000124c3de40d8]
Event: 70082.924 Thread 0x00000124d2c604e0 8762       1       org.springframework.ide.vscode.boot.java.beans.ComponentSymbolProvider$$Lambda$648/0x000000080050d8d8::apply (10 bytes)
Event: 70082.924 Thread 0x00000124d2c604e0 nmethod 8762 0x00000124c3de3a10 code [0x00000124c3de3bc0, 0x00000124c3de3d48]

GC Heap History (20 events):
Event: 70228.121 GC heap before
{Heap before GC invocations=1125 (full 953):
 garbage-first heap   total 75776K, used 22478K [0x0000000701000000, 0x0000000800000000)
  region size 2048K, 1 young (2048K), 0 survivors (0K)
 Metaspace       used 41112K, committed 41536K, reserved 1089536K
  class space    used 5254K, committed 5440K, reserved 1048576K
}
Event: 70228.173 GC heap after
{Heap after GC invocations=1126 (full 954):
 garbage-first heap   total 75776K, used 22478K [0x0000000701000000, 0x0000000800000000)
  region size 2048K, 0 young (0K), 0 survivors (0K)
 Metaspace       used 41112K, committed 41536K, reserved 1089536K
  class space    used 5254K, committed 5440K, reserved 1048576K
}
Event: 70238.367 GC heap before
{Heap before GC invocations=1126 (full 954):
 garbage-first heap   total 75776K, used 22478K [0x0000000701000000, 0x0000000800000000)
  region size 2048K, 1 young (2048K), 0 survivors (0K)
 Metaspace       used 41112K, committed 41536K, reserved 1089536K
  class space    used 5254K, committed 5440K, reserved 1048576K
}
Event: 70238.402 GC heap after
{Heap after GC invocations=1127 (full 955):
 garbage-first heap   total 75776K, used 22478K [0x0000000701000000, 0x0000000800000000)
  region size 2048K, 0 young (0K), 0 survivors (0K)
 Metaspace       used 41112K, committed 41536K, reserved 1089536K
  class space    used 5254K, committed 5440K, reserved 1048576K
}
Event: 70248.629 GC heap before
{Heap before GC invocations=1127 (full 955):
 garbage-first heap   total 75776K, used 22478K [0x0000000701000000, 0x0000000800000000)
  region size 2048K, 1 young (2048K), 0 survivors (0K)
 Metaspace       used 41112K, committed 41536K, reserved 1089536K
  class space    used 5254K, committed 5440K, reserved 1048576K
}
Event: 70248.665 GC heap after
{Heap after GC invocations=1128 (full 956):
 garbage-first heap   total 75776K, used 22478K [0x0000000701000000, 0x0000000800000000)
  region size 2048K, 0 young (0K), 0 survivors (0K)
 Metaspace       used 41112K, committed 41536K, reserved 1089536K
  class space    used 5254K, committed 5440K, reserved 1048576K
}
Event: 70258.861 GC heap before
{Heap before GC invocations=1128 (full 956):
 garbage-first heap   total 75776K, used 22478K [0x0000000701000000, 0x0000000800000000)
  region size 2048K, 1 young (2048K), 0 survivors (0K)
 Metaspace       used 41112K, committed 41536K, reserved 1089536K
  class space    used 5254K, committed 5440K, reserved 1048576K
}
Event: 70258.898 GC heap after
{Heap after GC invocations=1129 (full 957):
 garbage-first heap   total 75776K, used 22478K [0x0000000701000000, 0x0000000800000000)
  region size 2048K, 0 young (0K), 0 survivors (0K)
 Metaspace       used 41112K, committed 41536K, reserved 1089536K
  class space    used 5254K, committed 5440K, reserved 1048576K
}
Event: 70269.117 GC heap before
{Heap before GC invocations=1129 (full 957):
 garbage-first heap   total 75776K, used 22478K [0x0000000701000000, 0x0000000800000000)
  region size 2048K, 1 young (2048K), 0 survivors (0K)
 Metaspace       used 41112K, committed 41536K, reserved 1089536K
  class space    used 5254K, committed 5440K, reserved 1048576K
}
Event: 70269.153 GC heap after
{Heap after GC invocations=1130 (full 958):
 garbage-first heap   total 75776K, used 22478K [0x0000000701000000, 0x0000000800000000)
  region size 2048K, 0 young (0K), 0 survivors (0K)
 Metaspace       used 41112K, committed 41536K, reserved 1089536K
  class space    used 5254K, committed 5440K, reserved 1048576K
}
Event: 70279.353 GC heap before
{Heap before GC invocations=1130 (full 958):
 garbage-first heap   total 75776K, used 22478K [0x0000000701000000, 0x0000000800000000)
  region size 2048K, 1 young (2048K), 0 survivors (0K)
 Metaspace       used 41112K, committed 41536K, reserved 1089536K
  class space    used 5254K, committed 5440K, reserved 1048576K
}
Event: 70279.390 GC heap after
{Heap after GC invocations=1131 (full 959):
 garbage-first heap   total 75776K, used 22478K [0x0000000701000000, 0x0000000800000000)
  region size 2048K, 0 young (0K), 0 survivors (0K)
 Metaspace       used 41112K, committed 41536K, reserved 1089536K
  class space    used 5254K, committed 5440K, reserved 1048576K
}
Event: 70289.571 GC heap before
{Heap before GC invocations=1131 (full 959):
 garbage-first heap   total 75776K, used 22478K [0x0000000701000000, 0x0000000800000000)
  region size 2048K, 1 young (2048K), 0 survivors (0K)
 Metaspace       used 41112K, committed 41536K, reserved 1089536K
  class space    used 5254K, committed 5440K, reserved 1048576K
}
Event: 70289.615 GC heap after
{Heap after GC invocations=1132 (full 960):
 garbage-first heap   total 75776K, used 22478K [0x0000000701000000, 0x0000000800000000)
  region size 2048K, 0 young (0K), 0 survivors (0K)
 Metaspace       used 41112K, committed 41536K, reserved 1089536K
  class space    used 5254K, committed 5440K, reserved 1048576K
}
Event: 70299.764 GC heap before
{Heap before GC invocations=1132 (full 960):
 garbage-first heap   total 75776K, used 22478K [0x0000000701000000, 0x0000000800000000)
  region size 2048K, 1 young (2048K), 0 survivors (0K)
 Metaspace       used 41112K, committed 41536K, reserved 1089536K
  class space    used 5254K, committed 5440K, reserved 1048576K
}
Event: 70299.800 GC heap after
{Heap after GC invocations=1133 (full 961):
 garbage-first heap   total 75776K, used 22478K [0x0000000701000000, 0x0000000800000000)
  region size 2048K, 0 young (0K), 0 survivors (0K)
 Metaspace       used 41112K, committed 41536K, reserved 1089536K
  class space    used 5254K, committed 5440K, reserved 1048576K
}
Event: 70310.005 GC heap before
{Heap before GC invocations=1133 (full 961):
 garbage-first heap   total 75776K, used 22478K [0x0000000701000000, 0x0000000800000000)
  region size 2048K, 1 young (2048K), 0 survivors (0K)
 Metaspace       used 41112K, committed 41536K, reserved 1089536K
  class space    used 5254K, committed 5440K, reserved 1048576K
}
Event: 70310.043 GC heap after
{Heap after GC invocations=1134 (full 962):
 garbage-first heap   total 75776K, used 22478K [0x0000000701000000, 0x0000000800000000)
  region size 2048K, 0 young (0K), 0 survivors (0K)
 Metaspace       used 41112K, committed 41536K, reserved 1089536K
  class space    used 5254K, committed 5440K, reserved 1048576K
}
Event: 70320.230 GC heap before
{Heap before GC invocations=1134 (full 962):
 garbage-first heap   total 75776K, used 22478K [0x0000000701000000, 0x0000000800000000)
  region size 2048K, 1 young (2048K), 0 survivors (0K)
 Metaspace       used 41112K, committed 41536K, reserved 1089536K
  class space    used 5254K, committed 5440K, reserved 1048576K
}
Event: 70320.282 GC heap after
{Heap after GC invocations=1135 (full 963):
 garbage-first heap   total 75776K, used 22478K [0x0000000701000000, 0x0000000800000000)
  region size 2048K, 0 young (0K), 0 survivors (0K)
 Metaspace       used 41112K, committed 41536K, reserved 1089536K
  class space    used 5254K, committed 5440K, reserved 1048576K
}

Deoptimization events (20 events):
Event: 2987.291 Thread 0x00000124d49afe20 DEOPT PACKING pc=0x00000124c2f44f0d sp=0x000000194f6fe0b0
Event: 2987.291 Thread 0x00000124d49afe20 DEOPT UNPACKING pc=0x00000124c2da2b43 sp=0x000000194f6fd640 mode 3
Event: 3021.434 Thread 0x00000124d49afe20 DEOPT PACKING pc=0x00000124c35fd76e sp=0x000000194f6fda70
Event: 3021.434 Thread 0x00000124d49afe20 DEOPT UNPACKING pc=0x00000124c2da2b43 sp=0x000000194f6fcff8 mode 0
Event: 3027.844 Thread 0x00000124d4941060 DEOPT PACKING pc=0x00000124c3b603ef sp=0x000000194d1fe3d0
Event: 3027.844 Thread 0x00000124d4941060 DEOPT UNPACKING pc=0x00000124c2da2b43 sp=0x000000194d1fd920 mode 3
Event: 3036.248 Thread 0x00000124d4941060 DEOPT PACKING pc=0x00000124c3a92740 sp=0x000000194d1fda50
Event: 3036.248 Thread 0x00000124d4941060 DEOPT UNPACKING pc=0x00000124c2da2b43 sp=0x000000194d1fd0a8 mode 3
Event: 3141.966 Thread 0x00000124d49afe20 DEOPT PACKING pc=0x00000124c3ccb028 sp=0x000000194f6fdf20
Event: 3141.966 Thread 0x00000124d49afe20 DEOPT UNPACKING pc=0x00000124c2da2b43 sp=0x000000194f6fd418 mode 3
Event: 3141.966 Thread 0x00000124d49afe20 DEOPT PACKING pc=0x00000124c3921cb1 sp=0x000000194f6fdfc0
Event: 3141.966 Thread 0x00000124d49afe20 DEOPT UNPACKING pc=0x00000124c2da2b43 sp=0x000000194f6fd490 mode 3
Event: 3190.665 Thread 0x00000124d4941060 DEOPT PACKING pc=0x00000124c3bc6b9f sp=0x000000194d1fd4f0
Event: 3190.665 Thread 0x00000124d4941060 DEOPT UNPACKING pc=0x00000124c2da2b43 sp=0x000000194d1fc9f8 mode 3
Event: 3305.184 Thread 0x00000124d49afe20 DEOPT PACKING pc=0x00000124c3cf935d sp=0x000000194f6fde80
Event: 3305.184 Thread 0x00000124d49afe20 DEOPT UNPACKING pc=0x00000124c2da2b43 sp=0x000000194f6fd380 mode 3
Event: 3308.715 Thread 0x00000124d49423a0 DEOPT PACKING pc=0x00000124c3c3abf5 sp=0x000000194fafd4a0
Event: 3308.715 Thread 0x00000124d49423a0 DEOPT UNPACKING pc=0x00000124c2da2b43 sp=0x000000194fafc9d0 mode 3
Event: 69124.162 Thread 0x00000124d49afe20 DEOPT PACKING pc=0x00000124c3e28ba5 sp=0x000000194f6fd7d0
Event: 69124.162 Thread 0x00000124d49afe20 DEOPT UNPACKING pc=0x00000124c2da2b43 sp=0x000000194f6fcd38 mode 3

Classes unloaded (20 events):
Event: 69224.614 Thread 0x00000124d20bded0 Unloading class 0x0000000800526000 'java/lang/invoke/LambdaForm$MH+0x0000000800526000'
Event: 69224.614 Thread 0x00000124d20bded0 Unloading class 0x000000080051dc00 'java/lang/invoke/LambdaForm$MH+0x000000080051dc00'
Event: 69224.614 Thread 0x00000124d20bded0 Unloading class 0x000000080051d800 'java/lang/invoke/LambdaForm$MH+0x000000080051d800'
Event: 69224.614 Thread 0x00000124d20bded0 Unloading class 0x0000000800525c00 'java/lang/invoke/LambdaForm$MH+0x0000000800525c00'
Event: 69224.614 Thread 0x00000124d20bded0 Unloading class 0x0000000800524400 'java/lang/invoke/LambdaForm$MH+0x0000000800524400'
Event: 69224.614 Thread 0x00000124d20bded0 Unloading class 0x0000000800526800 'java/lang/invoke/LambdaForm$MH+0x0000000800526800'
Event: 69498.731 Thread 0x00000124d20bded0 Unloading class 0x0000000800526800 'jdk/internal/reflect/GeneratedMethodAccessor46'
Event: 69498.731 Thread 0x00000124d20bded0 Unloading class 0x0000000800524400 'jdk/internal/reflect/GeneratedConstructorAccessor49'
Event: 69498.731 Thread 0x00000124d20bded0 Unloading class 0x0000000800525c00 'jdk/internal/reflect/GeneratedMethodAccessor45'
Event: 69498.731 Thread 0x00000124d20bded0 Unloading class 0x0000000800526000 'jdk/internal/reflect/GeneratedConstructorAccessor48'
Event: 69498.731 Thread 0x00000124d20bded0 Unloading class 0x0000000800541400 'jdk/internal/reflect/GeneratedMethodAccessor44'
Event: 69498.731 Thread 0x00000124d20bded0 Unloading class 0x0000000800542000 'jdk/internal/reflect/GeneratedMethodAccessor43'
Event: 69498.731 Thread 0x00000124d20bded0 Unloading class 0x0000000800543000 'jdk/internal/reflect/GeneratedMethodAccessor42'
Event: 69851.859 Thread 0x00000124d20bded0 Unloading class 0x0000000800543000 'jdk/internal/reflect/GeneratedMethodAccessor51'
Event: 69851.859 Thread 0x00000124d20bded0 Unloading class 0x0000000800542000 'jdk/internal/reflect/GeneratedConstructorAccessor51'
Event: 69851.859 Thread 0x00000124d20bded0 Unloading class 0x0000000800541400 'jdk/internal/reflect/GeneratedMethodAccessor50'
Event: 69851.859 Thread 0x00000124d20bded0 Unloading class 0x0000000800526000 'jdk/internal/reflect/GeneratedConstructorAccessor50'
Event: 69851.859 Thread 0x00000124d20bded0 Unloading class 0x0000000800525c00 'jdk/internal/reflect/GeneratedMethodAccessor49'
Event: 69851.859 Thread 0x00000124d20bded0 Unloading class 0x0000000800524400 'jdk/internal/reflect/GeneratedMethodAccessor48'
Event: 69851.859 Thread 0x00000124d20bded0 Unloading class 0x0000000800526800 'jdk/internal/reflect/GeneratedMethodAccessor47'

Classes redefined (0 events):
No events

Internal exceptions (20 events):
Event: 70060.980 Thread 0x00000124d49423a0 Exception <a 'java/lang/ArrayIndexOutOfBoundsException'{0x00000007037c6840}> (0x00000007037c6840) 
thrown [e:\jenkins\tmp\workspace\build\src\src\hotspot\share\runtime\sharedRuntime.cpp, line 628]
Event: 70060.980 Thread 0x00000124d49423a0 Exception <a 'java/lang/ArrayIndexOutOfBoundsException'{0x00000007037d9320}> (0x00000007037d9320) 
thrown [e:\jenkins\tmp\workspace\build\src\src\hotspot\share\runtime\sharedRuntime.cpp, line 628]
Event: 70062.073 Thread 0x00000124d4c94a10 Exception <a 'java/lang/ArrayIndexOutOfBoundsException'{0x00000007059f7508}> (0x00000007059f7508) 
thrown [e:\jenkins\tmp\workspace\build\src\src\hotspot\share\runtime\sharedRuntime.cpp, line 628]
Event: 70082.155 Thread 0x00000124d49afe20 Exception <a 'java/lang/ArrayIndexOutOfBoundsException'{0x00000007057e5930}> (0x00000007057e5930) 
thrown [e:\jenkins\tmp\workspace\build\src\src\hotspot\share\runtime\sharedRuntime.cpp, line 628]
Event: 70082.216 Thread 0x00000124d49afe20 Exception <a 'java/lang/ArrayIndexOutOfBoundsException'{0x00000007055b1d98}> (0x00000007055b1d98) 
thrown [e:\jenkins\tmp\workspace\build\src\src\hotspot\share\runtime\sharedRuntime.cpp, line 628]
Event: 70082.505 Thread 0x00000124d49afe20 Exception <a 'java/lang/ArrayIndexOutOfBoundsException'{0x000000070537e308}> (0x000000070537e308) 
thrown [e:\jenkins\tmp\workspace\build\src\src\hotspot\share\runtime\sharedRuntime.cpp, line 628]
Event: 70082.860 Thread 0x00000124d4c94a10 Exception <a 'java/lang/ArrayIndexOutOfBoundsException'{0x0000000705177aa0}> (0x0000000705177aa0) 
thrown [e:\jenkins\tmp\workspace\build\src\src\hotspot\share\runtime\sharedRuntime.cpp, line 628]
Event: 70082.891 Thread 0x00000124d4c94a10 Exception <a 'java/lang/ArrayIndexOutOfBoundsException'{0x00000007046632d8}> (0x00000007046632d8) 
thrown [e:\jenkins\tmp\workspace\build\src\src\hotspot\share\runtime\sharedRuntime.cpp, line 628]
Event: 70082.893 Thread 0x00000124d4c94a10 Exception <a 'java/lang/ArrayIndexOutOfBoundsException'{0x00000007046715b8}> (0x00000007046715b8) 
thrown [e:\jenkins\tmp\workspace\build\src\src\hotspot\share\runtime\sharedRuntime.cpp, line 628]
Event: 70082.895 Thread 0x00000124d4c94a10 Exception <a 'java/lang/ArrayIndexOutOfBoundsException'{0x00000007046899c0}> (0x00000007046899c0) 
thrown [e:\jenkins\tmp\workspace\build\src\src\hotspot\share\runtime\sharedRuntime.cpp, line 628]
Event: 70082.895 Thread 0x00000124d4c94a10 Exception <a 'java/lang/ArrayIndexOutOfBoundsException'{0x00000007046a1f28}> (0x00000007046a1f28) 
thrown [e:\jenkins\tmp\workspace\build\src\src\hotspot\share\runtime\sharedRuntime.cpp, line 628]
Event: 70082.895 Thread 0x00000124d4c94a10 Exception <a 'java/lang/ArrayIndexOutOfBoundsException'{0x00000007046b5360}> (0x00000007046b5360) 
thrown [e:\jenkins\tmp\workspace\build\src\src\hotspot\share\runtime\sharedRuntime.cpp, line 628]
Event: 70082.900 Thread 0x00000124d4c94a10 Exception <a 'java/lang/ArrayIndexOutOfBoundsException'{0x00000007046d2e00}> (0x00000007046d2e00) 
thrown [e:\jenkins\tmp\workspace\build\src\src\hotspot\share\runtime\sharedRuntime.cpp, line 628]
Event: 70082.903 Thread 0x00000124d4c94a10 Exception <a 'java/lang/ArrayIndexOutOfBoundsException'{0x00000007046fb7d8}> (0x00000007046fb7d8) 
thrown [e:\jenkins\tmp\workspace\build\src\src\hotspot\share\runtime\sharedRuntime.cpp, line 628]
Event: 70082.908 Thread 0x00000124d4c94a10 Exception <a 'java/lang/ArrayIndexOutOfBoundsException'{0x000000070472e5c8}> (0x000000070472e5c8) 
thrown [e:\jenkins\tmp\workspace\build\src\src\hotspot\share\runtime\sharedRuntime.cpp, line 628]
Event: 70082.908 Thread 0x00000124d4c94a10 Exception <a 'java/lang/ArrayIndexOutOfBoundsException'{0x00000007047410b0}> (0x00000007047410b0) 
thrown [e:\jenkins\tmp\workspace\build\src\src\hotspot\share\runtime\sharedRuntime.cpp, line 628]
Event: 70082.909 Thread 0x00000124d4c94a10 Exception <a 'java/lang/ArrayIndexOutOfBoundsException'{0x0000000704753b90}> (0x0000000704753b90) 
thrown [e:\jenkins\tmp\workspace\build\src\src\hotspot\share\runtime\sharedRuntime.cpp, line 628]
Event: 70082.917 Thread 0x00000124d4c94a10 Exception <a 'java/lang/ArrayIndexOutOfBoundsException'{0x000000070442bd78}> (0x000000070442bd78) 
thrown [e:\jenkins\tmp\workspace\build\src\src\hotspot\share\runtime\sharedRuntime.cpp, line 628]
Event: 70082.918 Thread 0x00000124d4c94a10 Exception <a 'java/lang/ArrayIndexOutOfBoundsException'{0x0000000704441658}> (0x0000000704441658) 
thrown [e:\jenkins\tmp\workspace\build\src\src\hotspot\share\runtime\sharedRuntime.cpp, line 628]
Event: 70082.918 Thread 0x00000124d4c94a10 Exception <a 'java/lang/ArrayIndexOutOfBoundsException'{0x000000070445d198}> (0x000000070445d198) 
thrown [e:\jenkins\tmp\workspace\build\src\src\hotspot\share\runtime\sharedRuntime.cpp, line 628]

VM Operations (20 events):
Event: 70228.173 Executing VM operation: G1CollectFull done
Event: 70238.366 Executing VM operation: G1CollectFull
Event: 70238.402 Executing VM operation: G1CollectFull done
Event: 70248.629 Executing VM operation: G1CollectFull
Event: 70248.665 Executing VM operation: G1CollectFull done
Event: 70258.861 Executing VM operation: G1CollectFull
Event: 70258.898 Executing VM operation: G1CollectFull done
Event: 70269.116 Executing VM operation: G1CollectFull
Event: 70269.153 Executing VM operation: G1CollectFull done
Event: 70279.353 Executing VM operation: G1CollectFull
Event: 70279.390 Executing VM operation: G1CollectFull done
Event: 70289.571 Executing VM operation: G1CollectFull
Event: 70289.615 Executing VM operation: G1CollectFull done
Event: 70299.763 Executing VM operation: G1CollectFull
Event: 70299.801 Executing VM operation: G1CollectFull done
Event: 70310.005 Executing VM operation: G1CollectFull
Event: 70310.043 Executing VM operation: G1CollectFull done
Event: 70320.230 Executing VM operation: G1CollectFull
Event: 70320.282 Executing VM operation: G1CollectFull done
Event: 70330.454 Executing VM operation: G1CollectFull

Events (20 events):
Event: 69124.337 Thread 0x00000124d5144020 Thread added: 0x00000124d5144020
Event: 69130.427 Thread 0x00000124d5144020 Thread exited: 0x00000124d5144020
Event: 69135.437 Thread 0x00000124d312ca60 Thread exited: 0x00000124d312ca60
Event: 69135.437 Thread 0x00000124d330e6e0 Thread exited: 0x00000124d330e6e0
Event: 69184.132 Thread 0x00000124d4c97560 Thread exited: 0x00000124d4c97560
Event: 69241.992 Thread 0x00000124d4c936d0 Thread exited: 0x00000124d4c936d0
Event: 69267.167 Thread 0x00000124d4c97a30 Thread added: 0x00000124d4c97a30
Event: 69327.200 Thread 0x00000124d4c97a30 Thread exited: 0x00000124d4c97a30
Event: 69402.185 Thread 0x00000124d4c936d0 Thread added: 0x00000124d4c936d0
Event: 69507.754 Thread 0x00000124d4c936d0 Thread exited: 0x00000124d4c936d0
Event: 69568.502 Thread 0x00000124d4c95880 Thread added: 0x00000124d4c95880
Event: 69637.285 Thread 0x00000124d4c95880 Thread exited: 0x00000124d4c95880
Event: 69643.542 Thread 0x00000124d4c95880 Thread added: 0x00000124d4c95880
Event: 69718.944 Thread 0x00000124d4c988a0 Thread added: 0x00000124d4c988a0
Event: 69782.752 Thread 0x00000124d4c95880 Thread exited: 0x00000124d4c95880
Event: 69851.160 Thread 0x00000124d4c988a0 Thread exited: 0x00000124d4c988a0
Event: 69879.939 Thread 0x00000124d4c97f00 Thread added: 0x00000124d4c97f00
Event: 69990.051 Thread 0x00000124d4c97f00 Thread exited: 0x00000124d4c97f00
Event: 70057.173 Thread 0x00000124d4c94a10 Thread added: 0x00000124d4c94a10
Event: 70142.936 Thread 0x00000124d4c94a10 Thread exited: 0x00000124d4c94a10


Dynamic libraries:
0x00007ff6f6940000 - 0x00007ff6f694e000 	c:\Users\Pilar\.vscode\extensions\redhat.java-1.6.0-win32-x64\jre\17.0.2-win32-x86_64\bin\java.exe
0x00007ffb74310000 - 0x00007ffb74505000 	C:\WINDOWS\SYSTEM32\ntdll.dll
0x00007ffb72ae0000 - 0x00007ffb72b9e000 	C:\WINDOWS\System32\KERNEL32.DLL
0x00007ffb71a30000 - 0x00007ffb71cf8000 	C:\WINDOWS\System32\KERNELBASE.dll
0x00007ffb6f290000 - 0x00007ffb6f320000 	C:\WINDOWS\SYSTEM32\apphelp.dll
0x00007ffb72270000 - 0x00007ffb72370000 	C:\WINDOWS\System32\ucrtbase.dll
0x00007ffb551a0000 - 0x00007ffb551b9000 	c:\Users\Pilar\.vscode\extensions\redhat.java-1.6.0-win32-x64\jre\17.0.2-win32-x86_64\bin\VCRUNTIME140.dll
0x00007ffb55630000 - 0x00007ffb55648000 	c:\Users\Pilar\.vscode\extensions\redhat.java-1.6.0-win32-x64\jre\17.0.2-win32-x86_64\bin\jli.dll
0x00007ffb73950000 - 0x00007ffb73af0000 	C:\WINDOWS\System32\USER32.dll
0x00007ffb632f0000 - 0x00007ffb6358a000 	C:\WINDOWS\WinSxS\amd64_microsoft.windows.common-controls_6595b64144ccf1df_6.0.19041.1110_none_60b5254171f9507e\COMCTL32.dll
0x00007ffb720e0000 - 0x00007ffb72102000 	C:\WINDOWS\System32\win32u.dll
0x00007ffb72aa0000 - 0x00007ffb72aca000 	C:\WINDOWS\System32\GDI32.dll
0x00007ffb74220000 - 0x00007ffb742be000 	C:\WINDOWS\System32\msvcrt.dll
0x00007ffb71d00000 - 0x00007ffb71e0b000 	C:\WINDOWS\System32\gdi32full.dll
0x00007ffb71f30000 - 0x00007ffb71fcd000 	C:\WINDOWS\System32\msvcp_win.dll
0x00007ffb72cc0000 - 0x00007ffb72cf0000 	C:\WINDOWS\System32\IMM32.DLL
0x00007ffb5f080000 - 0x00007ffb5f08c000 	c:\Users\Pilar\.vscode\extensions\redhat.java-1.6.0-win32-x64\jre\17.0.2-win32-x86_64\bin\vcruntime140_1.dll
0x00007ffb44410000 - 0x00007ffb444a1000 	c:\Users\Pilar\.vscode\extensions\redhat.java-1.6.0-win32-x64\jre\17.0.2-win32-x86_64\bin\msvcp140.dll
0x00007ffb23ce0000 - 0x00007ffb24927000 	c:\Users\Pilar\.vscode\extensions\redhat.java-1.6.0-win32-x64\jre\17.0.2-win32-x86_64\bin\server\jvm.dll
0x00007ffb72d50000 - 0x00007ffb72dfe000 	C:\WINDOWS\System32\ADVAPI32.dll
0x00007ffb73820000 - 0x00007ffb738bc000 	C:\WINDOWS\System32\sechost.dll
0x00007ffb740f0000 - 0x00007ffb74215000 	C:\WINDOWS\System32\RPCRT4.dll
0x00007ffb742c0000 - 0x00007ffb742c8000 	C:\WINDOWS\System32\PSAPI.DLL
0x00007ffb305c0000 - 0x00007ffb305c9000 	C:\WINDOWS\SYSTEM32\WSOCK32.dll
0x00007ffb6b5f0000 - 0x00007ffb6b5fa000 	C:\WINDOWS\SYSTEM32\VERSION.dll
0x00007ffb66a20000 - 0x00007ffb66a47000 	C:\WINDOWS\SYSTEM32\WINMM.dll
0x00007ffb72c50000 - 0x00007ffb72cbb000 	C:\WINDOWS\System32\WS2_32.dll
0x00007ffb6f950000 - 0x00007ffb6f962000 	C:\WINDOWS\SYSTEM32\kernel.appcore.dll
0x00007ffb5d150000 - 0x00007ffb5d15a000 	c:\Users\Pilar\.vscode\extensions\redhat.java-1.6.0-win32-x64\jre\17.0.2-win32-x86_64\bin\jimage.dll
0x00007ffb5de30000 - 0x00007ffb5e014000 	C:\WINDOWS\SYSTEM32\DBGHELP.DLL
0x00007ffb5dcb0000 - 0x00007ffb5dcdc000 	C:\WINDOWS\SYSTEM32\dbgcore.DLL
0x00007ffb72020000 - 0x00007ffb720a2000 	C:\WINDOWS\System32\bcryptPrimitives.dll
0x00007ffb528f0000 - 0x00007ffb52915000 	c:\Users\Pilar\.vscode\extensions\redhat.java-1.6.0-win32-x64\jre\17.0.2-win32-x86_64\bin\java.dll
0x00007ffb53ba0000 - 0x00007ffb53bb8000 	c:\Users\Pilar\.vscode\extensions\redhat.java-1.6.0-win32-x64\jre\17.0.2-win32-x86_64\bin\zip.dll
0x00007ffb72e00000 - 0x00007ffb73544000 	C:\WINDOWS\System32\SHELL32.dll
0x00007ffb6fb50000 - 0x00007ffb702e4000 	C:\WINDOWS\SYSTEM32\windows.storage.dll
0x00007ffb73d90000 - 0x00007ffb740e4000 	C:\WINDOWS\System32\combase.dll
0x00007ffb714a0000 - 0x00007ffb714cc000 	C:\WINDOWS\SYSTEM32\Wldp.dll
0x00007ffb72ba0000 - 0x00007ffb72c4d000 	C:\WINDOWS\System32\SHCORE.dll
0x00007ffb72a40000 - 0x00007ffb72a95000 	C:\WINDOWS\System32\shlwapi.dll
0x00007ffb71970000 - 0x00007ffb7198f000 	C:\WINDOWS\SYSTEM32\profapi.dll
0x00007ffb53660000 - 0x00007ffb53679000 	C:\Users\Pilar\.vscode\extensions\redhat.java-1.6.0-win32-x64\jre\17.0.2-win32-x86_64\bin\net.dll
0x00007ffb653d0000 - 0x00007ffb654da000 	C:\WINDOWS\SYSTEM32\WINHTTP.dll
0x00007ffb71200000 - 0x00007ffb7126a000 	C:\WINDOWS\system32\mswsock.dll
0x00007ffb53390000 - 0x00007ffb533a5000 	C:\Users\Pilar\.vscode\extensions\redhat.java-1.6.0-win32-x64\jre\17.0.2-win32-x86_64\bin\nio.dll
0x00007ffb5f0f0000 - 0x00007ffb5f100000 	c:\Users\Pilar\.vscode\extensions\redhat.java-1.6.0-win32-x64\jre\17.0.2-win32-x86_64\bin\verify.dll
0x00007ffb5efd0000 - 0x00007ffb5efd9000 	C:\Users\Pilar\.vscode\extensions\redhat.java-1.6.0-win32-x64\jre\17.0.2-win32-x86_64\bin\management.dll
0x00007ffb53e20000 - 0x00007ffb53e2b000 	C:\Users\Pilar\.vscode\extensions\redhat.java-1.6.0-win32-x64\jre\17.0.2-win32-x86_64\bin\management_ext.dll
0x00007ffb55c80000 - 0x00007ffb55c97000 	C:\WINDOWS\system32\napinsp.dll
0x00007ffb55c60000 - 0x00007ffb55c7b000 	C:\WINDOWS\system32\pnrpnsp.dll
0x00007ffb624b0000 - 0x00007ffb624c5000 	C:\WINDOWS\system32\wshbth.dll
0x00007ffb6d490000 - 0x00007ffb6d4ad000 	C:\WINDOWS\system32\NLAapi.dll
0x00007ffb70e80000 - 0x00007ffb70ebb000 	C:\WINDOWS\SYSTEM32\IPHLPAPI.DLL
0x00007ffb70ee0000 - 0x00007ffb70fab000 	C:\WINDOWS\SYSTEM32\DNSAPI.dll
0x00007ffb72ad0000 - 0x00007ffb72ad8000 	C:\WINDOWS\System32\NSI.dll
0x00007ffb55c40000 - 0x00007ffb55c52000 	C:\WINDOWS\System32\winrnr.dll
0x00007ffb639d0000 - 0x00007ffb639da000 	C:\Windows\System32\rasadhlp.dll
0x00007ffb65320000 - 0x00007ffb6539f000 	C:\WINDOWS\System32\fwpuclnt.dll
0x00007ffb720b0000 - 0x00007ffb720d7000 	C:\WINDOWS\System32\bcrypt.dll
0x00007ffb71400000 - 0x00007ffb71418000 	C:\WINDOWS\SYSTEM32\CRYPTSP.dll
0x00007ffb70ab0000 - 0x00007ffb70ae4000 	C:\WINDOWS\system32\rsaenh.dll
0x00007ffb71930000 - 0x00007ffb7195e000 	C:\WINDOWS\SYSTEM32\USERENV.dll
0x00007ffb713f0000 - 0x00007ffb713fc000 	C:\WINDOWS\SYSTEM32\CRYPTBASE.dll
0x00007ffb68f20000 - 0x00007ffb68f37000 	C:\WINDOWS\SYSTEM32\dhcpcsvc6.DLL
0x00007ffb6a730000 - 0x00007ffb6a74d000 	C:\WINDOWS\SYSTEM32\dhcpcsvc.DLL

dbghelp: loaded successfully - version: 4.0.5 - missing functions: none
symbol engine: initialized successfully - sym options: 0x614 - pdb path: .;c:\Users\Pilar\.vscode\extensions\redhat.java-1.6.0-win32-x64\jre\17.0.2-win32-x86_64\bin;C:\WINDOWS\SYSTEM32;C:\WINDOWS\WinSxS\amd64_microsoft.windows.common-controls_6595b64144ccf1df_6.0.19041.1110_none_60b5254171f9507e;c:\Users\Pilar\.vscode\extensions\redhat.java-1.6.0-win32-x64\jre\17.0.2-win32-x86_64\bin\server

VM Arguments:
jvm_args: -Dsts.lsp.client=vscode -Dsts.log.file=/dev/null -XX:TieredStopAtLevel=1 -Dspring.config.location=file:c:\Users\Pilar\.vscode\extensions\pivotal.vscode-spring-boot-1.33.0\language-server\BOOT-INF\classes\application.properties 
java_command: org.springframework.ide.vscode.boot.app.BootLanguageServerBootApp
java_class_path (initial): c:\Users\Pilar\.vscode\extensions\pivotal.vscode-spring-boot-1.33.0\language-server\BOOT-INF\classes;c:\Users\Pilar\.vscode\extensions\pivotal.vscode-spring-boot-1.33.0\language-server\BOOT-INF\lib\antlr4-runtime-4.5.3.jar;c:\Users\Pilar\.vscode\extensions\pivotal.vscode-spring-boot-1.33.0\language-server\BOOT-INF\lib\byte-buddy-1.10.18.jar;c:\Users\Pilar\.vscode\extensions\pivotal.vscode-spring-boot-1.33.0\language-server\BOOT-INF\lib\commons-codec-1.14.jar;c:\Users\Pilar\.vscode\extensions\pivotal.vscode-spring-boot-1.33.0\language-server\BOOT-INF\lib\commons-io-2.4.jar;c:\Users\Pilar\.vscode\extensions\pivotal.vscode-spring-boot-1.33.0\language-server\BOOT-INF\lib\commons-java-1.33.0-SNAPSHOT.jar;c:\Users\Pilar\.vscode\extensions\pivotal.vscode-spring-boot-1.33.0\language-server\BOOT-INF\lib\commons-lang3-3.10.jar;c:\Users\Pilar\.vscode\extensions\pivotal.vscode-spring-boot-1.33.0\language-server\BOOT-INF\lib\commons-language-server-1.33.0-SNAPSHOT.jar;c:\Users\Pilar\.vscode\extensions\pivotal.vscode-spring-boot-1.33.0\language-server\BOOT-INF\lib\commons-lsp-extensions-1.33.0-SNAPSHOT.jar;c:\Users\Pilar\.vscode\extensions\pivotal.vscode-spring-boot-1.33.0\language-server\BOOT-INF\lib\commons-util-1.33.0-SNAPSHOT.jar;c:\Users\Pilar\.vscode\extensions\pivotal.vscode-spring-boot-1.33.0\language-server\BOOT-INF\lib\commons-yaml-1.33.0-SNAPSHOT.jar;c:\Users\Pilar\.vscode\extensions\pivotal.vscode-spring-boot-1.33.0\language-server\BOOT-INF\lib\gson-2.8.6.jar;c:\Users\Pilar\.vscode\extensions\pivotal.vscode-spring-boot-1.33.0\language-server\BOOT-INF\lib\guava-19.0.jar;c:\Users\Pilar\.vscode\extensions\pivotal.vscode-spring-boot-1.33.0\language-server\BOOT-INF\lib\jakarta.annotation-api-1.3.5.jar;c:\Users\Pilar\.vscode\extensions\pivotal.vscode-spring-boot-1.33.0\language-server\BOOT-INF\lib\jandex-2.0.5.Final.jar;c:\Users\Pilar\.vscode\extensions\pivotal.vscode-spring-boot-1.33.0\language-server\BOOT-INF\lib\java-properties-1.33.0-SNAPSHO
Launcher Type: SUN_STANDARD

[Global flags]
     intx CICompilerCount                          = 4                                         {product} {ergonomic}
     uint ConcGCThreads                            = 2                                         {product} {ergonomic}
     uint G1ConcRefinementThreads                  = 8                                         {product} {ergonomic}
   size_t G1HeapRegionSize                         = 2097152                                   {product} {ergonomic}
    uintx GCDrainStackTargetSize                   = 64                                        {product} {ergonomic}
   size_t InitialHeapSize                          = 268435456                                 {product} {ergonomic}
   size_t MarkStackSize                            = 4194304                                   {product} {ergonomic}
   size_t MaxHeapSize                              = 4278190080                                {product} {ergonomic}
   size_t MaxNewSize                               = 2566914048                                {product} {ergonomic}
   size_t MinHeapDeltaBytes                        = 2097152                                   {product} {ergonomic}
   size_t MinHeapSize                              = 8388608                                   {product} {ergonomic}
    uintx NonProfiledCodeHeapSize                  = 0                                      {pd product} {ergonomic}
     bool ProfileInterpreter                       = false                                  {pd product} {command line}
    uintx ProfiledCodeHeapSize                     = 0                                      {pd product} {ergonomic}
   size_t SoftMaxHeapSize                          = 4278190080                             {manageable} {ergonomic}
     intx TieredStopAtLevel                        = 1                                         {product} {command line}
     bool UseCompressedClassPointers               = true                           {product lp64_product} {ergonomic}
     bool UseCompressedOops                        = true                           {product lp64_product} {ergonomic}
     bool UseG1GC                                  = true                                      {product} {ergonomic}
     bool UseLargePagesIndividualAllocation        = false                                  {pd product} {ergonomic}

Logging:
Log output configuration:
 #0: stdout all=warning uptime,level,tags
 #1: stderr all=off uptime,level,tags

Environment Variables:
JAVA_HOME=C:\Program Files\Java\jdk-11.0.1
PATH=C:\Program Files (x86)\VMware\VMware Player\bin\;C:\WINDOWS\system32;C:\WINDOWS;C:\WINDOWS\System32\Wbem;C:\WINDOWS\System32\WindowsPowerShell\v1.0\;C:\WINDOWS\System32\OpenSSH\;C:\Program Files\PuTTY\;C:\Program Files\Java\jdk-11.0.2\bin;C:\Users\Pilar\Desktop\runtime\win64;C:\Users\Pilar\Desktop\bin;C:\Program Files\nodejs\;C:\SysGCC\raspberry\bin;C:\Program Files\Git\cmd;C:\Users\Pilar\Downloads\apache-maven-3.8.5-bin\apache-maven-3.8.5\bin;C:\Program Files\MySQL\MySQL Shell 8.0\bin\;C:\Users\Pilar\AppData\Local\Programs\Python\Python310\Scripts\;C:\Users\Pilar\AppData\Local\Programs\Python\Python310\;C:\Users\Pilar\python\anaconda_programa;C:\Users\Pilar\python\anaconda_programa\Library\mingw-w64\bin;C:\Users\Pilar\python\anaconda_programa\Library\usr\bin;C:\Users\Pilar\python\anaconda_programa\Library\bin;C:\Users\Pilar\python\anaconda_programa\Scripts;C:\Users\Pilar\python;C:\Users\Pilar\python\Library\mingw-w64\bin;C:\Users\Pilar\python\Library\usr\bin;C:\Users\Pilar\python\Library\bin;C:\Users\Pilar\python\Scripts;C:\Users\Pilar\AppData\Local\Microsoft\WindowsApps;C:\Users\Pilar\AppData\Local\Programs\Microsoft VS Code\bin;C:\Users\Pilar\AppData\Roaming\npm;
USERNAME=Pilar
OS=Windows_NT
PROCESSOR_IDENTIFIER=Intel64 Family 6 Model 60 Stepping 3, GenuineIntel



---------------  S Y S T E M  ---------------

OS:
 Windows 10 , 64 bit Build 19041 (10.0.19041.1645)
OS uptime: 3 days 20:01 hours

CPU: total 8 (initial active 8) (4 cores per cpu, 2 threads per core) family 6 model 60 stepping 3 microcode 0x27, cx8, cmov, fxsr, ht, mmx, sse, sse2, sse3, ssse3, sse4.1, sse4.2, popcnt, lzcnt, tsc, tscinvbit, avx, avx2, aes, erms, clmul, bmi1, bmi2, fma, vzeroupper, clflush

Memory: 4k page, system-wide physical 16316M (2269M free)
TotalPageFile size 16316M (AvailPageFile size 17M)
current process WorkingSet (physical memory assigned to process): 167M, peak: 228M
current process commit charge ("private bytes"): 223M, peak: 364M

vm_info: OpenJDK 64-Bit Server VM (17.0.2+8) for windows-amd64 JRE (17.0.2+8), built on Jan 20 2022 04:52:34 by "" with MS VC++ 16.7 (VS2019)

END.
