#
# There is insufficient memory for the Java Runtime Environment to continue.
# Native memory allocation (malloc) failed to allocate 2097152 bytes for AllocateHeap
# Possible reasons:
#   The system is out of physical RAM or swap space
#   The process is running with CompressedOops enabled, and the Java Heap may be blocking the growth of the native heap
# Possible solutions:
#   Reduce memory load on the system
#   Increase physical memory or swap space
#   Check if swap backing store is full
#   Decrease Java heap size (-Xmx/-Xms)
#   Decrease number of Java threads
#   Decrease Java thread stack sizes (-Xss)
#   Set larger code cache with -XX:ReservedCodeCacheSize=
#   JVM is running with Zero Based Compressed Oops mode in which the Java heap is
#     placed in the first 32GB address space. The Java Heap base address is the
#     maximum limit for the native heap growth. Please use -XX:HeapBaseMinAddress
#     to set the Java Heap base and to place the Java Heap above 32GB virtual address.
# This output file may be truncated or incomplete.
#
#  Out of Memory Error (allocation.cpp:44), pid=4204, tid=1840
#
# JRE version: OpenJDK Runtime Environment Temurin-17.0.2+8 (17.0.2+8) (build 17.0.2+8)
# Java VM: OpenJDK 64-Bit Server VM Temurin-17.0.2+8 (17.0.2+8, mixed mode, emulated-client, tiered, compressed oops, compressed class ptrs, g1 gc, windows-amd64)
# No core dump will be written. Minidumps are not enabled by default on client versions of Windows
#

---------------  S U M M A R Y ------------

Command Line: -Dsts.lsp.client=vscode -Dsts.log.file=/dev/null -XX:TieredStopAtLevel=1 -Dspring.config.location=file:c:\Users\Pilar\.vscode\extensions\pivotal.vscode-spring-boot-1.33.0\language-server\BOOT-INF\classes\application.properties org.springframework.ide.vscode.boot.app.BootLanguageServerBootApp

Host: Intel(R) Core(TM) i7-4702MQ CPU @ 2.20GHz, 8 cores, 15G,  Windows 10 , 64 bit Build 19041 (10.0.19041.1645)
Time: Mon May  9 18:06:57 2022 Hora de verano romance elapsed time: 1784.470591 seconds (0d 0h 29m 44s)

---------------  T H R E A D  ---------------

Current thread (0x000001d42afb88f0):  VMThread "VM Thread" [stack: 0x0000003f7de00000,0x0000003f7df00000] [id=1840]

Stack: [0x0000003f7de00000,0x0000003f7df00000]
Native frames: (J=compiled Java code, j=interpreted, Vv=VM code, C=native code)
V  [jvm.dll+0x67564a]
V  [jvm.dll+0x82fc04]
V  [jvm.dll+0x8313ae]
V  [jvm.dll+0x831a13]
V  [jvm.dll+0x245235]
V  [jvm.dll+0xa6393]
V  [jvm.dll+0x2f52c1]
V  [jvm.dll+0x2f0f70]
V  [jvm.dll+0x2d96c7]
V  [jvm.dll+0x31c6b7]
V  [jvm.dll+0x835ebb]
V  [jvm.dll+0x836bf4]
V  [jvm.dll+0x83710c]
V  [jvm.dll+0x8374e4]
V  [jvm.dll+0x8375b0]
V  [jvm.dll+0x7dff2a]
V  [jvm.dll+0x6744d5]
C  [ucrtbase.dll+0x21bb2]
C  [KERNEL32.DLL+0x17034]
C  [ntdll.dll+0x52651]

VM_Operation (0x0000003f7f5fed80): G1CollectFull, mode: safepoint, requested by thread 0x000001d42d7269c0


---------------  P R O C E S S  ---------------

Threads class SMR info:
_java_thread_list=0x000001d42db383f0, length=20, elements={
0x000001d42afbd150, 0x000001d42afbdfc0, 0x000001d42b845ca0, 0x000001d42b848b60,
0x000001d42b849510, 0x000001d42b849ec0, 0x000001d42b84a870, 0x000001d42b854190,
0x000001d42b999b00, 0x000001d42b9cba50, 0x000001d42d7269c0, 0x000001d42d739520,
0x000001d416fd2f60, 0x000001d42d540cb0, 0x000001d42d7d8140, 0x000001d42d7e7720,
0x000001d42d8227c0, 0x000001d42d8205f0, 0x000001d42d8672d0, 0x000001d42d867c70
}

Java Threads: ( => current thread )
  0x000001d42afbd150 JavaThread "Reference Handler" daemon [_thread_blocked, id=6396, stack(0x0000003f7df00000,0x0000003f7e000000)]
  0x000001d42afbdfc0 JavaThread "Finalizer" daemon [_thread_blocked, id=9084, stack(0x0000003f7e000000,0x0000003f7e100000)]
  0x000001d42b845ca0 JavaThread "Signal Dispatcher" daemon [_thread_blocked, id=19396, stack(0x0000003f7e100000,0x0000003f7e200000)]
  0x000001d42b848b60 JavaThread "Attach Listener" daemon [_thread_blocked, id=9568, stack(0x0000003f7e200000,0x0000003f7e300000)]
  0x000001d42b849510 JavaThread "Service Thread" daemon [_thread_blocked, id=18660, stack(0x0000003f7e300000,0x0000003f7e400000)]
  0x000001d42b849ec0 JavaThread "Monitor Deflation Thread" daemon [_thread_blocked, id=18056, stack(0x0000003f7e400000,0x0000003f7e500000)]
  0x000001d42b84a870 JavaThread "C1 CompilerThread0" daemon [_thread_blocked, id=11880, stack(0x0000003f7e500000,0x0000003f7e600000)]
  0x000001d42b854190 JavaThread "Sweeper thread" daemon [_thread_blocked, id=19580, stack(0x0000003f7e600000,0x0000003f7e700000)]
  0x000001d42b999b00 JavaThread "Notification Thread" daemon [_thread_blocked, id=18560, stack(0x0000003f7ea00000,0x0000003f7eb00000)]
  0x000001d42b9cba50 JavaThread "Common-Cleaner" daemon [_thread_blocked, id=17484, stack(0x0000003f7ec00000,0x0000003f7ed00000)]
  0x000001d42d7269c0 JavaThread "pool-7-thread-1" [_thread_blocked, id=11516, stack(0x0000003f7f500000,0x0000003f7f600000)]
  0x000001d42d739520 JavaThread "LanguageServerApp-lifecycle" [_thread_blocked, id=7316, stack(0x0000003f7f600000,0x0000003f7f700000)]
  0x000001d416fd2f60 JavaThread "DestroyJavaVM" [_thread_blocked, id=20068, stack(0x0000003f7d800000,0x0000003f7d900000)]
  0x000001d42d540cb0 JavaThread "pool-8-thread-1" [_thread_in_native, id=17180, stack(0x0000003f7f700000,0x0000003f7f800000)]
  0x000001d42d7d8140 JavaThread "Simple-Language-Server main thread" daemon [_thread_blocked, id=4944, stack(0x0000003f7f800000,0x0000003f7f900000)]
  0x000001d42d7e7720 JavaThread "pool-5-thread-1" [_thread_blocked, id=17756, stack(0x0000003f7f900000,0x0000003f7fa00000)]
  0x000001d42d8227c0 JavaThread "Reconciler-1" [_thread_blocked, id=5344, stack(0x0000003f7fa00000,0x0000003f7fb00000)]
  0x000001d42d8205f0 JavaThread "parallel-1" daemon [_thread_blocked, id=20272, stack(0x0000003f7fb00000,0x0000003f7fc00000)]
  0x000001d42d8672d0 JavaThread "pool-3-thread-1" [_thread_blocked, id=21848, stack(0x0000003f7fe00000,0x0000003f7ff00000)]
  0x000001d42d867c70 JavaThread "pool-2-thread-8" [_thread_blocked, id=10304, stack(0x0000003f7d600000,0x0000003f7d700000)]

Other Threads:
=>0x000001d42afb88f0 VMThread "VM Thread" [stack: 0x0000003f7de00000,0x0000003f7df00000] [id=1840]
  0x000001d42b99a7f0 WatcherThread [stack: 0x0000003f7eb00000,0x0000003f7ec00000] [id=7256]
  0x000001d417026510 GCTaskThread "GC Thread#0" [stack: 0x0000003f7d900000,0x0000003f7da00000] [id=18908]
  0x000001d42c166880 GCTaskThread "GC Thread#1" [stack: 0x0000003f7ed00000,0x0000003f7ee00000] [id=22016]
  0x000001d42c166f40 GCTaskThread "GC Thread#2" [stack: 0x0000003f7ee00000,0x0000003f7ef00000] [id=21932]
  0x000001d42c1671f0 GCTaskThread "GC Thread#3" [stack: 0x0000003f7ef00000,0x0000003f7f000000] [id=22432]
  0x000001d42c1678a0 GCTaskThread "GC Thread#4" [stack: 0x0000003f7f000000,0x0000003f7f100000] [id=8264]
  0x000001d42c2dfa10 GCTaskThread "GC Thread#5" [stack: 0x0000003f7f100000,0x0000003f7f200000] [id=18256]
  0x000001d42c318e20 GCTaskThread "GC Thread#6" [stack: 0x0000003f7f200000,0x0000003f7f300000] [id=21404]
  0x000001d42d3b1db0 GCTaskThread "GC Thread#7" [stack: 0x0000003f7f300000,0x0000003f7f400000] [id=6692]
  0x000001d417037350 ConcurrentGCThread "G1 Main Marker" [stack: 0x0000003f7da00000,0x0000003f7db00000] [id=17328]
  0x000001d417038500 ConcurrentGCThread "G1 Conc#0" [stack: 0x0000003f7db00000,0x0000003f7dc00000] [id=2748]
  0x000001d42d545dc0 ConcurrentGCThread "G1 Conc#1" [stack: 0x0000003f7f400000,0x0000003f7f500000] [id=5000]
  0x000001d4170adbc0 ConcurrentGCThread "G1 Refine#0" [stack: 0x0000003f7dc00000,0x0000003f7dd00000] [id=8748]
  0x000001d4170ae5e0 ConcurrentGCThread "G1 Service" [stack: 0x0000003f7dd00000,0x0000003f7de00000] [id=216]

Threads with active compile tasks:

VM state: at safepoint (normal execution)

VM Mutex/Monitor currently owned by a thread:  ([mutex/lock_event])
[0x000001d416dca970] Threads_lock - owner thread: 0x000001d42afb88f0
[0x000001d416fd02f0] Heap_lock - owner thread: 0x000001d42d7269c0

Heap address: 0x0000000701000000, size: 4080 MB, Compressed Oops mode: Zero based, Oop shift amount: 3

CDS archive(s) not mapped
Compressed class space mapped at: 0x0000000800000000-0x0000000840000000, reserved size: 1073741824
Narrow klass base: 0x0000000800000000, Narrow klass shift: 0, Narrow klass range: 0x40000000

GC Precious Log:
 CPUs: 8 total, 8 available
 Memory: 16316M
 Large Page Support: Disabled
 NUMA Support: Disabled
 Compressed Oops: Enabled (Zero based)
 Heap Region Size: 2M
 Heap Min Capacity: 8M
 Heap Initial Capacity: 256M
 Heap Max Capacity: 4080M
 Pre-touch: Disabled
 Parallel Workers: 8
 Concurrent Workers: 2
 Concurrent Refinement Workers: 8
 Periodic GC: Disabled

Heap:
 garbage-first heap   total 69632K, used 31040K [0x0000000701000000, 0x0000000800000000)
  region size 2048K, 7 young (14336K), 1 survivors (2048K)
 Metaspace       used 39327K, committed 39680K, reserved 1089536K
  class space    used 4971K, committed 5120K, reserved 1048576K

Heap Regions: E=young(eden), S=young(survivor), O=old, HS=humongous(starts), HC=humongous(continues), CS=collection set, F=free, OA=open archive, CA=closed archive, TAMS=top-at-mark-start (previous, next)
|   0|0x0000000701000000, 0x00000007011fffc0, 0x0000000701200000| 99%| O|  |TAMS 0x00000007011fffc0, 0x0000000701000000| Untracked 
|   1|0x0000000701200000, 0x0000000701400000, 0x0000000701400000|100%| O|  |TAMS 0x0000000701400000, 0x0000000701200000| Untracked 
|   2|0x0000000701400000, 0x00000007015fffa0, 0x0000000701600000| 99%| O|  |TAMS 0x00000007015fffa0, 0x0000000701400000| Untracked 
|   3|0x0000000701600000, 0x0000000701800000, 0x0000000701800000|100%| O|  |TAMS 0x0000000701800000, 0x0000000701600000| Untracked 
|   4|0x0000000701800000, 0x00000007019ffff8, 0x0000000701a00000| 99%| O|  |TAMS 0x00000007019ffff8, 0x0000000701800000| Untracked 
|   5|0x0000000701a00000, 0x0000000701bca7d8, 0x0000000701c00000| 89%| O|  |TAMS 0x0000000701a00000, 0x0000000701a00000| Untracked 
|   6|0x0000000701c00000, 0x0000000701e00000, 0x0000000701e00000|100%| O|  |TAMS 0x0000000701e00000, 0x0000000701c00000| Untracked 
|   7|0x0000000701e00000, 0x0000000702000000, 0x0000000702000000|100%| O|  |TAMS 0x0000000702000000, 0x0000000701e00000| Untracked 
|   8|0x0000000702000000, 0x00000007021fffe8, 0x0000000702200000| 99%| O|  |TAMS 0x00000007021fffe8, 0x0000000702000000| Untracked 
|   9|0x0000000702200000, 0x000000070236f6b8, 0x0000000702400000| 71%| O|  |TAMS 0x0000000702200000, 0x0000000702200000| Untracked 
|  10|0x0000000702400000, 0x0000000702400000, 0x0000000702600000|  0%| F|  |TAMS 0x0000000702400000, 0x0000000702400000| Untracked 
|  11|0x0000000702600000, 0x0000000702600000, 0x0000000702800000|  0%| F|  |TAMS 0x0000000702600000, 0x0000000702600000| Untracked 
|  12|0x0000000702800000, 0x0000000702800000, 0x0000000702a00000|  0%| F|  |TAMS 0x0000000702800000, 0x0000000702800000| Untracked 
|  13|0x0000000702a00000, 0x0000000702a00000, 0x0000000702c00000|  0%| F|  |TAMS 0x0000000702a00000, 0x0000000702a00000| Untracked 
|  14|0x0000000702c00000, 0x0000000702c00000, 0x0000000702e00000|  0%| F|  |TAMS 0x0000000702c00000, 0x0000000702c00000| Untracked 
|  15|0x0000000702e00000, 0x0000000702e00000, 0x0000000703000000|  0%| F|  |TAMS 0x0000000702e00000, 0x0000000702e00000| Untracked 
|  16|0x0000000703000000, 0x0000000703116430, 0x0000000703200000| 54%| S|CS|TAMS 0x0000000703000000, 0x0000000703000000| Complete 
|  17|0x0000000703200000, 0x0000000703200000, 0x0000000703400000|  0%| F|  |TAMS 0x0000000703200000, 0x0000000703200000| Untracked 
|  18|0x0000000703400000, 0x0000000703400000, 0x0000000703600000|  0%| F|  |TAMS 0x0000000703400000, 0x0000000703400000| Untracked 
|  19|0x0000000703600000, 0x0000000703600000, 0x0000000703800000|  0%| F|  |TAMS 0x0000000703600000, 0x0000000703600000| Untracked 
|  20|0x0000000703800000, 0x0000000703800000, 0x0000000703a00000|  0%| F|  |TAMS 0x0000000703800000, 0x0000000703800000| Untracked 
|  21|0x0000000703a00000, 0x0000000703a00000, 0x0000000703c00000|  0%| F|  |TAMS 0x0000000703a00000, 0x0000000703a00000| Untracked 
|  22|0x0000000703c00000, 0x0000000703c00000, 0x0000000703e00000|  0%| F|  |TAMS 0x0000000703c00000, 0x0000000703c00000| Untracked 
|  23|0x0000000703e00000, 0x0000000703e00000, 0x0000000704000000|  0%| F|  |TAMS 0x0000000703e00000, 0x0000000703e00000| Untracked 
|  24|0x0000000704000000, 0x0000000704000000, 0x0000000704200000|  0%| F|  |TAMS 0x0000000704000000, 0x0000000704000000| Untracked 
|  25|0x0000000704200000, 0x0000000704200000, 0x0000000704400000|  0%| F|  |TAMS 0x0000000704200000, 0x0000000704200000| Untracked 
|  26|0x0000000704400000, 0x0000000704400000, 0x0000000704600000|  0%| F|  |TAMS 0x0000000704400000, 0x0000000704400000| Untracked 
|  27|0x0000000704600000, 0x0000000704600000, 0x0000000704800000|  0%| F|  |TAMS 0x0000000704600000, 0x0000000704600000| Untracked 
|  28|0x0000000704800000, 0x00000007049c46c0, 0x0000000704a00000| 88%| E|  |TAMS 0x0000000704800000, 0x0000000704800000| Complete 
|  29|0x0000000704a00000, 0x0000000704c00000, 0x0000000704c00000|100%| E|CS|TAMS 0x0000000704a00000, 0x0000000704a00000| Complete 
|  30|0x0000000704c00000, 0x0000000704e00000, 0x0000000704e00000|100%| E|CS|TAMS 0x0000000704c00000, 0x0000000704c00000| Complete 
|  31|0x0000000704e00000, 0x0000000705000000, 0x0000000705000000|100%| E|CS|TAMS 0x0000000704e00000, 0x0000000704e00000| Complete 
|  32|0x0000000705000000, 0x0000000705200000, 0x0000000705200000|100%| E|CS|TAMS 0x0000000705000000, 0x0000000705000000| Complete 
|  33|0x0000000705200000, 0x0000000705400000, 0x0000000705400000|100%| E|CS|TAMS 0x0000000705200000, 0x0000000705200000| Complete 

Card table byte_map: [0x000001d41f530000,0x000001d41fd30000] _byte_map_base: 0x000001d41bd28000

Marking Bits (Prev, Next): (CMBitMap*) 0x000001d417026b20, (CMBitMap*) 0x000001d417026b60
 Prev Bits: [0x000001d420530000, 0x000001d4244f0000)
 Next Bits: [0x000001d4244f0000, 0x000001d4284b0000)

Polling page: 0x000001d4170b0000

Metaspace:

Usage:
  Non-class:     33.55 MB used.
      Class:      4.85 MB used.
       Both:     38.41 MB used.

Virtual space:
  Non-class space:       40.00 MB reserved,      33.75 MB ( 84%) committed,  5 nodes.
      Class space:        1.00 GB reserved,       5.00 MB ( <1%) committed,  1 nodes.
             Both:        1.04 GB reserved,      38.75 MB (  4%) committed. 

Chunk freelists:
   Non-Class:  1.97 MB
       Class:  2.96 MB
        Both:  4.93 MB

MaxMetaspaceSize: unlimited
CompressedClassSpaceSize: 1.00 GB
Initial GC threshold: 21.00 MB
Current GC threshold: 64.62 MB
CDS: off
MetaspaceReclaimPolicy: balanced
 - commit_granule_bytes: 65536.
 - commit_granule_words: 8192.
 - virtual_space_node_default_size: 1048576.
 - enlarge_chunks_in_place: 1.
 - new_chunks_are_fully_committed: 0.
 - uncommit_free_chunks: 1.
 - use_allocation_guard: 0.
 - handle_deallocations: 1.


Internal statistics:

num_allocs_failed_limit: 6.
num_arena_births: 410.
num_arena_deaths: 126.
num_vsnodes_births: 6.
num_vsnodes_deaths: 0.
num_space_committed: 620.
num_space_uncommitted: 0.
num_chunks_returned_to_freelist: 150.
num_chunks_taken_from_freelist: 1628.
num_chunk_merges: 50.
num_chunk_splits: 1070.
num_chunks_enlarged: 822.
num_purges: 10.
num_inconsistent_stats: 0.

CodeCache: size=49152Kb used=11851Kb max_used=12879Kb free=37301Kb
 bounds [0x000001d41b450000, 0x000001d41c120000, 0x000001d41e450000]
 total_blobs=6545 nmethods=5992 adapters=479
 compilation: enabled
              stopped_count=0, restarted_count=0
 full_count=0

Compilation events (20 events):
Event: 1742.432 Thread 0x000001d42b84a870 5985       1       org.eclipse.jdt.internal.compiler.lookup.LocalVariableBinding::<init> (18 bytes)
Event: 1742.432 Thread 0x000001d42b84a870 nmethod 5985 0x000001d41bf99b10 code [0x000001d41bf99ca0, 0x000001d41bf99e08]
Event: 1742.432 Thread 0x000001d42b84a870 5990       1       org.eclipse.jdt.internal.compiler.lookup.InferenceSubstitution::substitute (105 bytes)
Event: 1742.433 Thread 0x000001d42b84a870 nmethod 5990 0x000001d41bf99210 code [0x000001d41bf99400, 0x000001d41bf997a8]
Event: 1742.433 Thread 0x000001d42b84a870 5991       1       org.eclipse.jdt.internal.compiler.lookup.InferenceSubstitution::isInSites (34 bytes)
Event: 1742.433 Thread 0x000001d42b84a870 nmethod 5991 0x000001d41bf98e10 code [0x000001d41bf98fc0, 0x000001d41bf99148]
Event: 1742.433 Thread 0x000001d42b84a870 5986       1       org.eclipse.jdt.internal.compiler.lookup.ParameterizedTypeBinding::uncapture (106 bytes)
Event: 1742.433 Thread 0x000001d42b84a870 nmethod 5986 0x000001d41bf98410 code [0x000001d41bf98600, 0x000001d41bf98b08]
Event: 1742.433 Thread 0x000001d42b84a870 5987       1       org.eclipse.jdt.internal.compiler.lookup.ParameterizedTypeBinding::capture (8 bytes)
Event: 1742.433 Thread 0x000001d42b84a870 nmethod 5987 0x000001d41bf98110 code [0x000001d41bf982a0, 0x000001d41bf98388]
Event: 1742.433 Thread 0x000001d42b84a870 5988       1       org.eclipse.jdt.internal.compiler.lookup.ParameterizedTypeBinding::capture (303 bytes)
Event: 1742.434 Thread 0x000001d42b84a870 nmethod 5988 0x000001d41bf96a10 code [0x000001d41bf96c60, 0x000001d41bf97838]
Event: 1742.434 Thread 0x000001d42b84a870 5989       1       org.eclipse.jdt.internal.compiler.lookup.InferenceSubstitution::<init> (27 bytes)
Event: 1742.434 Thread 0x000001d42b84a870 nmethod 5989 0x000001d41bf96410 code [0x000001d41bf965c0, 0x000001d41bf96938]
Event: 1742.434 Thread 0x000001d42b84a870 5992       1       java.util.stream.Streams$ConcatSpliterator::tryAdvance (54 bytes)
Event: 1742.434 Thread 0x000001d42b84a870 nmethod 5992 0x000001d41bf96010 code [0x000001d41bf961c0, 0x000001d41bf96348]
Event: 1742.435 Thread 0x000001d42b84a870 5993       1       org.eclipse.jdt.internal.compiler.lookup.ElementValuePair::getValue (85 bytes)
Event: 1742.435 Thread 0x000001d42b84a870 nmethod 5993 0x000001d41bf95810 code [0x000001d41bf959e0, 0x000001d41bf95e18]
Event: 1742.435 Thread 0x000001d42b84a870 5994       1       java.util.stream.Streams$StreamBuilderImpl::tryAdvance (33 bytes)
Event: 1742.435 Thread 0x000001d42b84a870 nmethod 5994 0x000001d41bf95390 code [0x000001d41bf95540, 0x000001d41bf95738]

GC Heap History (20 events):
Event: 1612.481 GC heap before
{Heap before GC invocations=154 (full 135):
 garbage-first heap   total 69632K, used 19687K [0x0000000701000000, 0x0000000800000000)
  region size 2048K, 1 young (2048K), 0 survivors (0K)
 Metaspace       used 39317K, committed 39680K, reserved 1089536K
  class space    used 4969K, committed 5120K, reserved 1048576K
}
Event: 1612.508 GC heap after
{Heap after GC invocations=155 (full 136):
 garbage-first heap   total 69632K, used 19687K [0x0000000701000000, 0x0000000800000000)
  region size 2048K, 0 young (0K), 0 survivors (0K)
 Metaspace       used 39317K, committed 39680K, reserved 1089536K
  class space    used 4969K, committed 5120K, reserved 1048576K
}
Event: 1622.648 GC heap before
{Heap before GC invocations=155 (full 136):
 garbage-first heap   total 69632K, used 19687K [0x0000000701000000, 0x0000000800000000)
  region size 2048K, 1 young (2048K), 0 survivors (0K)
 Metaspace       used 39317K, committed 39680K, reserved 1089536K
  class space    used 4969K, committed 5120K, reserved 1048576K
}
Event: 1622.674 GC heap after
{Heap after GC invocations=156 (full 137):
 garbage-first heap   total 69632K, used 19687K [0x0000000701000000, 0x0000000800000000)
  region size 2048K, 0 young (0K), 0 survivors (0K)
 Metaspace       used 39317K, committed 39680K, reserved 1089536K
  class space    used 4969K, committed 5120K, reserved 1048576K
}
Event: 1632.932 GC heap before
{Heap before GC invocations=156 (full 137):
 garbage-first heap   total 69632K, used 19687K [0x0000000701000000, 0x0000000800000000)
  region size 2048K, 1 young (2048K), 0 survivors (0K)
 Metaspace       used 39317K, committed 39680K, reserved 1089536K
  class space    used 4969K, committed 5120K, reserved 1048576K
}
Event: 1632.978 GC heap after
{Heap after GC invocations=157 (full 138):
 garbage-first heap   total 69632K, used 19687K [0x0000000701000000, 0x0000000800000000)
  region size 2048K, 0 young (0K), 0 survivors (0K)
 Metaspace       used 39317K, committed 39680K, reserved 1089536K
  class space    used 4969K, committed 5120K, reserved 1048576K
}
Event: 1643.205 GC heap before
{Heap before GC invocations=157 (full 138):
 garbage-first heap   total 69632K, used 19687K [0x0000000701000000, 0x0000000800000000)
  region size 2048K, 1 young (2048K), 0 survivors (0K)
 Metaspace       used 39317K, committed 39680K, reserved 1089536K
  class space    used 4969K, committed 5120K, reserved 1048576K
}
Event: 1643.243 GC heap after
{Heap after GC invocations=158 (full 139):
 garbage-first heap   total 69632K, used 19687K [0x0000000701000000, 0x0000000800000000)
  region size 2048K, 0 young (0K), 0 survivors (0K)
 Metaspace       used 39317K, committed 39680K, reserved 1089536K
  class space    used 4969K, committed 5120K, reserved 1048576K
}
Event: 1653.416 GC heap before
{Heap before GC invocations=158 (full 139):
 garbage-first heap   total 69632K, used 19687K [0x0000000701000000, 0x0000000800000000)
  region size 2048K, 1 young (2048K), 0 survivors (0K)
 Metaspace       used 39317K, committed 39680K, reserved 1089536K
  class space    used 4969K, committed 5120K, reserved 1048576K
}
Event: 1653.445 GC heap after
{Heap after GC invocations=159 (full 140):
 garbage-first heap   total 69632K, used 19687K [0x0000000701000000, 0x0000000800000000)
  region size 2048K, 0 young (0K), 0 survivors (0K)
 Metaspace       used 39317K, committed 39680K, reserved 1089536K
  class space    used 4969K, committed 5120K, reserved 1048576K
}
Event: 1693.669 GC heap before
{Heap before GC invocations=159 (full 140):
 garbage-first heap   total 69632K, used 21735K [0x0000000701000000, 0x0000000800000000)
  region size 2048K, 2 young (4096K), 0 survivors (0K)
 Metaspace       used 39317K, committed 39680K, reserved 1089536K
  class space    used 4969K, committed 5120K, reserved 1048576K
}
Event: 1693.697 GC heap after
{Heap after GC invocations=160 (full 141):
 garbage-first heap   total 69632K, used 19694K [0x0000000701000000, 0x0000000800000000)
  region size 2048K, 0 young (0K), 0 survivors (0K)
 Metaspace       used 39317K, committed 39680K, reserved 1089536K
  class space    used 4969K, committed 5120K, reserved 1048576K
}
Event: 1703.888 GC heap before
{Heap before GC invocations=160 (full 141):
 garbage-first heap   total 69632K, used 19694K [0x0000000701000000, 0x0000000800000000)
  region size 2048K, 1 young (2048K), 0 survivors (0K)
 Metaspace       used 39317K, committed 39680K, reserved 1089536K
  class space    used 4969K, committed 5120K, reserved 1048576K
}
Event: 1703.914 GC heap after
{Heap after GC invocations=161 (full 142):
 garbage-first heap   total 69632K, used 19694K [0x0000000701000000, 0x0000000800000000)
  region size 2048K, 0 young (0K), 0 survivors (0K)
 Metaspace       used 39317K, committed 39680K, reserved 1089536K
  class space    used 4969K, committed 5120K, reserved 1048576K
}
Event: 1714.075 GC heap before
{Heap before GC invocations=161 (full 142):
 garbage-first heap   total 69632K, used 19694K [0x0000000701000000, 0x0000000800000000)
  region size 2048K, 1 young (2048K), 0 survivors (0K)
 Metaspace       used 39317K, committed 39680K, reserved 1089536K
  class space    used 4969K, committed 5120K, reserved 1048576K
}
Event: 1714.101 GC heap after
{Heap after GC invocations=162 (full 143):
 garbage-first heap   total 69632K, used 19688K [0x0000000701000000, 0x0000000800000000)
  region size 2048K, 0 young (0K), 0 survivors (0K)
 Metaspace       used 39317K, committed 39680K, reserved 1089536K
  class space    used 4969K, committed 5120K, reserved 1048576K
}
Event: 1724.286 GC heap before
{Heap before GC invocations=162 (full 143):
 garbage-first heap   total 69632K, used 19688K [0x0000000701000000, 0x0000000800000000)
  region size 2048K, 1 young (2048K), 0 survivors (0K)
 Metaspace       used 39317K, committed 39680K, reserved 1089536K
  class space    used 4969K, committed 5120K, reserved 1048576K
}
Event: 1724.334 GC heap after
{Heap after GC invocations=163 (full 144):
 garbage-first heap   total 69632K, used 19687K [0x0000000701000000, 0x0000000800000000)
  region size 2048K, 0 young (0K), 0 survivors (0K)
 Metaspace       used 39317K, committed 39680K, reserved 1089536K
  class space    used 4969K, committed 5120K, reserved 1048576K
}
Event: 1742.386 GC heap before
{Heap before GC invocations=163 (full 144):
 garbage-first heap   total 69632K, used 54503K [0x0000000701000000, 0x0000000800000000)
  region size 2048K, 17 young (34816K), 0 survivors (0K)
 Metaspace       used 39327K, committed 39680K, reserved 1089536K
  class space    used 4971K, committed 5120K, reserved 1048576K
}
Event: 1742.387 GC heap after
{Heap after GC invocations=164 (full 144):
 garbage-first heap   total 69632K, used 20800K [0x0000000701000000, 0x0000000800000000)
  region size 2048K, 1 young (2048K), 1 survivors (2048K)
 Metaspace       used 39327K, committed 39680K, reserved 1089536K
  class space    used 4971K, committed 5120K, reserved 1048576K
}

Deoptimization events (20 events):
Event: 3.291 Thread 0x000001d42d8672d0 DEOPT UNPACKING pc=0x000001d41b4a2b43 sp=0x0000003f7fefd3c0 mode 3
Event: 3.291 Thread 0x000001d42d864c50 DEOPT UNPACKING pc=0x000001d41b4a2b43 sp=0x0000003f7fcfcf50 mode 3
Event: 3.326 Thread 0x000001d42d8227c0 DEOPT PACKING pc=0x000001d41bd19574 sp=0x0000003f7fafcfa0
Event: 3.326 Thread 0x000001d42d8227c0 DEOPT UNPACKING pc=0x000001d41b4a2b43 sp=0x0000003f7fafc498 mode 3
Event: 3.338 Thread 0x000001d42d8672d0 DEOPT PACKING pc=0x000001d41bd45c20 sp=0x0000003f7fefd8b0
Event: 3.338 Thread 0x000001d42d8672d0 DEOPT UNPACKING pc=0x000001d41b4a2b43 sp=0x0000003f7fefcd68 mode 3
Event: 3.354 Thread 0x000001d42d864c50 DEOPT PACKING pc=0x000001d41bd5425b sp=0x0000003f7fcfe310
Event: 3.354 Thread 0x000001d42d864c50 DEOPT UNPACKING pc=0x000001d41b4a2b43 sp=0x0000003f7fcfd7a8 mode 3
Event: 3.483 Thread 0x000001d42d8672d0 DEOPT PACKING pc=0x000001d41bd85086 sp=0x0000003f7fefe080
Event: 3.483 Thread 0x000001d42d8672d0 DEOPT UNPACKING pc=0x000001d41b4a2b43 sp=0x0000003f7fefd570 mode 3
Event: 323.769 Thread 0x000001d42d540cb0 DEOPT PACKING pc=0x000001d41ba90954 sp=0x0000003f7f7ff060
Event: 323.769 Thread 0x000001d42d540cb0 DEOPT UNPACKING pc=0x000001d41b4a2b43 sp=0x0000003f7f7fe508 mode 0
Event: 748.232 Thread 0x000001d42d8227c0 DEOPT PACKING pc=0x000001d41b6b1833 sp=0x0000003f7fafc6a0
Event: 748.232 Thread 0x000001d42d8227c0 DEOPT UNPACKING pc=0x000001d41b4a2b43 sp=0x0000003f7fafbb98 mode 3
Event: 753.547 Thread 0x000001d42d8227c0 DEOPT PACKING pc=0x000001d41be3ac6c sp=0x0000003f7fafd690
Event: 753.547 Thread 0x000001d42d8227c0 DEOPT UNPACKING pc=0x000001d41b4a2b43 sp=0x0000003f7fafcc00 mode 0
Event: 753.558 Thread 0x000001d42d8227c0 DEOPT PACKING pc=0x000001d41b5c0eea sp=0x0000003f7fafd9f0
Event: 753.558 Thread 0x000001d42d8227c0 DEOPT UNPACKING pc=0x000001d41b4a2b43 sp=0x0000003f7fafce70 mode 3
Event: 770.126 Thread 0x000001d42d8227c0 DEOPT PACKING pc=0x000001d41bf3e440 sp=0x0000003f7fafddc0
Event: 770.126 Thread 0x000001d42d8227c0 DEOPT UNPACKING pc=0x000001d41b4a2b43 sp=0x0000003f7fafd418 mode 3

Classes unloaded (20 events):
Event: 73.025 Thread 0x000001d42afb88f0 Unloading class 0x00000008000c8c00 'java/lang/invoke/LambdaForm$MH+0x00000008000c8c00'
Event: 73.025 Thread 0x000001d42afb88f0 Unloading class 0x00000008000c8800 'java/lang/invoke/LambdaForm$MH+0x00000008000c8800'
Event: 73.025 Thread 0x000001d42afb88f0 Unloading class 0x00000008000c8000 'java/lang/invoke/LambdaForm$MH+0x00000008000c8000'
Event: 388.778 Thread 0x000001d42afb88f0 Unloading class 0x00000008002f0000 'java/lang/invoke/LambdaForm$MH+0x00000008002f0000'
Event: 388.778 Thread 0x000001d42afb88f0 Unloading class 0x00000008002f0800 'java/lang/invoke/LambdaForm$MH+0x00000008002f0800'
Event: 388.778 Thread 0x000001d42afb88f0 Unloading class 0x0000000800318800 'java/lang/invoke/LambdaForm$MH+0x0000000800318800'
Event: 825.874 Thread 0x000001d42afb88f0 Unloading class 0x00000008000ca000 'java/lang/invoke/LambdaForm$MH+0x00000008000ca000'
Event: 825.874 Thread 0x000001d42afb88f0 Unloading class 0x00000008000ca800 'java/lang/invoke/LambdaForm$MH+0x00000008000ca800'
Event: 825.874 Thread 0x000001d42afb88f0 Unloading class 0x00000008001dd000 'java/lang/invoke/LambdaForm$MH+0x00000008001dd000'
Event: 825.874 Thread 0x000001d42afb88f0 Unloading class 0x00000008001de800 'java/lang/invoke/LambdaForm$MH+0x00000008001de800'
Event: 825.874 Thread 0x000001d42afb88f0 Unloading class 0x00000008002e0c00 'java/lang/invoke/LambdaForm$MH+0x00000008002e0c00'
Event: 825.874 Thread 0x000001d42afb88f0 Unloading class 0x00000008002e1400 'java/lang/invoke/LambdaForm$MH+0x00000008002e1400'
Event: 825.874 Thread 0x000001d42afb88f0 Unloading class 0x0000000800318800 'java/lang/invoke/LambdaForm$MH+0x0000000800318800'
Event: 846.377 Thread 0x000001d42afb88f0 Unloading class 0x000000080050a400 'jdk/internal/reflect/GeneratedMethodAccessor16'
Event: 846.377 Thread 0x000001d42afb88f0 Unloading class 0x000000080050a000 'jdk/internal/reflect/GeneratedConstructorAccessor21'
Event: 846.377 Thread 0x000001d42afb88f0 Unloading class 0x0000000800509c00 'jdk/internal/reflect/GeneratedMethodAccessor15'
Event: 846.377 Thread 0x000001d42afb88f0 Unloading class 0x0000000800509800 'jdk/internal/reflect/GeneratedConstructorAccessor20'
Event: 846.377 Thread 0x000001d42afb88f0 Unloading class 0x0000000800509400 'jdk/internal/reflect/GeneratedMethodAccessor14'
Event: 846.377 Thread 0x000001d42afb88f0 Unloading class 0x0000000800509000 'jdk/internal/reflect/GeneratedMethodAccessor13'
Event: 846.377 Thread 0x000001d42afb88f0 Unloading class 0x0000000800508c00 'jdk/internal/reflect/GeneratedMethodAccessor12'

Classes redefined (0 events):
No events

Internal exceptions (20 events):
Event: 1741.463 Thread 0x000001d42d867c70 Exception <a 'java/lang/ArrayIndexOutOfBoundsException'{0x0000000703719ee8}> (0x0000000703719ee8) 
thrown [e:\jenkins\tmp\workspace\build\src\src\hotspot\share\runtime\sharedRuntime.cpp, line 628]
Event: 1741.463 Thread 0x000001d42d867c70 Exception <a 'java/lang/ArrayIndexOutOfBoundsException'{0x000000070372c9c8}> (0x000000070372c9c8) 
thrown [e:\jenkins\tmp\workspace\build\src\src\hotspot\share\runtime\sharedRuntime.cpp, line 628]
Event: 1741.471 Thread 0x000001d42d867c70 Exception <a 'java/lang/ArrayIndexOutOfBoundsException'{0x000000070340c8f0}> (0x000000070340c8f0) 
thrown [e:\jenkins\tmp\workspace\build\src\src\hotspot\share\runtime\sharedRuntime.cpp, line 628]
Event: 1741.471 Thread 0x000001d42d867c70 Exception <a 'java/lang/ArrayIndexOutOfBoundsException'{0x0000000703422230}> (0x0000000703422230) 
thrown [e:\jenkins\tmp\workspace\build\src\src\hotspot\share\runtime\sharedRuntime.cpp, line 628]
Event: 1741.472 Thread 0x000001d42d867c70 Exception <a 'java/lang/ArrayIndexOutOfBoundsException'{0x000000070343dd70}> (0x000000070343dd70) 
thrown [e:\jenkins\tmp\workspace\build\src\src\hotspot\share\runtime\sharedRuntime.cpp, line 628]
Event: 1742.024 Thread 0x000001d42d8227c0 Exception <a 'java/lang/ArrayIndexOutOfBoundsException'{0x000000070419d348}> (0x000000070419d348) 
thrown [e:\jenkins\tmp\workspace\build\src\src\hotspot\share\runtime\sharedRuntime.cpp, line 628]
Event: 1742.384 Thread 0x000001d42d867c70 Exception <a 'java/lang/ArrayIndexOutOfBoundsException'{0x00000007033cbfc0}> (0x00000007033cbfc0) 
thrown [e:\jenkins\tmp\workspace\build\src\src\hotspot\share\runtime\sharedRuntime.cpp, line 628]
Event: 1742.406 Thread 0x000001d42d867c70 Exception <a 'java/lang/ArrayIndexOutOfBoundsException'{0x0000000704a9e198}> (0x0000000704a9e198) 
thrown [e:\jenkins\tmp\workspace\build\src\src\hotspot\share\runtime\sharedRuntime.cpp, line 628]
Event: 1742.408 Thread 0x000001d42d867c70 Exception <a 'java/lang/ArrayIndexOutOfBoundsException'{0x0000000704aabd58}> (0x0000000704aabd58) 
thrown [e:\jenkins\tmp\workspace\build\src\src\hotspot\share\runtime\sharedRuntime.cpp, line 628]
Event: 1742.409 Thread 0x000001d42d867c70 Exception <a 'java/lang/ArrayIndexOutOfBoundsException'{0x0000000704ac3c20}> (0x0000000704ac3c20) 
thrown [e:\jenkins\tmp\workspace\build\src\src\hotspot\share\runtime\sharedRuntime.cpp, line 628]
Event: 1742.410 Thread 0x000001d42d867c70 Exception <a 'java/lang/ArrayIndexOutOfBoundsException'{0x0000000704ada438}> (0x0000000704ada438) 
thrown [e:\jenkins\tmp\workspace\build\src\src\hotspot\share\runtime\sharedRuntime.cpp, line 628]
Event: 1742.410 Thread 0x000001d42d867c70 Exception <a 'java/lang/ArrayIndexOutOfBoundsException'{0x0000000704aed870}> (0x0000000704aed870) 
thrown [e:\jenkins\tmp\workspace\build\src\src\hotspot\share\runtime\sharedRuntime.cpp, line 628]
Event: 1742.413 Thread 0x000001d42d867c70 Exception <a 'java/lang/ArrayIndexOutOfBoundsException'{0x0000000704b0aae0}> (0x0000000704b0aae0) 
thrown [e:\jenkins\tmp\workspace\build\src\src\hotspot\share\runtime\sharedRuntime.cpp, line 628]
Event: 1742.415 Thread 0x000001d42d867c70 Exception <a 'java/lang/ArrayIndexOutOfBoundsException'{0x0000000704b31eb0}> (0x0000000704b31eb0) 
thrown [e:\jenkins\tmp\workspace\build\src\src\hotspot\share\runtime\sharedRuntime.cpp, line 628]
Event: 1742.418 Thread 0x000001d42d867c70 Exception <a 'java/lang/ArrayIndexOutOfBoundsException'{0x0000000704b61cb0}> (0x0000000704b61cb0) 
thrown [e:\jenkins\tmp\workspace\build\src\src\hotspot\share\runtime\sharedRuntime.cpp, line 628]
Event: 1742.419 Thread 0x000001d42d867c70 Exception <a 'java/lang/ArrayIndexOutOfBoundsException'{0x0000000704b74798}> (0x0000000704b74798) 
thrown [e:\jenkins\tmp\workspace\build\src\src\hotspot\share\runtime\sharedRuntime.cpp, line 628]
Event: 1742.419 Thread 0x000001d42d867c70 Exception <a 'java/lang/ArrayIndexOutOfBoundsException'{0x0000000704b87278}> (0x0000000704b87278) 
thrown [e:\jenkins\tmp\workspace\build\src\src\hotspot\share\runtime\sharedRuntime.cpp, line 628]
Event: 1742.426 Thread 0x000001d42d867c70 Exception <a 'java/lang/ArrayIndexOutOfBoundsException'{0x0000000704865040}> (0x0000000704865040) 
thrown [e:\jenkins\tmp\workspace\build\src\src\hotspot\share\runtime\sharedRuntime.cpp, line 628]
Event: 1742.426 Thread 0x000001d42d867c70 Exception <a 'java/lang/ArrayIndexOutOfBoundsException'{0x000000070487a980}> (0x000000070487a980) 
thrown [e:\jenkins\tmp\workspace\build\src\src\hotspot\share\runtime\sharedRuntime.cpp, line 628]
Event: 1742.427 Thread 0x000001d42d867c70 Exception <a 'java/lang/ArrayIndexOutOfBoundsException'{0x0000000704896548}> (0x0000000704896548) 
thrown [e:\jenkins\tmp\workspace\build\src\src\hotspot\share\runtime\sharedRuntime.cpp, line 628]

VM Operations (20 events):
Event: 1714.102 Executing VM operation: G1CollectFull done
Event: 1724.286 Executing VM operation: G1CollectFull
Event: 1724.334 Executing VM operation: G1CollectFull done
Event: 1727.362 Executing VM operation: Cleanup
Event: 1727.362 Executing VM operation: Cleanup done
Event: 1730.384 Executing VM operation: Cleanup
Event: 1730.384 Executing VM operation: Cleanup done
Event: 1734.418 Executing VM operation: Cleanup
Event: 1734.419 Executing VM operation: Cleanup done
Event: 1739.453 Executing VM operation: Cleanup
Event: 1739.453 Executing VM operation: Cleanup done
Event: 1740.465 Executing VM operation: Cleanup
Event: 1740.465 Executing VM operation: Cleanup done
Event: 1741.472 Executing VM operation: Cleanup
Event: 1741.473 Executing VM operation: Cleanup done
Event: 1742.386 Executing VM operation: G1CollectForAllocation
Event: 1742.387 Executing VM operation: G1CollectForAllocation done
Event: 1743.394 Executing VM operation: Cleanup
Event: 1743.394 Executing VM operation: Cleanup done
Event: 1784.465 Executing VM operation: G1CollectFull

Events (20 events):
Event: 757.367 Thread 0x000001d42dab0a20 Thread exited: 0x000001d42dab0a20
Event: 758.519 Thread 0x000001d42d589430 Thread exited: 0x000001d42d589430
Event: 764.132 Thread 0x000001d42deb94f0 Thread added: 0x000001d42deb94f0
Event: 774.692 Thread 0x000001d42deb94f0 Thread exited: 0x000001d42deb94f0
Event: 775.031 Thread 0x000001d42bd38060 Thread added: 0x000001d42bd38060
Event: 775.831 Thread 0x000001d42bd60f60 Thread added: 0x000001d42bd60f60
Event: 775.831 Thread 0x000001d42bd61470 Thread added: 0x000001d42bd61470
Event: 779.266 Thread 0x000001d42bd61470 Thread exited: 0x000001d42bd61470
Event: 781.491 Thread 0x000001d42bd60f60 Thread exited: 0x000001d42bd60f60
Event: 781.491 Thread 0x000001d42bd38060 Thread exited: 0x000001d42bd38060
Event: 841.420 Thread 0x000001d42d865f90 Thread exited: 0x000001d42d865f90
Event: 1502.811 Thread 0x000001d42d865ac0 Thread added: 0x000001d42d865ac0
Event: 1506.935 Thread 0x000001d42bd60f60 Thread added: 0x000001d42bd60f60
Event: 1506.935 Thread 0x000001d42b91c030 Thread added: 0x000001d42b91c030
Event: 1511.943 Thread 0x000001d42b91c030 Thread exited: 0x000001d42b91c030
Event: 1511.943 Thread 0x000001d42bd60f60 Thread exited: 0x000001d42bd60f60
Event: 1566.948 Thread 0x000001d42d865ac0 Thread exited: 0x000001d42d865ac0
Event: 1654.490 Thread 0x000001d42d868610 Thread added: 0x000001d42d868610
Event: 1714.512 Thread 0x000001d42d868610 Thread exited: 0x000001d42d868610
Event: 1726.456 Thread 0x000001d42d867c70 Thread added: 0x000001d42d867c70


Dynamic libraries:
0x00007ff725a20000 - 0x00007ff725a2e000 	c:\Users\Pilar\.vscode\extensions\redhat.java-1.6.0-win32-x64\jre\17.0.2-win32-x86_64\bin\java.exe
0x00007ff9c0f10000 - 0x00007ff9c1105000 	C:\WINDOWS\SYSTEM32\ntdll.dll
0x00007ff9c0840000 - 0x00007ff9c08fe000 	C:\WINDOWS\System32\KERNEL32.DLL
0x00007ff9beca0000 - 0x00007ff9bef68000 	C:\WINDOWS\System32\KERNELBASE.dll
0x00007ff9beb70000 - 0x00007ff9bec70000 	C:\WINDOWS\System32\ucrtbase.dll
0x00007ff9a5730000 - 0x00007ff9a5748000 	c:\Users\Pilar\.vscode\extensions\redhat.java-1.6.0-win32-x64\jre\17.0.2-win32-x86_64\bin\jli.dll
0x00007ff9a4bc0000 - 0x00007ff9a4bd9000 	c:\Users\Pilar\.vscode\extensions\redhat.java-1.6.0-win32-x64\jre\17.0.2-win32-x86_64\bin\VCRUNTIME140.dll
0x00007ff9bfb70000 - 0x00007ff9bfd10000 	C:\WINDOWS\System32\USER32.dll
0x00007ff9be740000 - 0x00007ff9be762000 	C:\WINDOWS\System32\win32u.dll
0x00007ff9b0a30000 - 0x00007ff9b0cca000 	C:\WINDOWS\WinSxS\amd64_microsoft.windows.common-controls_6595b64144ccf1df_6.0.19041.1110_none_60b5254171f9507e\COMCTL32.dll
0x00007ff9c0770000 - 0x00007ff9c080e000 	C:\WINDOWS\System32\msvcrt.dll
0x00007ff9c0810000 - 0x00007ff9c083a000 	C:\WINDOWS\System32\GDI32.dll
0x00007ff9be630000 - 0x00007ff9be73b000 	C:\WINDOWS\System32\gdi32full.dll
0x00007ff9bea60000 - 0x00007ff9beafd000 	C:\WINDOWS\System32\msvcp_win.dll
0x00007ff9bf020000 - 0x00007ff9bf050000 	C:\WINDOWS\System32\IMM32.DLL
0x00007ff9b8130000 - 0x00007ff9b813c000 	c:\Users\Pilar\.vscode\extensions\redhat.java-1.6.0-win32-x64\jre\17.0.2-win32-x86_64\bin\vcruntime140_1.dll
0x00007ff98f680000 - 0x00007ff98f711000 	c:\Users\Pilar\.vscode\extensions\redhat.java-1.6.0-win32-x64\jre\17.0.2-win32-x86_64\bin\msvcp140.dll
0x00007ff95fb80000 - 0x00007ff9607c7000 	c:\Users\Pilar\.vscode\extensions\redhat.java-1.6.0-win32-x64\jre\17.0.2-win32-x86_64\bin\server\jvm.dll
0x00007ff9c0e20000 - 0x00007ff9c0ece000 	C:\WINDOWS\System32\ADVAPI32.dll
0x00007ff9c0d80000 - 0x00007ff9c0e1c000 	C:\WINDOWS\System32\sechost.dll
0x00007ff9bf260000 - 0x00007ff9bf385000 	C:\WINDOWS\System32\RPCRT4.dll
0x00007ff9c0620000 - 0x00007ff9c0628000 	C:\WINDOWS\System32\PSAPI.DLL
0x00007ff99ae50000 - 0x00007ff99ae59000 	C:\WINDOWS\SYSTEM32\WSOCK32.dll
0x00007ff9b2720000 - 0x00007ff9b2747000 	C:\WINDOWS\SYSTEM32\WINMM.dll
0x00007ff9b7660000 - 0x00007ff9b766a000 	C:\WINDOWS\SYSTEM32\VERSION.dll
0x00007ff9c0140000 - 0x00007ff9c01ab000 	C:\WINDOWS\System32\WS2_32.dll
0x00007ff9bc550000 - 0x00007ff9bc562000 	C:\WINDOWS\SYSTEM32\kernel.appcore.dll
0x00007ff9b7180000 - 0x00007ff9b718a000 	c:\Users\Pilar\.vscode\extensions\redhat.java-1.6.0-win32-x64\jre\17.0.2-win32-x86_64\bin\jimage.dll
0x00007ff9b78c0000 - 0x00007ff9b7aa4000 	C:\WINDOWS\SYSTEM32\DBGHELP.DLL
0x00007ff9acba0000 - 0x00007ff9acbcc000 	C:\WINDOWS\SYSTEM32\dbgcore.DLL
0x00007ff9be9d0000 - 0x00007ff9bea52000 	C:\WINDOWS\System32\bcryptPrimitives.dll
0x00007ff99e6d0000 - 0x00007ff99e6f5000 	c:\Users\Pilar\.vscode\extensions\redhat.java-1.6.0-win32-x64\jre\17.0.2-win32-x86_64\bin\java.dll
0x00007ff9a1f20000 - 0x00007ff9a1f38000 	c:\Users\Pilar\.vscode\extensions\redhat.java-1.6.0-win32-x64\jre\17.0.2-win32-x86_64\bin\zip.dll
0x00007ff9bf3a0000 - 0x00007ff9bfae4000 	C:\WINDOWS\System32\SHELL32.dll
0x00007ff9bc750000 - 0x00007ff9bcee4000 	C:\WINDOWS\SYSTEM32\windows.storage.dll
0x00007ff9bfde0000 - 0x00007ff9c0134000 	C:\WINDOWS\System32\combase.dll
0x00007ff9be0a0000 - 0x00007ff9be0cc000 	C:\WINDOWS\SYSTEM32\Wldp.dll
0x00007ff9bef70000 - 0x00007ff9bf01d000 	C:\WINDOWS\System32\SHCORE.dll
0x00007ff9c0b60000 - 0x00007ff9c0bb5000 	C:\WINDOWS\System32\shlwapi.dll
0x00007ff9be570000 - 0x00007ff9be58f000 	C:\WINDOWS\SYSTEM32\profapi.dll
0x00007ff99a540000 - 0x00007ff99a559000 	C:\Users\Pilar\.vscode\extensions\redhat.java-1.6.0-win32-x64\jre\17.0.2-win32-x86_64\bin\net.dll
0x00007ff9b0390000 - 0x00007ff9b049a000 	C:\WINDOWS\SYSTEM32\WINHTTP.dll
0x00007ff9bde00000 - 0x00007ff9bde6a000 	C:\WINDOWS\system32\mswsock.dll
0x00007ff999da0000 - 0x00007ff999db5000 	C:\Users\Pilar\.vscode\extensions\redhat.java-1.6.0-win32-x64\jre\17.0.2-win32-x86_64\bin\nio.dll
0x00007ff9b7120000 - 0x00007ff9b7130000 	c:\Users\Pilar\.vscode\extensions\redhat.java-1.6.0-win32-x64\jre\17.0.2-win32-x86_64\bin\verify.dll
0x00007ff9ba1b0000 - 0x00007ff9ba1b9000 	C:\Users\Pilar\.vscode\extensions\redhat.java-1.6.0-win32-x64\jre\17.0.2-win32-x86_64\bin\management.dll
0x00007ff9ba1a0000 - 0x00007ff9ba1ab000 	C:\Users\Pilar\.vscode\extensions\redhat.java-1.6.0-win32-x64\jre\17.0.2-win32-x86_64\bin\management_ext.dll
0x00007ff9a5820000 - 0x00007ff9a5837000 	C:\WINDOWS\system32\napinsp.dll
0x00007ff9a5800000 - 0x00007ff9a581b000 	C:\WINDOWS\system32\pnrpnsp.dll
0x00007ff9b7670000 - 0x00007ff9b7685000 	C:\WINDOWS\system32\wshbth.dll
0x00007ff9ba090000 - 0x00007ff9ba0ad000 	C:\WINDOWS\system32\NLAapi.dll
0x00007ff9bdaa0000 - 0x00007ff9bdadb000 	C:\WINDOWS\SYSTEM32\IPHLPAPI.DLL
0x00007ff9bdae0000 - 0x00007ff9bdbab000 	C:\WINDOWS\SYSTEM32\DNSAPI.dll
0x00007ff9bf390000 - 0x00007ff9bf398000 	C:\WINDOWS\System32\NSI.dll
0x00007ff9a57e0000 - 0x00007ff9a57f2000 	C:\WINDOWS\System32\winrnr.dll
0x00007ff9b1be0000 - 0x00007ff9b1bea000 	C:\Windows\System32\rasadhlp.dll
0x00007ff9b0310000 - 0x00007ff9b038f000 	C:\WINDOWS\System32\fwpuclnt.dll
0x00007ff9bec70000 - 0x00007ff9bec97000 	C:\WINDOWS\System32\bcrypt.dll
0x00007ff9be000000 - 0x00007ff9be018000 	C:\WINDOWS\SYSTEM32\CRYPTSP.dll
0x00007ff9bd6b0000 - 0x00007ff9bd6e4000 	C:\WINDOWS\system32\rsaenh.dll
0x00007ff9be530000 - 0x00007ff9be55e000 	C:\WINDOWS\SYSTEM32\USERENV.dll
0x00007ff9bdff0000 - 0x00007ff9bdffc000 	C:\WINDOWS\SYSTEM32\CRYPTBASE.dll
0x00007ff9b4320000 - 0x00007ff9b4337000 	C:\WINDOWS\SYSTEM32\dhcpcsvc6.DLL
0x00007ff9b7380000 - 0x00007ff9b739d000 	C:\WINDOWS\SYSTEM32\dhcpcsvc.DLL

dbghelp: loaded successfully - version: 4.0.5 - missing functions: none
symbol engine: initialized successfully - sym options: 0x614 - pdb path: .;c:\Users\Pilar\.vscode\extensions\redhat.java-1.6.0-win32-x64\jre\17.0.2-win32-x86_64\bin;C:\WINDOWS\SYSTEM32;C:\WINDOWS\WinSxS\amd64_microsoft.windows.common-controls_6595b64144ccf1df_6.0.19041.1110_none_60b5254171f9507e;c:\Users\Pilar\.vscode\extensions\redhat.java-1.6.0-win32-x64\jre\17.0.2-win32-x86_64\bin\server

VM Arguments:
jvm_args: -Dsts.lsp.client=vscode -Dsts.log.file=/dev/null -XX:TieredStopAtLevel=1 -Dspring.config.location=file:c:\Users\Pilar\.vscode\extensions\pivotal.vscode-spring-boot-1.33.0\language-server\BOOT-INF\classes\application.properties 
java_command: org.springframework.ide.vscode.boot.app.BootLanguageServerBootApp
java_class_path (initial): c:\Users\Pilar\.vscode\extensions\pivotal.vscode-spring-boot-1.33.0\language-server\BOOT-INF\classes;c:\Users\Pilar\.vscode\extensions\pivotal.vscode-spring-boot-1.33.0\language-server\BOOT-INF\lib\antlr4-runtime-4.5.3.jar;c:\Users\Pilar\.vscode\extensions\pivotal.vscode-spring-boot-1.33.0\language-server\BOOT-INF\lib\byte-buddy-1.10.18.jar;c:\Users\Pilar\.vscode\extensions\pivotal.vscode-spring-boot-1.33.0\language-server\BOOT-INF\lib\commons-codec-1.14.jar;c:\Users\Pilar\.vscode\extensions\pivotal.vscode-spring-boot-1.33.0\language-server\BOOT-INF\lib\commons-io-2.4.jar;c:\Users\Pilar\.vscode\extensions\pivotal.vscode-spring-boot-1.33.0\language-server\BOOT-INF\lib\commons-java-1.33.0-SNAPSHOT.jar;c:\Users\Pilar\.vscode\extensions\pivotal.vscode-spring-boot-1.33.0\language-server\BOOT-INF\lib\commons-lang3-3.10.jar;c:\Users\Pilar\.vscode\extensions\pivotal.vscode-spring-boot-1.33.0\language-server\BOOT-INF\lib\commons-language-server-1.33.0-SNAPSHOT.jar;c:\Users\Pilar\.vscode\extensions\pivotal.vscode-spring-boot-1.33.0\language-server\BOOT-INF\lib\commons-lsp-extensions-1.33.0-SNAPSHOT.jar;c:\Users\Pilar\.vscode\extensions\pivotal.vscode-spring-boot-1.33.0\language-server\BOOT-INF\lib\commons-util-1.33.0-SNAPSHOT.jar;c:\Users\Pilar\.vscode\extensions\pivotal.vscode-spring-boot-1.33.0\language-server\BOOT-INF\lib\commons-yaml-1.33.0-SNAPSHOT.jar;c:\Users\Pilar\.vscode\extensions\pivotal.vscode-spring-boot-1.33.0\language-server\BOOT-INF\lib\gson-2.8.6.jar;c:\Users\Pilar\.vscode\extensions\pivotal.vscode-spring-boot-1.33.0\language-server\BOOT-INF\lib\guava-19.0.jar;c:\Users\Pilar\.vscode\extensions\pivotal.vscode-spring-boot-1.33.0\language-server\BOOT-INF\lib\jakarta.annotation-api-1.3.5.jar;c:\Users\Pilar\.vscode\extensions\pivotal.vscode-spring-boot-1.33.0\language-server\BOOT-INF\lib\jandex-2.0.5.Final.jar;c:\Users\Pilar\.vscode\extensions\pivotal.vscode-spring-boot-1.33.0\language-server\BOOT-INF\lib\java-properties-1.33.0-SNAPSHO
Launcher Type: SUN_STANDARD

[Global flags]
     intx CICompilerCount                          = 4                                         {product} {ergonomic}
     uint ConcGCThreads                            = 2                                         {product} {ergonomic}
     uint G1ConcRefinementThreads                  = 8                                         {product} {ergonomic}
   size_t G1HeapRegionSize                         = 2097152                                   {product} {ergonomic}
    uintx GCDrainStackTargetSize                   = 64                                        {product} {ergonomic}
   size_t InitialHeapSize                          = 268435456                                 {product} {ergonomic}
   size_t MarkStackSize                            = 4194304                                   {product} {ergonomic}
   size_t MaxHeapSize                              = 4278190080                                {product} {ergonomic}
   size_t MaxNewSize                               = 2566914048                                {product} {ergonomic}
   size_t MinHeapDeltaBytes                        = 2097152                                   {product} {ergonomic}
   size_t MinHeapSize                              = 8388608                                   {product} {ergonomic}
    uintx NonProfiledCodeHeapSize                  = 0                                      {pd product} {ergonomic}
     bool ProfileInterpreter                       = false                                  {pd product} {command line}
    uintx ProfiledCodeHeapSize                     = 0                                      {pd product} {ergonomic}
   size_t SoftMaxHeapSize                          = 4278190080                             {manageable} {ergonomic}
     intx TieredStopAtLevel                        = 1                                         {product} {command line}
     bool UseCompressedClassPointers               = true                           {product lp64_product} {ergonomic}
     bool UseCompressedOops                        = true                           {product lp64_product} {ergonomic}
     bool UseG1GC                                  = true                                      {product} {ergonomic}
     bool UseLargePagesIndividualAllocation        = false                                  {pd product} {ergonomic}

Logging:
Log output configuration:
 #0: stdout all=warning uptime,level,tags
 #1: stderr all=off uptime,level,tags

Environment Variables:
JAVA_HOME=C:\Program Files\Java\jdk-11.0.1
PATH=C:\Program Files (x86)\VMware\VMware Player\bin\;C:\WINDOWS\system32;C:\WINDOWS;C:\WINDOWS\System32\Wbem;C:\WINDOWS\System32\WindowsPowerShell\v1.0\;C:\WINDOWS\System32\OpenSSH\;C:\Program Files\PuTTY\;C:\Program Files\Java\jdk-11.0.2\bin;C:\Users\Pilar\Desktop\runtime\win64;C:\Users\Pilar\Desktop\bin;C:\Program Files\nodejs\;C:\SysGCC\raspberry\bin;C:\Program Files\Git\cmd;C:\Users\Pilar\Downloads\apache-maven-3.8.5-bin\apache-maven-3.8.5\bin;C:\Program Files\MySQL\MySQL Shell 8.0\bin\;C:\Users\Pilar\AppData\Local\Programs\Python\Python310\Scripts\;C:\Users\Pilar\AppData\Local\Programs\Python\Python310\;C:\Users\Pilar\python\anaconda_programa;C:\Users\Pilar\python\anaconda_programa\Library\mingw-w64\bin;C:\Users\Pilar\python\anaconda_programa\Library\usr\bin;C:\Users\Pilar\python\anaconda_programa\Library\bin;C:\Users\Pilar\python\anaconda_programa\Scripts;C:\Users\Pilar\python;C:\Users\Pilar\python\Library\mingw-w64\bin;C:\Users\Pilar\python\Library\usr\bin;C:\Users\Pilar\python\Library\bin;C:\Users\Pilar\python\Scripts;C:\Users\Pilar\AppData\Local\Microsoft\WindowsApps;C:\Users\Pilar\AppData\Local\Programs\Microsoft VS Code\bin;C:\Users\Pilar\AppData\Roaming\npm;C:\Users\Pilar\AppData\Local\GitHubDesktop\bin
USERNAME=Pilar
OS=Windows_NT
PROCESSOR_IDENTIFIER=Intel64 Family 6 Model 60 Stepping 3, GenuineIntel



---------------  S Y S T E M  ---------------

OS:
 Windows 10 , 64 bit Build 19041 (10.0.19041.1645)
OS uptime: 1 days 0:40 hours

CPU: total 8 (initial active 8) (4 cores per cpu, 2 threads per core) family 6 model 60 stepping 3 microcode 0x27, cx8, cmov, fxsr, ht, mmx, sse, sse2, sse3, ssse3, sse4.1, sse4.2, popcnt, lzcnt, tsc, tscinvbit, avx, avx2, aes, erms, clmul, bmi1, bmi2, fma, vzeroupper, clflush

Memory: 4k page, system-wide physical 16316M (2280M free)
TotalPageFile size 16316M (AvailPageFile size 10M)
current process WorkingSet (physical memory assigned to process): 170M, peak: 225M
current process commit charge ("private bytes"): 204M, peak: 364M

vm_info: OpenJDK 64-Bit Server VM (17.0.2+8) for windows-amd64 JRE (17.0.2+8), built on Jan 20 2022 04:52:34 by "" with MS VC++ 16.7 (VS2019)

END.
