#
# There is insufficient memory for the Java Runtime Environment to continue.
# Native memory allocation (mmap) failed to map 268435456 bytes for G1 virtual space
# Possible reasons:
#   The system is out of physical RAM or swap space
#   The process is running with CompressedOops enabled, and the Java Heap may be blocking the growth of the native heap
# Possible solutions:
#   Reduce memory load on the system
#   Increase physical memory or swap space
#   Check if swap backing store is full
#   Decrease Java heap size (-Xmx/-Xms)
#   Decrease number of Java threads
#   Decrease Java thread stack sizes (-Xss)
#   Set larger code cache with -XX:ReservedCodeCacheSize=
#   JVM is running with Zero Based Compressed Oops mode in which the Java heap is
#     placed in the first 32GB address space. The Java Heap base address is the
#     maximum limit for the native heap growth. Please use -XX:HeapBaseMinAddress
#     to set the Java Heap base and to place the Java Heap above 32GB virtual address.
# This output file may be truncated or incomplete.
#
#  Out of Memory Error (os_windows.cpp:3532), pid=15072, tid=22800
#
# JRE version:  (17.0.2+8) (build )
# Java VM: OpenJDK 64-Bit Server VM (17.0.2+8, mixed mode, emulated-client, sharing, tiered, compressed oops, compressed class ptrs, g1 gc, windows-amd64)
# No core dump will be written. Minidumps are not enabled by default on client versions of Windows
#

---------------  S U M M A R Y ------------

Command Line: -Dsts.lsp.client=vscode -Dsts.log.file=/dev/null -XX:TieredStopAtLevel=1 -Dspring.config.location=file:c:\Users\Pilar\.vscode\extensions\pivotal.vscode-spring-boot-1.33.0\language-server\BOOT-INF\classes\application.properties org.springframework.ide.vscode.boot.app.BootLanguageServerBootApp

Host: Intel(R) Core(TM) i7-4702MQ CPU @ 2.20GHz, 8 cores, 15G,  Windows 10 , 64 bit Build 19041 (10.0.19041.1645)
Time: Sat Apr 30 12:22:51 2022 Hora de verano romance elapsed time: 0.014541 seconds (0d 0h 0m 0s)

---------------  T H R E A D  ---------------

Current thread (0x000001d31ab535e0):  JavaThread "Unknown thread" [_thread_in_vm, id=22800, stack(0x000000c895700000,0x000000c895800000)]

Stack: [0x000000c895700000,0x000000c895800000]
Native frames: (J=compiled Java code, j=interpreted, Vv=VM code, C=native code)
V  [jvm.dll+0x67564a]
V  [jvm.dll+0x82fc04]
V  [jvm.dll+0x8313ae]
V  [jvm.dll+0x831a13]
V  [jvm.dll+0x245235]
V  [jvm.dll+0x672539]
V  [jvm.dll+0x666e82]
V  [jvm.dll+0x30401b]
V  [jvm.dll+0x30b566]
V  [jvm.dll+0x35b1fe]
V  [jvm.dll+0x35b42f]
V  [jvm.dll+0x2daf58]
V  [jvm.dll+0x2dbec4]
V  [jvm.dll+0x801881]
V  [jvm.dll+0x368f81]
V  [jvm.dll+0x7e0cdc]
V  [jvm.dll+0x3eb8bf]
V  [jvm.dll+0x3ed441]
C  [jli.dll+0x5277]
C  [ucrtbase.dll+0x21bb2]
C  [KERNEL32.DLL+0x17034]
C  [ntdll.dll+0x52651]


---------------  P R O C E S S  ---------------

Threads class SMR info:
_java_thread_list=0x00007ffbb3695e98, length=0, elements={
}

Java Threads: ( => current thread )

Other Threads:
  0x000001d31aba62d0 GCTaskThread "GC Thread#0" [stack: 0x000000c895800000,0x000000c895900000] [id=15704]
  0x000001d31abb7110 ConcurrentGCThread "G1 Main Marker" [stack: 0x000000c895900000,0x000000c895a00000] [id=24748]
  0x000001d31abb82c0 ConcurrentGCThread "G1 Conc#0" [stack: 0x000000c895a00000,0x000000c895b00000] [id=14560]

[error occurred during error reporting (printing all threads), id 0xc0000005, EXCEPTION_ACCESS_VIOLATION (0xc0000005) at pc=0x00007ffbb2e6b9d7]

VM state: not at safepoint (not fully initialized)

VM Mutex/Monitor currently owned by a thread:  ([mutex/lock_event])
[0x000001d31ab529d0] Heap_lock - owner thread: 0x000001d31ab535e0

Heap address: 0x0000000701000000, size: 4080 MB, Compressed Oops mode: Zero based, Oop shift amount: 3

CDS archive(s) mapped at: [0x0000000000000000-0x0000000000000000-0x0000000000000000), size 0, SharedBaseAddress: 0x0000000800000000, ArchiveRelocationMode: 0.
Narrow klass base: 0x0000000000000000, Narrow klass shift: 0, Narrow klass range: 0x0

GC Precious Log:
<Empty>

Heap:
 garbage-first heap   total 0K, used 0K [0x0000000701000000, 0x0000000800000000)
  region size 2048K, 0 young (0K), 0 survivors (0K)

[error occurred during error reporting (printing heap information), id 0xc0000005, EXCEPTION_ACCESS_VIOLATION (0xc0000005) at pc=0x00007ffbb324e899]

GC Heap History (0 events):
No events

Deoptimization events (0 events):
No events

Classes unloaded (0 events):
No events

Classes redefined (0 events):
No events

Internal exceptions (0 events):
No events

VM Operations (0 events):
No events

Events (1 events):
Event: 0.008 Loaded shared library c:\Users\Pilar\.vscode\extensions\redhat.java-1.5.0-win32-x64\jre\17.0.2-win32-x86_64\bin\java.dll


Dynamic libraries:
0x00007ff7622b0000 - 0x00007ff7622be000 	c:\Users\Pilar\.vscode\extensions\redhat.java-1.5.0-win32-x64\jre\17.0.2-win32-x86_64\bin\java.exe
0x00007ffc12330000 - 0x00007ffc12525000 	C:\WINDOWS\SYSTEM32\ntdll.dll
0x00007ffc10590000 - 0x00007ffc1064e000 	C:\WINDOWS\System32\KERNEL32.DLL
0x00007ffc0fb00000 - 0x00007ffc0fdc8000 	C:\WINDOWS\System32\KERNELBASE.dll
0x00007ffc0fee0000 - 0x00007ffc0ffe0000 	C:\WINDOWS\System32\ucrtbase.dll
0x00007ffbe7530000 - 0x00007ffbe7549000 	c:\Users\Pilar\.vscode\extensions\redhat.java-1.5.0-win32-x64\jre\17.0.2-win32-x86_64\bin\VCRUNTIME140.dll
0x00007ffbe78f0000 - 0x00007ffbe7908000 	c:\Users\Pilar\.vscode\extensions\redhat.java-1.5.0-win32-x64\jre\17.0.2-win32-x86_64\bin\jli.dll
0x00007ffc10650000 - 0x00007ffc107f0000 	C:\WINDOWS\System32\USER32.dll
0x00007ffc018d0000 - 0x00007ffc01b6a000 	C:\WINDOWS\WinSxS\amd64_microsoft.windows.common-controls_6595b64144ccf1df_6.0.19041.1110_none_60b5254171f9507e\COMCTL32.dll
0x00007ffc10050000 - 0x00007ffc10072000 	C:\WINDOWS\System32\win32u.dll
0x00007ffc104f0000 - 0x00007ffc1058e000 	C:\WINDOWS\System32\msvcrt.dll
0x00007ffc10390000 - 0x00007ffc103ba000 	C:\WINDOWS\System32\GDI32.dll
0x00007ffc0fdd0000 - 0x00007ffc0fedb000 	C:\WINDOWS\System32\gdi32full.dll
0x00007ffc10080000 - 0x00007ffc1011d000 	C:\WINDOWS\System32\msvcp_win.dll
0x00007ffc12190000 - 0x00007ffc121c0000 	C:\WINDOWS\System32\IMM32.DLL
0x00007ffbe8680000 - 0x00007ffbe868c000 	c:\Users\Pilar\.vscode\extensions\redhat.java-1.5.0-win32-x64\jre\17.0.2-win32-x86_64\bin\vcruntime140_1.dll
0x00007ffbc1810000 - 0x00007ffbc18a1000 	c:\Users\Pilar\.vscode\extensions\redhat.java-1.5.0-win32-x64\jre\17.0.2-win32-x86_64\bin\msvcp140.dll
0x00007ffbb2b80000 - 0x00007ffbb37c7000 	c:\Users\Pilar\.vscode\extensions\redhat.java-1.5.0-win32-x64\jre\17.0.2-win32-x86_64\bin\server\jvm.dll
0x00007ffc11d80000 - 0x00007ffc11e2e000 	C:\WINDOWS\System32\ADVAPI32.dll
0x00007ffc11010000 - 0x00007ffc110ac000 	C:\WINDOWS\System32\sechost.dll
0x00007ffc103c0000 - 0x00007ffc104e5000 	C:\WINDOWS\System32\RPCRT4.dll
0x00007ffc11d70000 - 0x00007ffc11d78000 	C:\WINDOWS\System32\PSAPI.DLL
0x00007ffc03440000 - 0x00007ffc03467000 	C:\WINDOWS\SYSTEM32\WINMM.dll
0x00007ffc08800000 - 0x00007ffc0880a000 	C:\WINDOWS\SYSTEM32\VERSION.dll
0x00007ffbdb870000 - 0x00007ffbdb879000 	C:\WINDOWS\SYSTEM32\WSOCK32.dll
0x00007ffc11820000 - 0x00007ffc1188b000 	C:\WINDOWS\System32\WS2_32.dll
0x00007ffc0db50000 - 0x00007ffc0db62000 	C:\WINDOWS\SYSTEM32\kernel.appcore.dll
0x00007ffbeda50000 - 0x00007ffbeda5a000 	c:\Users\Pilar\.vscode\extensions\redhat.java-1.5.0-win32-x64\jre\17.0.2-win32-x86_64\bin\jimage.dll
0x00007ffc035d0000 - 0x00007ffc037b4000 	C:\WINDOWS\SYSTEM32\DBGHELP.DLL
0x00007ffbfe3b0000 - 0x00007ffbfe3dc000 	C:\WINDOWS\SYSTEM32\dbgcore.DLL
0x00007ffc10280000 - 0x00007ffc10302000 	C:\WINDOWS\System32\bcryptPrimitives.dll
0x00007ffbd4b00000 - 0x00007ffbd4b25000 	c:\Users\Pilar\.vscode\extensions\redhat.java-1.5.0-win32-x64\jre\17.0.2-win32-x86_64\bin\java.dll

dbghelp: loaded successfully - version: 4.0.5 - missing functions: none
symbol engine: initialized successfully - sym options: 0x614 - pdb path: .;c:\Users\Pilar\.vscode\extensions\redhat.java-1.5.0-win32-x64\jre\17.0.2-win32-x86_64\bin;C:\WINDOWS\SYSTEM32;C:\WINDOWS\WinSxS\amd64_microsoft.windows.common-controls_6595b64144ccf1df_6.0.19041.1110_none_60b5254171f9507e;c:\Users\Pilar\.vscode\extensions\redhat.java-1.5.0-win32-x64\jre\17.0.2-win32-x86_64\bin\server

VM Arguments:
jvm_args: -Dsts.lsp.client=vscode -Dsts.log.file=/dev/null -XX:TieredStopAtLevel=1 -Dspring.config.location=file:c:\Users\Pilar\.vscode\extensions\pivotal.vscode-spring-boot-1.33.0\language-server\BOOT-INF\classes\application.properties 
java_command: org.springframework.ide.vscode.boot.app.BootLanguageServerBootApp
java_class_path (initial): c:\Users\Pilar\.vscode\extensions\pivotal.vscode-spring-boot-1.33.0\language-server\BOOT-INF\classes;c:\Users\Pilar\.vscode\extensions\pivotal.vscode-spring-boot-1.33.0\language-server\BOOT-INF\lib\antlr4-runtime-4.5.3.jar;c:\Users\Pilar\.vscode\extensions\pivotal.vscode-spring-boot-1.33.0\language-server\BOOT-INF\lib\byte-buddy-1.10.18.jar;c:\Users\Pilar\.vscode\extensions\pivotal.vscode-spring-boot-1.33.0\language-server\BOOT-INF\lib\commons-codec-1.14.jar;c:\Users\Pilar\.vscode\extensions\pivotal.vscode-spring-boot-1.33.0\language-server\BOOT-INF\lib\commons-io-2.4.jar;c:\Users\Pilar\.vscode\extensions\pivotal.vscode-spring-boot-1.33.0\language-server\BOOT-INF\lib\commons-java-1.33.0-SNAPSHOT.jar;c:\Users\Pilar\.vscode\extensions\pivotal.vscode-spring-boot-1.33.0\language-server\BOOT-INF\lib\commons-lang3-3.10.jar;c:\Users\Pilar\.vscode\extensions\pivotal.vscode-spring-boot-1.33.0\language-server\BOOT-INF\lib\commons-language-server-1.33.0-SNAPSHOT.jar;c:\Users\Pilar\.vscode\extensions\pivotal.vscode-spring-boot-1.33.0\language-server\BOOT-INF\lib\commons-lsp-extensions-1.33.0-SNAPSHOT.jar;c:\Users\Pilar\.vscode\extensions\pivotal.vscode-spring-boot-1.33.0\language-server\BOOT-INF\lib\commons-util-1.33.0-SNAPSHOT.jar;c:\Users\Pilar\.vscode\extensions\pivotal.vscode-spring-boot-1.33.0\language-server\BOOT-INF\lib\commons-yaml-1.33.0-SNAPSHOT.jar;c:\Users\Pilar\.vscode\extensions\pivotal.vscode-spring-boot-1.33.0\language-server\BOOT-INF\lib\gson-2.8.6.jar;c:\Users\Pilar\.vscode\extensions\pivotal.vscode-spring-boot-1.33.0\language-server\BOOT-INF\lib\guava-19.0.jar;c:\Users\Pilar\.vscode\extensions\pivotal.vscode-spring-boot-1.33.0\language-server\BOOT-INF\lib\jakarta.annotation-api-1.3.5.jar;c:\Users\Pilar\.vscode\extensions\pivotal.vscode-spring-boot-1.33.0\language-server\BOOT-INF\lib\jandex-2.0.5.Final.jar;c:\Users\Pilar\.vscode\extensions\pivotal.vscode-spring-boot-1.33.0\language-server\BOOT-INF\lib\java-properties-1.33.0-SNAPSHO
Launcher Type: SUN_STANDARD

[Global flags]
     intx CICompilerCount                          = 4                                         {product} {ergonomic}
     uint ConcGCThreads                            = 2                                         {product} {ergonomic}
     uint G1ConcRefinementThreads                  = 8                                         {product} {ergonomic}
   size_t G1HeapRegionSize                         = 2097152                                   {product} {ergonomic}
    uintx GCDrainStackTargetSize                   = 64                                        {product} {ergonomic}
   size_t InitialHeapSize                          = 268435456                                 {product} {ergonomic}
   size_t MarkStackSize                            = 4194304                                   {product} {ergonomic}
   size_t MaxHeapSize                              = 4278190080                                {product} {ergonomic}
   size_t MinHeapDeltaBytes                        = 2097152                                   {product} {ergonomic}
   size_t MinHeapSize                              = 8388608                                   {product} {ergonomic}
    uintx NonProfiledCodeHeapSize                  = 0                                      {pd product} {ergonomic}
     bool ProfileInterpreter                       = false                                  {pd product} {command line}
    uintx ProfiledCodeHeapSize                     = 0                                      {pd product} {ergonomic}
   size_t SoftMaxHeapSize                          = 4278190080                             {manageable} {ergonomic}
     intx TieredStopAtLevel                        = 1                                         {product} {command line}
     bool UseCompressedClassPointers               = true                           {product lp64_product} {ergonomic}
     bool UseCompressedOops                        = true                           {product lp64_product} {ergonomic}
     bool UseG1GC                                  = true                                      {product} {ergonomic}
     bool UseLargePagesIndividualAllocation        = false                                  {pd product} {ergonomic}

Logging:
Log output configuration:
 #0: stdout all=warning uptime,level,tags
 #1: stderr all=off uptime,level,tags

Environment Variables:
JAVA_HOME=C:\Program Files\Java\jdk-11.0.1
PATH=C:\Program Files (x86)\VMware\VMware Player\bin\;C:\WINDOWS\system32;C:\WINDOWS;C:\WINDOWS\System32\Wbem;C:\WINDOWS\System32\WindowsPowerShell\v1.0\;C:\WINDOWS\System32\OpenSSH\;C:\Program Files\PuTTY\;C:\Program Files\Java\jdk-11.0.2\bin;C:\Users\Pilar\Desktop\runtime\win64;C:\Users\Pilar\Desktop\bin;C:\Program Files\nodejs\;C:\SysGCC\raspberry\bin;C:\Program Files\Git\cmd;C:\Program Files\MySQL\MySQL Shell 8.0\bin\;C:\Users\Pilar\AppData\Local\Programs\Python\Python310\Scripts\;C:\Users\Pilar\AppData\Local\Programs\Python\Python310\;C:\Users\Pilar\python\anaconda_programa;C:\Users\Pilar\python\anaconda_programa\Library\mingw-w64\bin;C:\Users\Pilar\python\anaconda_programa\Library\usr\bin;C:\Users\Pilar\python\anaconda_programa\Library\bin;C:\Users\Pilar\python\anaconda_programa\Scripts;C:\Users\Pilar\python;C:\Users\Pilar\python\Library\mingw-w64\bin;C:\Users\Pilar\python\Library\usr\bin;C:\Users\Pilar\python\Library\bin;C:\Users\Pilar\python\Scripts;C:\Users\Pilar\AppData\Local\Microsoft\WindowsApps;C:\Users\Pilar\AppData\Local\Programs\Microsoft VS Code\bin;C:\Users\Pilar\AppData\Roaming\npm;
USERNAME=Pilar
OS=Windows_NT
PROCESSOR_IDENTIFIER=Intel64 Family 6 Model 60 Stepping 3, GenuineIntel



---------------  S Y S T E M  ---------------

OS:
 Windows 10 , 64 bit Build 19041 (10.0.19041.1645)
OS uptime: 0 days 19:15 hours

CPU: total 8 (initial active 8) (4 cores per cpu, 2 threads per core) family 6 model 60 stepping 3 microcode 0x27, cx8, cmov, fxsr, ht, mmx, sse, sse2, sse3, ssse3, sse4.1, sse4.2, popcnt, lzcnt, tsc, tscinvbit, avx, avx2, aes, erms, clmul, bmi1, bmi2, fma, vzeroupper, clflush

Memory: 4k page, system-wide physical 16316M (2127M free)
TotalPageFile size 16316M (AvailPageFile size 101M)
current process WorkingSet (physical memory assigned to process): 10M, peak: 10M
current process commit charge ("private bytes"): 55M, peak: 311M

vm_info: OpenJDK 64-Bit Server VM (17.0.2+8) for windows-amd64 JRE (17.0.2+8), built on Jan 20 2022 04:52:34 by "" with MS VC++ 16.7 (VS2019)

END.
